.\Release\canallogger.bsc
C:\Users\akhe\Documents\development\m2m\src\vscp\Build\Releasecanallogger.dll
C:\Users\akhe\Documents\development\m2m\src\vscp\drivers\level1\logger\win32\.\Release\canallogger.dll
C:\Users\akhe\Documents\development\m2m\src\vscp\drivers\level1\logger\win32\.\Release\canallogger.dll.intermediate.manifest
C:\Users\akhe\Documents\development\m2m\src\vscp\drivers\level1\logger\win32\Release\BscMake.command.1.tlog
C:\Users\akhe\Documents\development\m2m\src\vscp\drivers\level1\logger\win32\Release\bscmake.read.1.tlog
C:\Users\akhe\Documents\development\m2m\src\vscp\drivers\level1\logger\win32\Release\bscmake.write.1.tlog
C:\USERS\AKHE\DOCUMENTS\DEVELOPMENT\M2M\SRC\VSCP\DRIVERS\LEVEL1\LOGGER\WIN32\RELEASE\CANALLOGGER.BSC
C:\USERS\AKHE\DOCUMENTS\DEVELOPMENT\M2M\SRC\VSCP\DRIVERS\LEVEL1\LOGGER\WIN32\RELEASE\CANALLOGGER.DLL
C:\USERS\AKHE\DOCUMENTS\DEVELOPMENT\M2M\SRC\VSCP\DRIVERS\LEVEL1\LOGGER\WIN32\RELEASE\CANALLOGGER.DLL.INTERMEDIATE.MANIFEST
C:\Users\akhe\Documents\development\m2m\src\vscp\drivers\level1\logger\win32\Release\canallogger.exp
C:\Users\akhe\Documents\development\m2m\src\vscp\drivers\level1\logger\win32\Release\canallogger.lib
C:\USERS\AKHE\DOCUMENTS\DEVELOPMENT\M2M\SRC\VSCP\DRIVERS\LEVEL1\LOGGER\WIN32\RELEASE\CANALLOGGER.OBJ
C:\USERS\AKHE\DOCUMENTS\DEVELOPMENT\M2M\SRC\VSCP\DRIVERS\LEVEL1\LOGGER\WIN32\RELEASE\CANALLOGGER.SBR
C:\Users\akhe\Documents\development\m2m\src\vscp\drivers\level1\logger\win32\Release\canallogger.write.1.tlog
C:\Users\akhe\Documents\development\m2m\src\vscp\drivers\level1\logger\win32\Release\cl.command.1.tlog
C:\Users\akhe\Documents\development\m2m\src\vscp\drivers\level1\logger\win32\Release\CL.read.1.tlog
C:\Users\akhe\Documents\development\m2m\src\vscp\drivers\level1\logger\win32\Release\CL.write.1.tlog
C:\USERS\AKHE\DOCUMENTS\DEVELOPMENT\M2M\SRC\VSCP\DRIVERS\LEVEL1\LOGGER\WIN32\RELEASE\DLLDRVOBJ.OBJ
C:\USERS\AKHE\DOCUMENTS\DEVELOPMENT\M2M\SRC\VSCP\DRIVERS\LEVEL1\LOGGER\WIN32\RELEASE\DLLDRVOBJ.SBR
C:\USERS\AKHE\DOCUMENTS\DEVELOPMENT\M2M\SRC\VSCP\DRIVERS\LEVEL1\LOGGER\WIN32\RELEASE\DLLIST.OBJ
C:\USERS\AKHE\DOCUMENTS\DEVELOPMENT\M2M\SRC\VSCP\DRIVERS\LEVEL1\LOGGER\WIN32\RELEASE\DLLIST.SBR
C:\Users\akhe\Documents\development\m2m\src\vscp\drivers\level1\logger\win32\Release\link.command.1.tlog
C:\Users\akhe\Documents\development\m2m\src\vscp\drivers\level1\logger\win32\Release\link.read.1.tlog
C:\Users\akhe\Documents\development\m2m\src\vscp\drivers\level1\logger\win32\Release\link.write.1.tlog
C:\USERS\AKHE\DOCUMENTS\DEVELOPMENT\M2M\SRC\VSCP\DRIVERS\LEVEL1\LOGGER\WIN32\RELEASE\LOG.OBJ
C:\USERS\AKHE\DOCUMENTS\DEVELOPMENT\M2M\SRC\VSCP\DRIVERS\LEVEL1\LOGGER\WIN32\RELEASE\LOG.SBR
C:\Users\akhe\Documents\development\m2m\src\vscp\drivers\level1\logger\win32\Release\mt.command.1.tlog
C:\Users\akhe\Documents\development\m2m\src\vscp\drivers\level1\logger\win32\Release\mt.read.1.tlog
C:\Users\akhe\Documents\development\m2m\src\vscp\drivers\level1\logger\win32\Release\mt.write.1.tlog
C:\USERS\AKHE\DOCUMENTS\DEVELOPMENT\M2M\SRC\VSCP\DRIVERS\LEVEL1\LOGGER\WIN32\RELEASE\VC100.PDB
