Build started 2012-09-03 11:49:43.
     1>Project "C:\Users\akhe\Documents\development\m2m\src\vscp\drivers\level2\websocket\win32\websocketdrv.vcxproj" on node 2 (build target(s)).
     1>InitializeBuildStatus:
         Creating ".\Release\websocketdrv.unsuccessfulbuild" because "AlwaysCreate" was specified.
       ClCompile:
         All outputs are up-to-date.
         All outputs are up-to-date.
       Link:
         All outputs are up-to-date.
         websocketdrv.vcxproj -> C:\Users\akhe\Documents\development\m2m\src\vscp\drivers\level2\websocket\win32\.\Release\websocketdrv.dll
       BscMake:
         All outputs are up-to-date.
       CustomBuildStep:
         Description: Performing Custom Build Step
         echo on
         mkdir "C:\Users\akhe\Documents\development\m2m\src\vscp\Build"
         mkdir "C:\Users\akhe\Documents\development\m2m\src\vscp\Build\Release"
         if exist "C:\Users\akhe\Documents\development\m2m\src\vscp\Build\Release" copy /Y "C:\Users\akhe\Documents\development\m2m\src\vscp\drivers\level2\websocket\win32\.\Release\websocketdrv.dll"  "C:\Users\akhe\Documents\development\m2m\src\vscp\Build\Release"
         if exist "C:\Users\akhe\Documents\development\m2m\src\vscp\Build\Release" copy /Y ".\Release\/websocketdrv.lib"  "C:\Users\akhe\Documents\development\m2m\src\vscp\Build\Release"
         :VCEnd
         A subdirectory or file C:\Users\akhe\Documents\development\m2m\src\vscp\Build already exists.
         A subdirectory or file C:\Users\akhe\Documents\development\m2m\src\vscp\Build\Release already exists.
                 1 file(s) copied.
                 1 file(s) copied.
       FinalizeBuildStatus:
         Deleting file ".\Release\websocketdrv.unsuccessfulbuild".
         Touching ".\Release\websocketdrv.lastbuildstate".
     1>Done Building Project "C:\Users\akhe\Documents\development\m2m\src\vscp\drivers\level2\websocket\win32\websocketdrv.vcxproj" (build target(s)).

Build succeeded.

Time Elapsed 00:00:00.32
