C:\Users\akhe\Documents\development\m2m\src\vscp\Build\Releasewebsocketdrv.dll
C:\Users\akhe\Documents\development\m2m\src\vscp\drivers\level2\websocket\win32\.\Release\websocketdrv.dll
C:\Users\akhe\Documents\development\m2m\src\vscp\drivers\level2\websocket\win32\.\Release\websocketdrv.dll.intermediate.manifest
C:\Users\akhe\Documents\development\m2m\src\vscp\drivers\level2\websocket\win32\Release\BscMake.command.1.tlog
C:\Users\akhe\Documents\development\m2m\src\vscp\drivers\level2\websocket\win32\Release\bscmake.read.1.tlog
C:\Users\akhe\Documents\development\m2m\src\vscp\drivers\level2\websocket\win32\Release\bscmake.write.1.tlog
C:\Users\akhe\Documents\development\m2m\src\vscp\drivers\level2\websocket\win32\Release\cl.command.1.tlog
C:\Users\akhe\Documents\development\m2m\src\vscp\drivers\level2\websocket\win32\Release\CL.read.1.tlog
C:\Users\akhe\Documents\development\m2m\src\vscp\drivers\level2\websocket\win32\Release\CL.write.1.tlog
C:\USERS\AKHE\DOCUMENTS\DEVELOPMENT\M2M\SRC\VSCP\DRIVERS\LEVEL2\WEBSOCKET\WIN32\RELEASE\CRC.OBJ
C:\USERS\AKHE\DOCUMENTS\DEVELOPMENT\M2M\SRC\VSCP\DRIVERS\LEVEL2\WEBSOCKET\WIN32\RELEASE\CRC.SBR
C:\USERS\AKHE\DOCUMENTS\DEVELOPMENT\M2M\SRC\VSCP\DRIVERS\LEVEL2\WEBSOCKET\WIN32\RELEASE\DLLDRVOBJ.OBJ
C:\USERS\AKHE\DOCUMENTS\DEVELOPMENT\M2M\SRC\VSCP\DRIVERS\LEVEL2\WEBSOCKET\WIN32\RELEASE\DLLDRVOBJ.SBR
C:\USERS\AKHE\DOCUMENTS\DEVELOPMENT\M2M\SRC\VSCP\DRIVERS\LEVEL2\WEBSOCKET\WIN32\RELEASE\GUID.OBJ
C:\USERS\AKHE\DOCUMENTS\DEVELOPMENT\M2M\SRC\VSCP\DRIVERS\LEVEL2\WEBSOCKET\WIN32\RELEASE\GUID.SBR
C:\Users\akhe\Documents\development\m2m\src\vscp\drivers\level2\websocket\win32\Release\link.command.1.tlog
C:\Users\akhe\Documents\development\m2m\src\vscp\drivers\level2\websocket\win32\Release\link.read.1.tlog
C:\Users\akhe\Documents\development\m2m\src\vscp\drivers\level2\websocket\win32\Release\link.write.1.tlog
C:\Users\akhe\Documents\development\m2m\src\vscp\drivers\level2\websocket\win32\Release\mt.command.1.tlog
C:\Users\akhe\Documents\development\m2m\src\vscp\drivers\level2\websocket\win32\Release\mt.read.1.tlog
C:\Users\akhe\Documents\development\m2m\src\vscp\drivers\level2\websocket\win32\Release\mt.write.1.tlog
C:\USERS\AKHE\DOCUMENTS\DEVELOPMENT\M2M\SRC\VSCP\DRIVERS\LEVEL2\WEBSOCKET\WIN32\RELEASE\RAWETHERNET.BSC
C:\USERS\AKHE\DOCUMENTS\DEVELOPMENT\M2M\SRC\VSCP\DRIVERS\LEVEL2\WEBSOCKET\WIN32\RELEASE\VC100.PDB
C:\USERS\AKHE\DOCUMENTS\DEVELOPMENT\M2M\SRC\VSCP\DRIVERS\LEVEL2\WEBSOCKET\WIN32\RELEASE\WEBSOCKETDRV.DLL
C:\USERS\AKHE\DOCUMENTS\DEVELOPMENT\M2M\SRC\VSCP\DRIVERS\LEVEL2\WEBSOCKET\WIN32\RELEASE\WEBSOCKETDRV.DLL.INTERMEDIATE.MANIFEST
C:\Users\akhe\Documents\development\m2m\src\vscp\drivers\level2\websocket\win32\Release\websocketdrv.exp
C:\Users\akhe\Documents\development\m2m\src\vscp\drivers\level2\websocket\win32\Release\websocketdrv.lib
C:\USERS\AKHE\DOCUMENTS\DEVELOPMENT\M2M\SRC\VSCP\DRIVERS\LEVEL2\WEBSOCKET\WIN32\RELEASE\WEBSOCKETDRV.OBJ
C:\USERS\AKHE\DOCUMENTS\DEVELOPMENT\M2M\SRC\VSCP\DRIVERS\LEVEL2\WEBSOCKET\WIN32\RELEASE\WEBSOCKETDRV.SBR
C:\Users\akhe\Documents\development\m2m\src\vscp\drivers\level2\websocket\win32\Release\websocketdrv.write.1.tlog
C:\USERS\AKHE\DOCUMENTS\DEVELOPMENT\M2M\SRC\VSCP\DRIVERS\LEVEL2\WEBSOCKET\WIN32\RELEASE\VSCPHELPER.OBJ
C:\USERS\AKHE\DOCUMENTS\DEVELOPMENT\M2M\SRC\VSCP\DRIVERS\LEVEL2\WEBSOCKET\WIN32\RELEASE\VSCPHELPER.SBR
C:\USERS\AKHE\DOCUMENTS\DEVELOPMENT\M2M\SRC\VSCP\DRIVERS\LEVEL2\WEBSOCKET\WIN32\RELEASE\VSCPTCPIF.OBJ
C:\USERS\AKHE\DOCUMENTS\DEVELOPMENT\M2M\SRC\VSCP\DRIVERS\LEVEL2\WEBSOCKET\WIN32\RELEASE\VSCPTCPIF.SBR
