Build started 2012-06-18 11:00:48.
     1>Project "C:\Users\akhe\Documents\development\m2m\src\vscp\mkpasswd\mkpasswd.vcxproj" on node 2 (rebuild target(s)).
     1>_PrepareForClean:
         Deleting file ".\Debug\mkpasswd.lastbuildstate".
       InitializeBuildStatus:
         Creating ".\Debug\mkpasswd.unsuccessfulbuild" because "AlwaysCreate" was specified.
       ClCompile:
         c:\Program Files (x86)\Microsoft Visual Studio 10.0\VC\bin\CL.exe /c /I"C:\wxWidgets-2.8.12\include\msvc" /I"C:\wxWidgets-2.8.12\include\\" /Zi /nologo /W3 /WX- /Od /Oy- /D _CRT_NONSTDC_NO_DEPRECATE /D _CRT_SECURE_NO_DEPRECATE /D _DEBUG /D WIN32 /D _CONSOLE /D _WIN32_WINNT=0x0500 /D "_MT _DEBUG" /D wxUSE_GUI=0 /D __WXDEBUG__ /D WXDEBUG=1 /D _VC80_UPGRADE=0x0600 /D _UNICODE /D UNICODE /Gm- /EHsc /MDd /GS /Gy- /fp:precise /Zc:wchar_t /Zc:forScope /Fo".\Debug\\" /Fd".\Debug\vc100.pdb" /FR".\Debug\\" /Gd /TP /analyze- /errorReport:prompt ..\..\common\md5.cpp mkpasswd.cpp
         md5.cpp
         mkpasswd.cpp
         Generating Code...
       ManifestResourceCompile:
         C:\Program Files (x86)\Microsoft SDKs\Windows\v7.0A\bin\rc.exe /nologo /fo".\Debug\mkpasswd.exe.embed.manifest.res" .\Debug\mkpasswd_manifest.rc 
       Link:
         c:\Program Files (x86)\Microsoft Visual Studio 10.0\VC\bin\link.exe /ERRORREPORT:PROMPT /OUT:"Debug/mkpasswd.exe" /INCREMENTAL /NOLOGO /LIBPATH:"C:\wxWidgets-2.8.12\lib\vc_lib" comctl32.lib wsock32.lib netapi32.lib rpcrt4.lib kernel32.lib user32.lib gdi32.lib winspool.lib comdlg32.lib advapi32.lib shell32.lib ole32.lib oleaut32.lib uuid.lib odbc32.lib odbccp32.lib /MANIFEST /ManifestFile:".\Debug\mkpasswd.exe.intermediate.manifest" /MANIFESTUAC:"level='asInvoker' uiAccess='false'" /DEBUG /PDB:"C:\Users\akhe\Documents\development\m2m\src\vscp\mkpasswd\Debug\mkpasswd.pdb" /SUBSYSTEM:CONSOLE /TLBID:1 /DYNAMICBASE /NXCOMPAT /IMPLIB:".\Debug\mkpasswd.lib" /MACHINE:X86 .\Debug\mkpasswd.exe.embed.manifest.res
         .\Debug\md5.obj
         .\Debug\mkpasswd.obj
       Manifest:
         Deleting file ".\Debug\mkpasswd.exe.embed.manifest".
         C:\Program Files (x86)\Microsoft SDKs\Windows\v7.0A\bin\mt.exe /nologo /verbose /out:".\Debug\mkpasswd.exe.embed.manifest" /manifest .\Debug\mkpasswd.exe.intermediate.manifest
         C:\Program Files (x86)\Microsoft SDKs\Windows\v7.0A\bin\rc.exe /nologo /fo".\Debug\mkpasswd.exe.embed.manifest.res" .\Debug\mkpasswd_manifest.rc 
       LinkEmbedManifest:
         c:\Program Files (x86)\Microsoft Visual Studio 10.0\VC\bin\link.exe /ERRORREPORT:PROMPT /OUT:"Debug/mkpasswd.exe" /INCREMENTAL /NOLOGO /LIBPATH:"C:\wxWidgets-2.8.12\lib\vc_lib" comctl32.lib wsock32.lib netapi32.lib rpcrt4.lib kernel32.lib user32.lib gdi32.lib winspool.lib comdlg32.lib advapi32.lib shell32.lib ole32.lib oleaut32.lib uuid.lib odbc32.lib odbccp32.lib /MANIFEST /ManifestFile:".\Debug\mkpasswd.exe.intermediate.manifest" /MANIFESTUAC:"level='asInvoker' uiAccess='false'" /DEBUG /PDB:"C:\Users\akhe\Documents\development\m2m\src\vscp\mkpasswd\Debug\mkpasswd.pdb" /SUBSYSTEM:CONSOLE /TLBID:1 /DYNAMICBASE /NXCOMPAT /IMPLIB:".\Debug\mkpasswd.lib" /MACHINE:X86 .\Debug\mkpasswd.exe.embed.manifest.res
         .\Debug\md5.obj
         .\Debug\mkpasswd.obj
         mkpasswd.vcxproj -> C:\Users\akhe\Documents\development\m2m\src\vscp\mkpasswd\.\Debug\mkpasswd.exe
       BscMake:
         c:\Program Files (x86)\Microsoft Visual Studio 10.0\VC\bin\bscmake.exe /nologo /o".\Debug\mkpasswd.bsc" .\Debug\md5.sbr .\Debug\mkpasswd.sbr
       CustomBuildStep:
         Description: Performing Custom Build Step
         echo on
         mkdir "C:\Users\akhe\Documents\development\m2m\src\vscp\Build"
         mkdir "C:\Users\akhe\Documents\development\m2m\src\vscp\Build\Debug"
         if exist "C:\Users\akhe\Documents\development\m2m\src\vscp\Build\Debug" copy /Y "C:\Users\akhe\Documents\development\m2m\src\vscp\mkpasswd\.\Debug\mkpasswd.exe"  "C:\Users\akhe\Documents\development\m2m\src\vscp\Build\Debug"
         :VCEnd
         A subdirectory or file C:\Users\akhe\Documents\development\m2m\src\vscp\Build already exists.
         A subdirectory or file C:\Users\akhe\Documents\development\m2m\src\vscp\Build\Debug already exists.
                 1 file(s) copied.
       FinalizeBuildStatus:
         Deleting file ".\Debug\mkpasswd.unsuccessfulbuild".
         Touching ".\Debug\mkpasswd.lastbuildstate".
     1>Done Building Project "C:\Users\akhe\Documents\development\m2m\src\vscp\mkpasswd\mkpasswd.vcxproj" (rebuild target(s)).

Build succeeded.

Time Elapsed 00:00:08.78
