.\Debug\mkpasswd.bsc
.\Debug\mkpasswd.ilk
.\Debug\mkpasswd.pdb
C:\Users\akhe\Documents\development\m2m\src\vscp\Build\Debugmkpasswd.exe
C:\Users\akhe\Documents\development\m2m\src\vscp\mkpasswd\.\Debug\mkpasswd.exe
C:\Users\akhe\Documents\development\m2m\src\vscp\mkpasswd\.\Debug\mkpasswd.exe.intermediate.manifest
C:\Users\akhe\Documents\development\m2m\src\vscp\mkpasswd\Debug\BscMake.command.1.tlog
C:\Users\akhe\Documents\development\m2m\src\vscp\mkpasswd\Debug\bscmake.read.1.tlog
C:\Users\akhe\Documents\development\m2m\src\vscp\mkpasswd\Debug\bscmake.write.1.tlog
C:\Users\akhe\Documents\development\m2m\src\vscp\mkpasswd\Debug\cl.command.1.tlog
C:\Users\akhe\Documents\development\m2m\src\vscp\mkpasswd\Debug\CL.read.1.tlog
C:\Users\akhe\Documents\development\m2m\src\vscp\mkpasswd\Debug\CL.write.1.tlog
C:\Users\akhe\Documents\development\m2m\src\vscp\mkpasswd\Debug\link.4024.read.1.tlog
C:\Users\akhe\Documents\development\m2m\src\vscp\mkpasswd\Debug\link.4024.write.1.tlog
C:\Users\akhe\Documents\development\m2m\src\vscp\mkpasswd\Debug\link.4024-cvtres.read.1.tlog
C:\Users\akhe\Documents\development\m2m\src\vscp\mkpasswd\Debug\link.4024-cvtres.write.1.tlog
C:\Users\akhe\Documents\development\m2m\src\vscp\mkpasswd\Debug\link.5752.read.1.tlog
C:\Users\akhe\Documents\development\m2m\src\vscp\mkpasswd\Debug\link.5752.write.1.tlog
C:\Users\akhe\Documents\development\m2m\src\vscp\mkpasswd\Debug\link.5752-cvtres.read.1.tlog
C:\Users\akhe\Documents\development\m2m\src\vscp\mkpasswd\Debug\link.5752-cvtres.write.1.tlog
C:\Users\akhe\Documents\development\m2m\src\vscp\mkpasswd\Debug\link.6896.read.1.tlog
C:\Users\akhe\Documents\development\m2m\src\vscp\mkpasswd\Debug\link.6896.write.1.tlog
C:\Users\akhe\Documents\development\m2m\src\vscp\mkpasswd\Debug\link.6896-cvtres.read.1.tlog
C:\Users\akhe\Documents\development\m2m\src\vscp\mkpasswd\Debug\link.6896-cvtres.write.1.tlog
C:\Users\akhe\Documents\development\m2m\src\vscp\mkpasswd\Debug\link.command.1.tlog
C:\Users\akhe\Documents\development\m2m\src\vscp\mkpasswd\Debug\link.read.1.tlog
C:\Users\akhe\Documents\development\m2m\src\vscp\mkpasswd\Debug\link.write.1.tlog
C:\Users\akhe\Documents\development\m2m\src\vscp\mkpasswd\Debug\link-cvtres.read.1.tlog
C:\Users\akhe\Documents\development\m2m\src\vscp\mkpasswd\Debug\link-cvtres.write.1.tlog
C:\USERS\AKHE\DOCUMENTS\DEVELOPMENT\M2M\SRC\VSCP\MKPASSWD\DEBUG\MD5.OBJ
C:\USERS\AKHE\DOCUMENTS\DEVELOPMENT\M2M\SRC\VSCP\MKPASSWD\DEBUG\MD5.SBR
C:\USERS\AKHE\DOCUMENTS\DEVELOPMENT\M2M\SRC\VSCP\MKPASSWD\DEBUG\MKPASSWD.BSC
C:\USERS\AKHE\DOCUMENTS\DEVELOPMENT\M2M\SRC\VSCP\MKPASSWD\DEBUG\MKPASSWD.EXE
C:\USERS\AKHE\DOCUMENTS\DEVELOPMENT\M2M\SRC\VSCP\MKPASSWD\DEBUG\MKPASSWD.EXE.EMBED.MANIFEST
C:\USERS\AKHE\DOCUMENTS\DEVELOPMENT\M2M\SRC\VSCP\MKPASSWD\DEBUG\MKPASSWD.EXE.EMBED.MANIFEST.RES
C:\USERS\AKHE\DOCUMENTS\DEVELOPMENT\M2M\SRC\VSCP\MKPASSWD\DEBUG\MKPASSWD.EXE.INTERMEDIATE.MANIFEST
C:\USERS\AKHE\DOCUMENTS\DEVELOPMENT\M2M\SRC\VSCP\MKPASSWD\DEBUG\MKPASSWD.ILK
C:\USERS\AKHE\DOCUMENTS\DEVELOPMENT\M2M\SRC\VSCP\MKPASSWD\DEBUG\MKPASSWD.OBJ
C:\USERS\AKHE\DOCUMENTS\DEVELOPMENT\M2M\SRC\VSCP\MKPASSWD\DEBUG\MKPASSWD.PDB
C:\USERS\AKHE\DOCUMENTS\DEVELOPMENT\M2M\SRC\VSCP\MKPASSWD\DEBUG\MKPASSWD.SBR
C:\Users\akhe\Documents\development\m2m\src\vscp\mkpasswd\Debug\mkpasswd.write.1.tlog
C:\Users\akhe\Documents\development\m2m\src\vscp\mkpasswd\Debug\mkpasswd_manifest.rc
C:\Users\akhe\Documents\development\m2m\src\vscp\mkpasswd\Debug\mt.command.1.tlog
C:\Users\akhe\Documents\development\m2m\src\vscp\mkpasswd\Debug\mt.read.1.tlog
C:\Users\akhe\Documents\development\m2m\src\vscp\mkpasswd\Debug\mt.write.1.tlog
C:\Users\akhe\Documents\development\m2m\src\vscp\mkpasswd\Debug\rc.command.1.tlog
C:\Users\akhe\Documents\development\m2m\src\vscp\mkpasswd\Debug\rc.read.1.tlog
C:\Users\akhe\Documents\development\m2m\src\vscp\mkpasswd\Debug\rc.write.1.tlog
C:\USERS\AKHE\DOCUMENTS\DEVELOPMENT\M2M\SRC\VSCP\MKPASSWD\DEBUG\VC100.PDB
