Build started 2012-06-08 16:00:17.
     1>Project "C:\Users\akhe\Documents\development\m2m\src\vscp\drivers\level2\rawethernet\win32\rawethernet.vcxproj" on node 2 (rebuild target(s)).
     1>_PrepareForClean:
         Deleting file ".\Debug\rawethernet.lastbuildstate".
       InitializeBuildStatus:
         Creating ".\Debug\rawethernet.unsuccessfulbuild" because "AlwaysCreate" was specified.
       ClCompile:
         c:\Program Files (x86)\Microsoft Visual Studio 10.0\VC\bin\CL.exe /c /I"C:\wxWidgets-2.8.12\include\msvc" /I"C:\wxWidgets-2.8.12\include\\" /ZI /nologo /W3 /WX- /Od /Oy- /D wxUSE_GUI=0 /D WIN32 /D _DEBUG /D _WINDOWS /D _USRDLL /D rawethernet_EXPORTS /D _VC80_UPGRADE=0x0600 /D _WINDLL /D _MBCS /Gm /EHsc /RTC1 /MDd /GS /Gy- /fp:precise /Zc:wchar_t /Zc:forScope /Fo".\Debug\\" /Fd".\Debug\vc100.pdb" /FR".\Debug\\" /Gd /TC /analyze- /errorReport:prompt ..\..\..\..\..\common\crc.c
         crc.c
         c:\Program Files (x86)\Microsoft Visual Studio 10.0\VC\bin\CL.exe /c /I"C:\wxWidgets-2.8.12\include\msvc" /I"C:\wxWidgets-2.8.12\include\\" /ZI /nologo /W3 /WX- /Od /Oy- /D wxUSE_GUI=0 /D WIN32 /D _DEBUG /D _WINDOWS /D _USRDLL /D rawethernet_EXPORTS /D _VC80_UPGRADE=0x0600 /D _WINDLL /D _MBCS /Gm /EHsc /RTC1 /MDd /GS /Gy- /fp:precise /Zc:wchar_t /Zc:forScope /Fo".\Debug\\" /Fd".\Debug\vc100.pdb" /FR".\Debug\\" /Gd /TP /analyze- /errorReport:prompt ..\..\..\..\common\guid.cpp ..\..\..\..\common\vscphelper.cpp ..\..\..\..\common\vscptcpif.cpp rawethernet.cpp ..\common\dlldrvobj.cpp
         dlldrvobj.cpp
         rawethernet.cpp
         vscptcpif.cpp
         vscphelper.cpp
         guid.cpp
         Generating Code...
       Link:
         c:\Program Files (x86)\Microsoft Visual Studio 10.0\VC\bin\link.exe /ERRORREPORT:PROMPT /OUT:".\Debug\rawethernet.dll" /INCREMENTAL:NO /NOLOGO /LIBPATH:"C:\wxWidgets-2.8.12\lib\vc_lib" wpcap.lib wsock32.lib odbc32.lib odbccp32.lib kernel32.lib user32.lib gdi32.lib winspool.lib comdlg32.lib advapi32.lib shell32.lib ole32.lib oleaut32.lib uuid.lib odbc32.lib odbccp32.lib /DEF:".\rawethernet.def" /MANIFEST /ManifestFile:".\Debug\rawethernet.dll.intermediate.manifest" /MANIFESTUAC:"level='asInvoker' uiAccess='false'" /DEBUG /PDB:"C:\Users\akhe\Documents\development\m2m\src\vscp\drivers\level2\rawethernet\win32\Debug\rawethernet.pdb" /SUBSYSTEM:CONSOLE /TLBID:1 /DYNAMICBASE /NXCOMPAT /IMPLIB:".\Debug\rawethernet.lib" /MACHINE:X86 /DLL .\Debug\crc.obj
         .\Debug\guid.obj
         .\Debug\vscphelper.obj
         .\Debug\vscptcpif.obj
         .\Debug\rawethernet.obj
         .\Debug\dlldrvobj.obj
     1>crc.obj : warning LNK4075: ignoring '/EDITANDCONTINUE' due to '/INCREMENTAL:NO' specification
            Creating library .\Debug\rawethernet.lib and object .\Debug\rawethernet.exp
         rawethernet.vcxproj -> C:\Users\akhe\Documents\development\m2m\src\vscp\drivers\level2\rawethernet\win32\.\Debug\rawethernet.dll
       Manifest:
         C:\Program Files (x86)\Microsoft SDKs\Windows\v7.0A\bin\mt.exe /nologo /verbose /outputresource:".\Debug\rawethernet.dll;#2" /manifest .\Debug\rawethernet.dll.intermediate.manifest
       BscMake:
         c:\Program Files (x86)\Microsoft Visual Studio 10.0\VC\bin\bscmake.exe /nologo /o".\Debug\rawethernet.bsc" .\Debug\crc.sbr .\Debug\guid.sbr .\Debug\vscphelper.sbr .\Debug\vscptcpif.sbr .\Debug\rawethernet.sbr .\Debug\dlldrvobj.sbr
       CustomBuildStep:
         Description: Performing Custom Build Step
         echo on
         mkdir "C:\Users\akhe\Documents\development\m2m\src\vscp\Build"
         mkdir "C:\Users\akhe\Documents\development\m2m\src\vscp\Build\Debug"
         if exist "C:\Users\akhe\Documents\development\m2m\src\vscp\Build\Debug" copy /Y "C:\Users\akhe\Documents\development\m2m\src\vscp\drivers\level2\rawethernet\win32\.\Debug\rawethernet.dll"  "C:\Users\akhe\Documents\development\m2m\src\vscp\Build\Debug"
         if exist "C:\Users\akhe\Documents\development\m2m\src\vscp\Build\Debug" copy /Y ".\Debug\/rawethernet.lib"  "C:\Users\akhe\Documents\development\m2m\src\vscp\Build\Debug"
         :VCEnd
         A subdirectory or file C:\Users\akhe\Documents\development\m2m\src\vscp\Build already exists.
         A subdirectory or file C:\Users\akhe\Documents\development\m2m\src\vscp\Build\Debug already exists.
                 1 file(s) copied.
                 1 file(s) copied.
       FinalizeBuildStatus:
         Deleting file ".\Debug\rawethernet.unsuccessfulbuild".
         Touching ".\Debug\rawethernet.lastbuildstate".
     1>Done Building Project "C:\Users\akhe\Documents\development\m2m\src\vscp\drivers\level2\rawethernet\win32\rawethernet.vcxproj" (rebuild target(s)).

Build succeeded.

Time Elapsed 00:00:28.13
