.\Debug\rawethernet.bsc
.\Debug\rawethernet.pdb
C:\Users\akhe\Documents\development\m2m\src\vscp\Build\Debugrawethernet.dll
C:\Users\akhe\Documents\development\m2m\src\vscp\drivers\level2\rawethernet\win32\.\Debug\rawethernet.dll
C:\Users\akhe\Documents\development\m2m\src\vscp\drivers\level2\rawethernet\win32\.\Debug\rawethernet.dll.intermediate.manifest
C:\Users\akhe\Documents\development\m2m\src\vscp\drivers\level2\rawethernet\win32\Debug\BscMake.command.1.tlog
C:\Users\akhe\Documents\development\m2m\src\vscp\drivers\level2\rawethernet\win32\Debug\bscmake.read.1.tlog
C:\Users\akhe\Documents\development\m2m\src\vscp\drivers\level2\rawethernet\win32\Debug\bscmake.write.1.tlog
C:\Users\akhe\Documents\development\m2m\src\vscp\drivers\level2\rawethernet\win32\Debug\cl.command.1.tlog
C:\Users\akhe\Documents\development\m2m\src\vscp\drivers\level2\rawethernet\win32\Debug\CL.read.1.tlog
C:\Users\akhe\Documents\development\m2m\src\vscp\drivers\level2\rawethernet\win32\Debug\CL.write.1.tlog
C:\USERS\AKHE\DOCUMENTS\DEVELOPMENT\M2M\SRC\VSCP\DRIVERS\LEVEL2\RAWETHERNET\WIN32\DEBUG\CRC.OBJ
C:\USERS\AKHE\DOCUMENTS\DEVELOPMENT\M2M\SRC\VSCP\DRIVERS\LEVEL2\RAWETHERNET\WIN32\DEBUG\CRC.SBR
C:\USERS\AKHE\DOCUMENTS\DEVELOPMENT\M2M\SRC\VSCP\DRIVERS\LEVEL2\RAWETHERNET\WIN32\DEBUG\DLLDRVOBJ.OBJ
C:\USERS\AKHE\DOCUMENTS\DEVELOPMENT\M2M\SRC\VSCP\DRIVERS\LEVEL2\RAWETHERNET\WIN32\DEBUG\DLLDRVOBJ.SBR
C:\USERS\AKHE\DOCUMENTS\DEVELOPMENT\M2M\SRC\VSCP\DRIVERS\LEVEL2\RAWETHERNET\WIN32\DEBUG\GUID.OBJ
C:\USERS\AKHE\DOCUMENTS\DEVELOPMENT\M2M\SRC\VSCP\DRIVERS\LEVEL2\RAWETHERNET\WIN32\DEBUG\GUID.SBR
C:\Users\akhe\Documents\development\m2m\src\vscp\drivers\level2\rawethernet\win32\Debug\link.command.1.tlog
C:\Users\akhe\Documents\development\m2m\src\vscp\drivers\level2\rawethernet\win32\Debug\link.read.1.tlog
C:\Users\akhe\Documents\development\m2m\src\vscp\drivers\level2\rawethernet\win32\Debug\link.write.1.tlog
C:\Users\akhe\Documents\development\m2m\src\vscp\drivers\level2\rawethernet\win32\Debug\mt.command.1.tlog
C:\Users\akhe\Documents\development\m2m\src\vscp\drivers\level2\rawethernet\win32\Debug\mt.read.1.tlog
C:\Users\akhe\Documents\development\m2m\src\vscp\drivers\level2\rawethernet\win32\Debug\mt.write.1.tlog
C:\USERS\AKHE\DOCUMENTS\DEVELOPMENT\M2M\SRC\VSCP\DRIVERS\LEVEL2\RAWETHERNET\WIN32\DEBUG\RAWETHERNET.BSC
C:\USERS\AKHE\DOCUMENTS\DEVELOPMENT\M2M\SRC\VSCP\DRIVERS\LEVEL2\RAWETHERNET\WIN32\DEBUG\RAWETHERNET.DLL
C:\USERS\AKHE\DOCUMENTS\DEVELOPMENT\M2M\SRC\VSCP\DRIVERS\LEVEL2\RAWETHERNET\WIN32\DEBUG\RAWETHERNET.DLL.INTERMEDIATE.MANIFEST
C:\Users\akhe\Documents\development\m2m\src\vscp\drivers\level2\rawethernet\win32\Debug\rawethernet.exp
C:\Users\akhe\Documents\development\m2m\src\vscp\drivers\level2\rawethernet\win32\Debug\rawethernet.lib
C:\USERS\AKHE\DOCUMENTS\DEVELOPMENT\M2M\SRC\VSCP\DRIVERS\LEVEL2\RAWETHERNET\WIN32\DEBUG\RAWETHERNET.OBJ
C:\USERS\AKHE\DOCUMENTS\DEVELOPMENT\M2M\SRC\VSCP\DRIVERS\LEVEL2\RAWETHERNET\WIN32\DEBUG\RAWETHERNET.PDB
C:\USERS\AKHE\DOCUMENTS\DEVELOPMENT\M2M\SRC\VSCP\DRIVERS\LEVEL2\RAWETHERNET\WIN32\DEBUG\RAWETHERNET.SBR
C:\Users\akhe\Documents\development\m2m\src\vscp\drivers\level2\rawethernet\win32\Debug\rawethernet.write.1.tlog
C:\Users\akhe\Documents\development\m2m\src\vscp\drivers\level2\rawethernet\win32\Debug\vc100.idb
C:\USERS\AKHE\DOCUMENTS\DEVELOPMENT\M2M\SRC\VSCP\DRIVERS\LEVEL2\RAWETHERNET\WIN32\DEBUG\VC100.PDB
C:\USERS\AKHE\DOCUMENTS\DEVELOPMENT\M2M\SRC\VSCP\DRIVERS\LEVEL2\RAWETHERNET\WIN32\DEBUG\VSCPHELPER.OBJ
C:\USERS\AKHE\DOCUMENTS\DEVELOPMENT\M2M\SRC\VSCP\DRIVERS\LEVEL2\RAWETHERNET\WIN32\DEBUG\VSCPHELPER.SBR
C:\USERS\AKHE\DOCUMENTS\DEVELOPMENT\M2M\SRC\VSCP\DRIVERS\LEVEL2\RAWETHERNET\WIN32\DEBUG\VSCPTCPIF.OBJ
C:\USERS\AKHE\DOCUMENTS\DEVELOPMENT\M2M\SRC\VSCP\DRIVERS\LEVEL2\RAWETHERNET\WIN32\DEBUG\VSCPTCPIF.SBR
