.\Debug\vscpcmd.ilk
.\Debug\vscpcmd.pdb
C:\Users\akhe\Documents\development\m2m\src\vscp\Build\Debugvscpcmd.exe
C:\Users\akhe\Documents\development\m2m\src\vscp\vscpcmd\.\Debug\vscpcmd.exe
C:\Users\akhe\Documents\development\m2m\src\vscp\vscpcmd\.\Debug\vscpcmd.exe.intermediate.manifest
C:\USERS\AKHE\DOCUMENTS\DEVELOPMENT\M2M\SRC\VSCP\VSCPCMD\BASEDEBUG\CRC.OBJ
C:\USERS\AKHE\DOCUMENTS\DEVELOPMENT\M2M\SRC\VSCP\VSCPCMD\BASEDEBUG\GUID.OBJ
C:\USERS\AKHE\DOCUMENTS\DEVELOPMENT\M2M\SRC\VSCP\VSCPCMD\BASEDEBUG\VC100.PDB
C:\USERS\AKHE\DOCUMENTS\DEVELOPMENT\M2M\SRC\VSCP\VSCPCMD\BASEDEBUG\VSCPCMD.BSC
C:\USERS\AKHE\DOCUMENTS\DEVELOPMENT\M2M\SRC\VSCP\VSCPCMD\BASEDEBUG\VSCPCMD.OBJ
C:\USERS\AKHE\DOCUMENTS\DEVELOPMENT\M2M\SRC\VSCP\VSCPCMD\BASEDEBUG\VSCPHELPER.OBJ
C:\USERS\AKHE\DOCUMENTS\DEVELOPMENT\M2M\SRC\VSCP\VSCPCMD\BASEDEBUG\VSCPTCPIF.OBJ
C:\Users\akhe\Documents\development\m2m\src\vscp\vscpcmd\Debug\BscMake.command.1.tlog
C:\Users\akhe\Documents\development\m2m\src\vscp\vscpcmd\Debug\bscmake.read.1.tlog
C:\Users\akhe\Documents\development\m2m\src\vscp\vscpcmd\Debug\bscmake.write.1.tlog
C:\Users\akhe\Documents\development\m2m\src\vscp\vscpcmd\Debug\cl.command.1.tlog
C:\Users\akhe\Documents\development\m2m\src\vscp\vscpcmd\Debug\CL.read.1.tlog
C:\Users\akhe\Documents\development\m2m\src\vscp\vscpcmd\Debug\CL.write.1.tlog
C:\USERS\AKHE\DOCUMENTS\DEVELOPMENT\M2M\SRC\VSCP\VSCPCMD\DEBUG\CRC.SBR
C:\USERS\AKHE\DOCUMENTS\DEVELOPMENT\M2M\SRC\VSCP\VSCPCMD\DEBUG\GUID.SBR
C:\Users\akhe\Documents\development\m2m\src\vscp\vscpcmd\Debug\link.1248.read.1.tlog
C:\Users\akhe\Documents\development\m2m\src\vscp\vscpcmd\Debug\link.1248.write.1.tlog
C:\Users\akhe\Documents\development\m2m\src\vscp\vscpcmd\Debug\link.1248-cvtres.read.1.tlog
C:\Users\akhe\Documents\development\m2m\src\vscp\vscpcmd\Debug\link.1248-cvtres.write.1.tlog
C:\Users\akhe\Documents\development\m2m\src\vscp\vscpcmd\Debug\link.command.1.tlog
C:\Users\akhe\Documents\development\m2m\src\vscp\vscpcmd\Debug\link.read.1.tlog
C:\Users\akhe\Documents\development\m2m\src\vscp\vscpcmd\Debug\link.write.1.tlog
C:\Users\akhe\Documents\development\m2m\src\vscp\vscpcmd\Debug\link-cvtres.read.1.tlog
C:\Users\akhe\Documents\development\m2m\src\vscp\vscpcmd\Debug\link-cvtres.write.1.tlog
C:\Users\akhe\Documents\development\m2m\src\vscp\vscpcmd\Debug\mt.command.1.tlog
C:\Users\akhe\Documents\development\m2m\src\vscp\vscpcmd\Debug\mt.read.1.tlog
C:\Users\akhe\Documents\development\m2m\src\vscp\vscpcmd\Debug\mt.write.1.tlog
C:\Users\akhe\Documents\development\m2m\src\vscp\vscpcmd\Debug\rc.command.1.tlog
C:\Users\akhe\Documents\development\m2m\src\vscp\vscpcmd\Debug\rc.read.1.tlog
C:\Users\akhe\Documents\development\m2m\src\vscp\vscpcmd\Debug\rc.write.1.tlog
C:\USERS\AKHE\DOCUMENTS\DEVELOPMENT\M2M\SRC\VSCP\VSCPCMD\DEBUG\VSCPCMD.EXE
C:\USERS\AKHE\DOCUMENTS\DEVELOPMENT\M2M\SRC\VSCP\VSCPCMD\DEBUG\VSCPCMD.EXE.EMBED.MANIFEST
C:\USERS\AKHE\DOCUMENTS\DEVELOPMENT\M2M\SRC\VSCP\VSCPCMD\DEBUG\VSCPCMD.EXE.EMBED.MANIFEST.RES
C:\USERS\AKHE\DOCUMENTS\DEVELOPMENT\M2M\SRC\VSCP\VSCPCMD\DEBUG\VSCPCMD.EXE.INTERMEDIATE.MANIFEST
C:\USERS\AKHE\DOCUMENTS\DEVELOPMENT\M2M\SRC\VSCP\VSCPCMD\DEBUG\VSCPCMD.ILK
C:\USERS\AKHE\DOCUMENTS\DEVELOPMENT\M2M\SRC\VSCP\VSCPCMD\DEBUG\VSCPCMD.PDB
C:\USERS\AKHE\DOCUMENTS\DEVELOPMENT\M2M\SRC\VSCP\VSCPCMD\DEBUG\VSCPCMD.SBR
C:\Users\akhe\Documents\development\m2m\src\vscp\vscpcmd\Debug\vscpcmd.write.1.tlog
C:\Users\akhe\Documents\development\m2m\src\vscp\vscpcmd\Debug\vscpcmd_manifest.rc
C:\USERS\AKHE\DOCUMENTS\DEVELOPMENT\M2M\SRC\VSCP\VSCPCMD\DEBUG\VSCPHELPER.SBR
C:\USERS\AKHE\DOCUMENTS\DEVELOPMENT\M2M\SRC\VSCP\VSCPCMD\DEBUG\VSCPTCPIF.SBR
