Build started 2012-06-11 15:53:14.
     1>Project "C:\Users\akhe\Documents\development\m2m\src\vscp\vscpcmd\vscpcmd.vcxproj" on node 2 (rebuild target(s)).
     1>_PrepareForClean:
         Deleting file ".\Debug\vscpcmd.lastbuildstate".
       InitializeBuildStatus:
         Creating ".\Debug\vscpcmd.unsuccessfulbuild" because "AlwaysCreate" was specified.
       ClCompile:
         c:\Program Files (x86)\Microsoft Visual Studio 10.0\VC\bin\CL.exe /c /I"C:\wxWidgets-2.8.12\include\msvc" /I"C:\wxWidgets-2.8.12\include\\" /Zi /nologo /W3 /WX- /Od /Oy- /D _DEBUG /D WIN32 /D _CONSOLE /D WINVER=0x400 /D _WIN32_WINNT=0x0400 /D _MT /D wxUSE_GUI=0 /D __WXDEBUG__ /D WXDEBUG=1 /D _VC80_UPGRADE=0x0600 /D _UNICODE /D UNICODE /Gm- /EHsc /MDd /GS /Gy- /fp:precise /Zc:wchar_t /Zc:forScope /GR /Fo".\BaseDebug\\" /Fd".\BaseDebug\vc100.pdb" /FR".\Debug\\" /Gd /TC /analyze- /errorReport:prompt ..\..\common\crc.c
         crc.c
         c:\Program Files (x86)\Microsoft Visual Studio 10.0\VC\bin\CL.exe /c /I"C:\wxWidgets-2.8.12\include\msvc" /I"C:\wxWidgets-2.8.12\include\\" /Zi /nologo /W3 /WX- /Od /Oy- /D _DEBUG /D WIN32 /D _CONSOLE /D WINVER=0x400 /D _WIN32_WINNT=0x0400 /D _MT /D wxUSE_GUI=0 /D __WXDEBUG__ /D WXDEBUG=1 /D _VC80_UPGRADE=0x0600 /D _UNICODE /D UNICODE /Gm- /EHsc /MDd /GS /Gy- /fp:precise /Zc:wchar_t /Zc:forScope /GR /Fo".\BaseDebug\\" /Fd".\BaseDebug\vc100.pdb" /FR".\Debug\\" /Gd /TP /analyze- /errorReport:prompt ..\common\guid.cpp vscpcmd.cpp ..\common\vscphelper.cpp ..\common\vscptcpif.cpp
         guid.cpp
         vscpcmd.cpp
         vscphelper.cpp
         vscptcpif.cpp
         Generating Code...
       ManifestResourceCompile:
         C:\Program Files (x86)\Microsoft SDKs\Windows\v7.0A\bin\rc.exe /nologo /fo".\Debug\vscpcmd.exe.embed.manifest.res" .\Debug\vscpcmd_manifest.rc 
       Link:
         c:\Program Files (x86)\Microsoft Visual Studio 10.0\VC\bin\link.exe /ERRORREPORT:PROMPT /OUT:"Debug/vscpcmd.exe" /INCREMENTAL /NOLOGO /LIBPATH:"C:\wxWidgets-2.8.12\lib\vc_lib" comctl32.lib wsock32.lib netapi32.lib rpcrt4.lib kernel32.lib user32.lib gdi32.lib winspool.lib comdlg32.lib advapi32.lib shell32.lib ole32.lib oleaut32.lib uuid.lib odbc32.lib odbccp32.lib /MANIFEST /ManifestFile:".\Debug\vscpcmd.exe.intermediate.manifest" /MANIFESTUAC:"level='asInvoker' uiAccess='false'" /DEBUG /PDB:"C:\Users\akhe\Documents\development\m2m\src\vscp\vscpcmd\Debug\vscpcmd.pdb" /SUBSYSTEM:CONSOLE /TLBID:1 /DYNAMICBASE /NXCOMPAT /IMPLIB:".\Debug\vscpcmd.lib" /MACHINE:X86 .\Debug\vscpcmd.exe.embed.manifest.res
         .\BaseDebug\crc.obj
         .\BaseDebug\guid.obj
         .\BaseDebug\vscpcmd.obj
         .\BaseDebug\vscphelper.obj
         .\BaseDebug\vscptcpif.obj
       Manifest:
         Deleting file ".\Debug\vscpcmd.exe.embed.manifest".
         C:\Program Files (x86)\Microsoft SDKs\Windows\v7.0A\bin\mt.exe /nologo /verbose /out:".\Debug\vscpcmd.exe.embed.manifest" /manifest .\Debug\vscpcmd.exe.intermediate.manifest
         C:\Program Files (x86)\Microsoft SDKs\Windows\v7.0A\bin\rc.exe /nologo /fo".\Debug\vscpcmd.exe.embed.manifest.res" .\Debug\vscpcmd_manifest.rc 
       LinkEmbedManifest:
         c:\Program Files (x86)\Microsoft Visual Studio 10.0\VC\bin\link.exe /ERRORREPORT:PROMPT /OUT:"Debug/vscpcmd.exe" /INCREMENTAL /NOLOGO /LIBPATH:"C:\wxWidgets-2.8.12\lib\vc_lib" comctl32.lib wsock32.lib netapi32.lib rpcrt4.lib kernel32.lib user32.lib gdi32.lib winspool.lib comdlg32.lib advapi32.lib shell32.lib ole32.lib oleaut32.lib uuid.lib odbc32.lib odbccp32.lib /MANIFEST /ManifestFile:".\Debug\vscpcmd.exe.intermediate.manifest" /MANIFESTUAC:"level='asInvoker' uiAccess='false'" /DEBUG /PDB:"C:\Users\akhe\Documents\development\m2m\src\vscp\vscpcmd\Debug\vscpcmd.pdb" /SUBSYSTEM:CONSOLE /TLBID:1 /DYNAMICBASE /NXCOMPAT /IMPLIB:".\Debug\vscpcmd.lib" /MACHINE:X86 .\Debug\vscpcmd.exe.embed.manifest.res
         .\BaseDebug\crc.obj
         .\BaseDebug\guid.obj
         .\BaseDebug\vscpcmd.obj
         .\BaseDebug\vscphelper.obj
         .\BaseDebug\vscptcpif.obj
         vscpcmd.vcxproj -> C:\Users\akhe\Documents\development\m2m\src\vscp\vscpcmd\.\Debug\vscpcmd.exe
       BscMake:
         c:\Program Files (x86)\Microsoft Visual Studio 10.0\VC\bin\bscmake.exe /nologo /o".\BaseDebug\vscpcmd.bsc" .\Debug\crc.sbr .\Debug\guid.sbr .\Debug\vscpcmd.sbr .\Debug\vscphelper.sbr .\Debug\vscptcpif.sbr
       CustomBuildStep:
         Description: Performing Custom Build Step
         echo on
         mkdir "C:\Users\akhe\Documents\development\m2m\src\vscp\Build"
         mkdir "C:\Users\akhe\Documents\development\m2m\src\vscp\Build\Debug"
         if exist "C:\Users\akhe\Documents\development\m2m\src\vscp\Build\Debug" copy /Y "C:\Users\akhe\Documents\development\m2m\src\vscp\vscpcmd\.\Debug\vscpcmd.exe"  "C:\Users\akhe\Documents\development\m2m\src\vscp\Build\Debug"
         :VCEnd
         A subdirectory or file C:\Users\akhe\Documents\development\m2m\src\vscp\Build already exists.
         A subdirectory or file C:\Users\akhe\Documents\development\m2m\src\vscp\Build\Debug already exists.
                 1 file(s) copied.
       FinalizeBuildStatus:
         Deleting file ".\Debug\vscpcmd.unsuccessfulbuild".
         Touching ".\Debug\vscpcmd.lastbuildstate".
     1>Done Building Project "C:\Users\akhe\Documents\development\m2m\src\vscp\vscpcmd\vscpcmd.vcxproj" (rebuild target(s)).

Build succeeded.

Time Elapsed 00:00:12.71
