.\Debug\syslogdrv.bsc
.\Debug\syslogdrv.pdb
C:\Users\akhe\Documents\development\m2m\src\vscp\Build\Debugsyslogdrv.dll
C:\Users\akhe\Documents\development\m2m\src\vscp\drivers\level1\syslogdrv\windows\.\Debug\syslogdrv.dll
C:\Users\akhe\Documents\development\m2m\src\vscp\drivers\level1\syslogdrv\windows\.\Debug\syslogdrv.dll.intermediate.manifest
C:\Users\akhe\Documents\development\m2m\src\vscp\drivers\level1\syslogdrv\windows\Debug\BscMake.command.1.tlog
C:\Users\akhe\Documents\development\m2m\src\vscp\drivers\level1\syslogdrv\windows\Debug\bscmake.read.1.tlog
C:\Users\akhe\Documents\development\m2m\src\vscp\drivers\level1\syslogdrv\windows\Debug\bscmake.write.1.tlog
C:\Users\akhe\Documents\development\m2m\src\vscp\drivers\level1\syslogdrv\windows\Debug\cl.command.1.tlog
C:\Users\akhe\Documents\development\m2m\src\vscp\drivers\level1\syslogdrv\windows\Debug\CL.read.1.tlog
C:\Users\akhe\Documents\development\m2m\src\vscp\drivers\level1\syslogdrv\windows\Debug\CL.write.1.tlog
C:\USERS\AKHE\DOCUMENTS\DEVELOPMENT\M2M\SRC\VSCP\DRIVERS\LEVEL1\SYSLOGDRV\WINDOWS\DEBUG\DLLDRVOBJ.OBJ
C:\USERS\AKHE\DOCUMENTS\DEVELOPMENT\M2M\SRC\VSCP\DRIVERS\LEVEL1\SYSLOGDRV\WINDOWS\DEBUG\DLLDRVOBJ.SBR
C:\USERS\AKHE\DOCUMENTS\DEVELOPMENT\M2M\SRC\VSCP\DRIVERS\LEVEL1\SYSLOGDRV\WINDOWS\DEBUG\DLLIST.OBJ
C:\USERS\AKHE\DOCUMENTS\DEVELOPMENT\M2M\SRC\VSCP\DRIVERS\LEVEL1\SYSLOGDRV\WINDOWS\DEBUG\DLLIST.SBR
C:\Users\akhe\Documents\development\m2m\src\vscp\drivers\level1\syslogdrv\windows\Debug\link.command.1.tlog
C:\Users\akhe\Documents\development\m2m\src\vscp\drivers\level1\syslogdrv\windows\Debug\link.read.1.tlog
C:\Users\akhe\Documents\development\m2m\src\vscp\drivers\level1\syslogdrv\windows\Debug\link.write.1.tlog
C:\Users\akhe\Documents\development\m2m\src\vscp\drivers\level1\syslogdrv\windows\Debug\mt.command.1.tlog
C:\Users\akhe\Documents\development\m2m\src\vscp\drivers\level1\syslogdrv\windows\Debug\mt.read.1.tlog
C:\Users\akhe\Documents\development\m2m\src\vscp\drivers\level1\syslogdrv\windows\Debug\mt.write.1.tlog
C:\USERS\AKHE\DOCUMENTS\DEVELOPMENT\M2M\SRC\VSCP\DRIVERS\LEVEL1\SYSLOGDRV\WINDOWS\DEBUG\SYSLOG.OBJ
C:\USERS\AKHE\DOCUMENTS\DEVELOPMENT\M2M\SRC\VSCP\DRIVERS\LEVEL1\SYSLOGDRV\WINDOWS\DEBUG\SYSLOG.SBR
C:\USERS\AKHE\DOCUMENTS\DEVELOPMENT\M2M\SRC\VSCP\DRIVERS\LEVEL1\SYSLOGDRV\WINDOWS\DEBUG\SYSLOGDRV.BSC
C:\USERS\AKHE\DOCUMENTS\DEVELOPMENT\M2M\SRC\VSCP\DRIVERS\LEVEL1\SYSLOGDRV\WINDOWS\DEBUG\SYSLOGDRV.DLL
C:\USERS\AKHE\DOCUMENTS\DEVELOPMENT\M2M\SRC\VSCP\DRIVERS\LEVEL1\SYSLOGDRV\WINDOWS\DEBUG\SYSLOGDRV.DLL.INTERMEDIATE.MANIFEST
C:\Users\akhe\Documents\development\m2m\src\vscp\drivers\level1\syslogdrv\windows\Debug\syslogdrv.exp
C:\Users\akhe\Documents\development\m2m\src\vscp\drivers\level1\syslogdrv\windows\Debug\syslogdrv.lib
C:\USERS\AKHE\DOCUMENTS\DEVELOPMENT\M2M\SRC\VSCP\DRIVERS\LEVEL1\SYSLOGDRV\WINDOWS\DEBUG\SYSLOGDRV.OBJ
C:\USERS\AKHE\DOCUMENTS\DEVELOPMENT\M2M\SRC\VSCP\DRIVERS\LEVEL1\SYSLOGDRV\WINDOWS\DEBUG\SYSLOGDRV.PDB
C:\USERS\AKHE\DOCUMENTS\DEVELOPMENT\M2M\SRC\VSCP\DRIVERS\LEVEL1\SYSLOGDRV\WINDOWS\DEBUG\SYSLOGDRV.SBR
C:\Users\akhe\Documents\development\m2m\src\vscp\drivers\level1\syslogdrv\windows\Debug\syslogdrv.write.1.tlog
C:\USERS\AKHE\DOCUMENTS\DEVELOPMENT\M2M\SRC\VSCP\DRIVERS\LEVEL1\SYSLOGDRV\WINDOWS\DEBUG\SYSLOGOBJ.OBJ
C:\USERS\AKHE\DOCUMENTS\DEVELOPMENT\M2M\SRC\VSCP\DRIVERS\LEVEL1\SYSLOGDRV\WINDOWS\DEBUG\SYSLOGOBJ.SBR
C:\Users\akhe\Documents\development\m2m\src\vscp\drivers\level1\syslogdrv\windows\Debug\vc100.idb
C:\USERS\AKHE\DOCUMENTS\DEVELOPMENT\M2M\SRC\VSCP\DRIVERS\LEVEL1\SYSLOGDRV\WINDOWS\DEBUG\VC100.PDB
