./Debug\vscphelper.ilk
./Debug\vscphelper.pdb
C:\Users\akhe\Documents\development\m2m\src\vscp\Build\Debugvscphelper.dll
C:\Users\akhe\Documents\development\m2m\src\vscp\VSCP helper dll\VSCP helper dll\./Debug\vscphelper.dll
C:\Users\akhe\Documents\development\m2m\src\vscp\VSCP helper dll\VSCP helper dll\./Debug\vscphelper.dll.intermediate.manifest
C:\USERS\AKHE\DOCUMENTS\DEVELOPMENT\M2M\SRC\VSCP\VSCP HELPER DLL\VSCP HELPER DLL\DEBUG\CANALSUPERWRAPPER.OBJ
C:\Users\akhe\Documents\development\m2m\src\vscp\VSCP helper dll\VSCP helper dll\Debug\cl.command.1.tlog
C:\Users\akhe\Documents\development\m2m\src\vscp\VSCP helper dll\VSCP helper dll\Debug\CL.read.1.tlog
C:\Users\akhe\Documents\development\m2m\src\vscp\VSCP helper dll\VSCP helper dll\Debug\CL.write.1.tlog
C:\USERS\AKHE\DOCUMENTS\DEVELOPMENT\M2M\SRC\VSCP\VSCP HELPER DLL\VSCP HELPER DLL\DEBUG\CRC.OBJ
C:\USERS\AKHE\DOCUMENTS\DEVELOPMENT\M2M\SRC\VSCP\VSCP HELPER DLL\VSCP HELPER DLL\DEBUG\DLLWRAPPER.OBJ
C:\USERS\AKHE\DOCUMENTS\DEVELOPMENT\M2M\SRC\VSCP\VSCP HELPER DLL\VSCP HELPER DLL\DEBUG\GUID.OBJ
C:\Users\akhe\Documents\development\m2m\src\vscp\VSCP helper dll\VSCP helper dll\Debug\link.command.1.tlog
C:\Users\akhe\Documents\development\m2m\src\vscp\VSCP helper dll\VSCP helper dll\Debug\link.read.1.tlog
C:\Users\akhe\Documents\development\m2m\src\vscp\VSCP helper dll\VSCP helper dll\Debug\link.write.1.tlog
C:\Users\akhe\Documents\development\m2m\src\vscp\VSCP helper dll\VSCP helper dll\Debug\link-cvtres.read.1.tlog
C:\Users\akhe\Documents\development\m2m\src\vscp\VSCP helper dll\VSCP helper dll\Debug\link-cvtres.write.1.tlog
C:\Users\akhe\Documents\development\m2m\src\vscp\VSCP helper dll\VSCP helper dll\Debug\mt.command.1.tlog
C:\Users\akhe\Documents\development\m2m\src\vscp\VSCP helper dll\VSCP helper dll\Debug\mt.read.1.tlog
C:\Users\akhe\Documents\development\m2m\src\vscp\VSCP helper dll\VSCP helper dll\Debug\mt.write.1.tlog
C:\Users\akhe\Documents\development\m2m\src\vscp\VSCP helper dll\VSCP helper dll\Debug\rc.command.1.tlog
C:\Users\akhe\Documents\development\m2m\src\vscp\VSCP helper dll\VSCP helper dll\Debug\rc.read.1.tlog
C:\Users\akhe\Documents\development\m2m\src\vscp\VSCP helper dll\VSCP helper dll\Debug\rc.write.1.tlog
C:\Users\akhe\Documents\development\m2m\src\vscp\VSCP helper dll\VSCP helper dll\Debug\vc100.idb
C:\USERS\AKHE\DOCUMENTS\DEVELOPMENT\M2M\SRC\VSCP\VSCP HELPER DLL\VSCP HELPER DLL\DEBUG\VC100.PDB
C:\USERS\AKHE\DOCUMENTS\DEVELOPMENT\M2M\SRC\VSCP\VSCP HELPER DLL\VSCP HELPER DLL\DEBUG\VSCPHELPER.DLL
C:\USERS\AKHE\DOCUMENTS\DEVELOPMENT\M2M\SRC\VSCP\VSCP HELPER DLL\VSCP HELPER DLL\DEBUG\VSCPHELPER.DLL.EMBED.MANIFEST
C:\USERS\AKHE\DOCUMENTS\DEVELOPMENT\M2M\SRC\VSCP\VSCP HELPER DLL\VSCP HELPER DLL\DEBUG\VSCPHELPER.DLL.EMBED.MANIFEST.RES
C:\USERS\AKHE\DOCUMENTS\DEVELOPMENT\M2M\SRC\VSCP\VSCP HELPER DLL\VSCP HELPER DLL\DEBUG\VSCPHELPER.DLL.INTERMEDIATE.MANIFEST
C:\Users\akhe\Documents\development\m2m\src\vscp\VSCP helper dll\VSCP helper dll\Debug\vscphelper.exp
C:\USERS\AKHE\DOCUMENTS\DEVELOPMENT\M2M\SRC\VSCP\VSCP HELPER DLL\VSCP HELPER DLL\DEBUG\VSCPHELPER.ILK
C:\Users\akhe\Documents\development\m2m\src\vscp\VSCP helper dll\VSCP helper dll\Debug\vscphelper.lib
C:\USERS\AKHE\DOCUMENTS\DEVELOPMENT\M2M\SRC\VSCP\VSCP HELPER DLL\VSCP HELPER DLL\DEBUG\VSCPHELPER.OBJ
C:\USERS\AKHE\DOCUMENTS\DEVELOPMENT\M2M\SRC\VSCP\VSCP HELPER DLL\VSCP HELPER DLL\DEBUG\VSCPHELPER.PDB
C:\USERS\AKHE\DOCUMENTS\DEVELOPMENT\M2M\SRC\VSCP\VSCP HELPER DLL\VSCP HELPER DLL\DEBUG\VSCPHELPER.RES
C:\Users\akhe\Documents\development\m2m\src\vscp\VSCP helper dll\VSCP helper dll\Debug\vscphelper.write.1.tlog
C:\Users\akhe\Documents\development\m2m\src\vscp\VSCP helper dll\VSCP helper dll\Debug\vscphelper_manifest.rc
C:\USERS\AKHE\DOCUMENTS\DEVELOPMENT\M2M\SRC\VSCP\VSCP HELPER DLL\VSCP HELPER DLL\DEBUG\VSCPHELPERDLL.OBJ
C:\USERS\AKHE\DOCUMENTS\DEVELOPMENT\M2M\SRC\VSCP\VSCP HELPER DLL\VSCP HELPER DLL\DEBUG\VSCPTCPIF.OBJ
