Build started 2012-09-13 14:01:35.
     1>Project "C:\Users\akhe\Documents\development\vscp_software\src\vscp\VSCP helper dll\VSCP helper dll\VSCP helper dll.vcxproj" on node 2 (build target(s)).
     1>InitializeBuildStatus:
         Touching "Debug\vscphelper.unsuccessfulbuild".
       ClCompile:
         c:\Program Files (x86)\Microsoft Visual Studio 10.0\VC\bin\CL.exe /c /I"C:\wxWidgets-2.8.12\include\msvc" /I"C:\wxWidgets-2.8.12\include\\" /ZI /nologo /W3 /WX- /Od /Oy- /D _CRT_SECURE_NO_WARNINGS /D WIN32 /D __WXMSW__ /D _DEBUG /D _WINDOWS /D __WXDEBUG__ /D wxUSE_GUI=0 /D _AFXDLL /D _WINDLL /D _UNICODE /D UNICODE /Gm /EHsc /RTC1 /MDd /GS /fp:precise /Zc:wchar_t /Zc:forScope /Fo"Debug\\" /Fd"Debug\vc100.pdb" /Gd /TP /analyze- /errorReport:prompt vscphelperdll.cpp
         vscphelperdll.cpp
         c:\Program Files (x86)\Microsoft Visual Studio 10.0\VC\bin\CL.exe /c /I"C:\wxWidgets-2.8.12\include\msvc" /I"C:\wxWidgets-2.8.12\include\\" /ZI /nologo /W3 /WX- /Od /Oy- /D _CRT_SECURE_NO_WARNINGS /D WIN32 /D __WXMSW__ /D _DEBUG /D _WINDOWS /D __WXDEBUG__ /D wxUSE_GUI=0 /D _AFXDLL /D _WINDLL /D _UNICODE /D UNICODE /Gm /EHsc /RTC1 /MDd /GS /fp:precise /Zc:wchar_t /Zc:forScope /Fo"Debug\\" /Fd"Debug\vc100.pdb" /Gd /TC /analyze- /errorReport:prompt ..\..\..\common\crc.c
         crc.c
       ResourceCompile:
         C:\Program Files (x86)\Microsoft SDKs\Windows\v7.0A\bin\rc.exe /D _DEBUG /D _UNICODE /D UNICODE /l"0x0409" /IDebug\ /nologo /fo"Debug\vscphelper.res" vscphelper.rc 
       ManifestResourceCompile:
         C:\Program Files (x86)\Microsoft SDKs\Windows\v7.0A\bin\rc.exe /nologo /fo"Debug\vscphelper.dll.embed.manifest.res" Debug\vscphelper_manifest.rc 
       Link:
         c:\Program Files (x86)\Microsoft Visual Studio 10.0\VC\bin\link.exe /ERRORREPORT:PROMPT /OUT:".\Debug/vscphelper.dll" /INCREMENTAL /NOLOGO /LIBPATH:"C:\wxWidgets-2.8.12\lib\vc_lib" MSVCRTD.lib libcmtd.lib comctl32.lib rpcrt4.lib winmm.lib advapi32.lib wsock32.lib kernel32.lib user32.lib gdi32.lib winspool.lib comdlg32.lib advapi32.lib shell32.lib ole32.lib oleaut32.lib uuid.lib odbc32.lib odbccp32.lib /NODEFAULTLIB:libcmtd.lib /NODEFAULTLIB:MSVCRTD.lib /DEF:".\vscphelper.def" /MANIFEST /ManifestFile:"Debug\vscphelper.dll.intermediate.manifest" /MANIFESTUAC:"level='asInvoker' uiAccess='false'" /DEBUG /PDB:"C:\Users\akhe\Documents\development\vscp_software\src\vscp\VSCP helper dll\VSCP helper dll\Debug\vscphelper.pdb" /SUBSYSTEM:WINDOWS /TLBID:1 /DYNAMICBASE /NXCOMPAT /IMPLIB:"./Debug\vscphelper.lib" /MACHINE:X86 /DLL Debug\vscphelper.res
         Debug\vscphelper.dll.embed.manifest.res
         Debug\canalsuperwrapper.obj
         Debug\crc.obj
         Debug\dllwrapper.obj
         Debug\guid.obj
         Debug\vscphelperdll.obj
         Debug\vscphelper.obj
         Debug\vscptcpif.obj /verbose:lib 
         
         Searching libraries
             Searching c:\Program Files (x86)\Microsoft Visual Studio 10.0\VC\lib\MSVCRTD.lib:
             Searching c:\Program Files (x86)\Microsoft Visual Studio 10.0\VC\lib\libcmtd.lib:
             Searching C:\Program Files (x86)\Microsoft SDKs\Windows\v7.0A\lib\comctl32.lib:
             Searching C:\Program Files (x86)\Microsoft SDKs\Windows\v7.0A\lib\rpcrt4.lib:
             Searching C:\Program Files (x86)\Microsoft SDKs\Windows\v7.0A\lib\winmm.lib:
             Searching C:\Program Files (x86)\Microsoft SDKs\Windows\v7.0A\lib\advapi32.lib:
             Searching C:\Program Files (x86)\Microsoft SDKs\Windows\v7.0A\lib\wsock32.lib:
             Searching C:\Program Files (x86)\Microsoft SDKs\Windows\v7.0A\lib\kernel32.lib:
             Searching C:\Program Files (x86)\Microsoft SDKs\Windows\v7.0A\lib\user32.lib:
             Searching C:\Program Files (x86)\Microsoft SDKs\Windows\v7.0A\lib\gdi32.lib:
             Searching C:\Program Files (x86)\Microsoft SDKs\Windows\v7.0A\lib\winspool.lib:
             Searching C:\Program Files (x86)\Microsoft SDKs\Windows\v7.0A\lib\comdlg32.lib:
             Searching C:\Program Files (x86)\Microsoft SDKs\Windows\v7.0A\lib\shell32.lib:
             Searching C:\Program Files (x86)\Microsoft SDKs\Windows\v7.0A\lib\ole32.lib:
             Searching C:\Program Files (x86)\Microsoft SDKs\Windows\v7.0A\lib\oleaut32.lib:
             Searching C:\Program Files (x86)\Microsoft SDKs\Windows\v7.0A\lib\uuid.lib:
             Searching C:\Program Files (x86)\Microsoft SDKs\Windows\v7.0A\lib\odbc32.lib:
             Searching C:\Program Files (x86)\Microsoft SDKs\Windows\v7.0A\lib\odbccp32.lib:
             Searching C:\wxWidgets-2.8.12\lib\vc_lib\wxbase28ud.lib:
             Searching C:\wxWidgets-2.8.12\lib\vc_lib\wxbase28ud_net.lib:
             Searching C:\wxWidgets-2.8.12\lib\vc_lib\wxbase28ud_xml.lib:
             Searching C:\wxWidgets-2.8.12\lib\vc_lib\wxregexud.lib:
             Searching C:\Program Files (x86)\Microsoft SDKs\Windows\v7.0A\lib\oleacc.lib:
             Searching c:\Program Files (x86)\Microsoft Visual Studio 10.0\VC\lib\msvcprtd.lib:
             Searching c:\Program Files (x86)\Microsoft Visual Studio 10.0\VC\lib\OLDNAMES.lib:
             Searching c:\Program Files (x86)\Microsoft Visual Studio 10.0\VC\atlmfc\lib\mfc100ud.lib:
             Searching c:\Program Files (x86)\Microsoft Visual Studio 10.0\VC\atlmfc\lib\mfcs100ud.lib:
             Searching C:\Program Files (x86)\Microsoft SDKs\Windows\v7.0A\lib\msimg32.lib:
             Searching C:\Program Files (x86)\Microsoft SDKs\Windows\v7.0A\lib\shlwapi.lib:
             Searching C:\Program Files (x86)\Microsoft SDKs\Windows\v7.0A\lib\windowscodecs.lib:
             Searching c:\Program Files (x86)\Microsoft Visual Studio 10.0\VC\atlmfc\lib\atlsd.lib:
             Searching C:\Program Files (x86)\Microsoft SDKs\Windows\v7.0A\lib\oledlg.lib:
             Searching C:\Program Files (x86)\Microsoft SDKs\Windows\v7.0A\lib\urlmon.lib:
             Searching C:\Program Files (x86)\Microsoft SDKs\Windows\v7.0A\lib\daouuid.lib:
             Searching C:\Program Files (x86)\Microsoft SDKs\Windows\v7.0A\lib\ws2_32.lib:
             Searching C:\Program Files (x86)\Microsoft SDKs\Windows\v7.0A\lib\mswsock.lib:
             Searching C:\Program Files (x86)\Microsoft SDKs\Windows\v7.0A\lib\wininet.lib:
             Searching c:\Program Files (x86)\Microsoft Visual Studio 10.0\VC\lib\MSVCRTD.lib:
             Searching c:\Program Files (x86)\Microsoft Visual Studio 10.0\VC\lib\libcmtd.lib:
             Searching C:\Program Files (x86)\Microsoft SDKs\Windows\v7.0A\lib\comctl32.lib:
             Searching C:\Program Files (x86)\Microsoft SDKs\Windows\v7.0A\lib\rpcrt4.lib:
             Searching C:\Program Files (x86)\Microsoft SDKs\Windows\v7.0A\lib\winmm.lib:
             Searching C:\Program Files (x86)\Microsoft SDKs\Windows\v7.0A\lib\advapi32.lib:
             Searching C:\Program Files (x86)\Microsoft SDKs\Windows\v7.0A\lib\wsock32.lib:
             Searching C:\Program Files (x86)\Microsoft SDKs\Windows\v7.0A\lib\kernel32.lib:
             Searching C:\Program Files (x86)\Microsoft SDKs\Windows\v7.0A\lib\user32.lib:
             Searching C:\Program Files (x86)\Microsoft SDKs\Windows\v7.0A\lib\gdi32.lib:
             Searching C:\Program Files (x86)\Microsoft SDKs\Windows\v7.0A\lib\winspool.lib:
             Searching C:\Program Files (x86)\Microsoft SDKs\Windows\v7.0A\lib\comdlg32.lib:
             Searching C:\Program Files (x86)\Microsoft SDKs\Windows\v7.0A\lib\shell32.lib:
             Searching C:\Program Files (x86)\Microsoft SDKs\Windows\v7.0A\lib\ole32.lib:
             Searching C:\Program Files (x86)\Microsoft SDKs\Windows\v7.0A\lib\oleaut32.lib:
             Searching C:\Program Files (x86)\Microsoft SDKs\Windows\v7.0A\lib\uuid.lib:
             Searching C:\Program Files (x86)\Microsoft SDKs\Windows\v7.0A\lib\odbc32.lib:
             Searching C:\Program Files (x86)\Microsoft SDKs\Windows\v7.0A\lib\odbccp32.lib:
             Searching C:\wxWidgets-2.8.12\lib\vc_lib\wxbase28ud.lib:
             Searching C:\wxWidgets-2.8.12\lib\vc_lib\wxbase28ud_net.lib:
             Searching C:\wxWidgets-2.8.12\lib\vc_lib\wxbase28ud_xml.lib:
             Searching C:\wxWidgets-2.8.12\lib\vc_lib\wxregexud.lib:
             Searching C:\Program Files (x86)\Microsoft SDKs\Windows\v7.0A\lib\oleacc.lib:
             Searching c:\Program Files (x86)\Microsoft Visual Studio 10.0\VC\lib\msvcprtd.lib:
             Searching c:\Program Files (x86)\Microsoft Visual Studio 10.0\VC\lib\OLDNAMES.lib:
             Searching c:\Program Files (x86)\Microsoft Visual Studio 10.0\VC\atlmfc\lib\mfc100ud.lib:
             Searching c:\Program Files (x86)\Microsoft Visual Studio 10.0\VC\atlmfc\lib\mfcs100ud.lib:
             Searching C:\Program Files (x86)\Microsoft SDKs\Windows\v7.0A\lib\msimg32.lib:
             Searching C:\Program Files (x86)\Microsoft SDKs\Windows\v7.0A\lib\shlwapi.lib:
             Searching C:\Program Files (x86)\Microsoft SDKs\Windows\v7.0A\lib\windowscodecs.lib:
             Searching c:\Program Files (x86)\Microsoft Visual Studio 10.0\VC\atlmfc\lib\atlsd.lib:
             Searching C:\Program Files (x86)\Microsoft SDKs\Windows\v7.0A\lib\oledlg.lib:
             Searching C:\Program Files (x86)\Microsoft SDKs\Windows\v7.0A\lib\urlmon.lib:
             Searching C:\Program Files (x86)\Microsoft SDKs\Windows\v7.0A\lib\daouuid.lib:
             Searching C:\Program Files (x86)\Microsoft SDKs\Windows\v7.0A\lib\ws2_32.lib:
             Searching C:\Program Files (x86)\Microsoft SDKs\Windows\v7.0A\lib\mswsock.lib:
             Searching C:\Program Files (x86)\Microsoft SDKs\Windows\v7.0A\lib\wininet.lib:
             Searching c:\Program Files (x86)\Microsoft Visual Studio 10.0\VC\lib\MSVCRTD.lib:
             Searching c:\Program Files (x86)\Microsoft Visual Studio 10.0\VC\lib\libcmtd.lib:
             Searching C:\Program Files (x86)\Microsoft SDKs\Windows\v7.0A\lib\comctl32.lib:
             Searching C:\Program Files (x86)\Microsoft SDKs\Windows\v7.0A\lib\rpcrt4.lib:
             Searching C:\Program Files (x86)\Microsoft SDKs\Windows\v7.0A\lib\winmm.lib:
             Searching C:\Program Files (x86)\Microsoft SDKs\Windows\v7.0A\lib\advapi32.lib:
             Searching C:\Program Files (x86)\Microsoft SDKs\Windows\v7.0A\lib\wsock32.lib:
             Searching C:\Program Files (x86)\Microsoft SDKs\Windows\v7.0A\lib\kernel32.lib:
             Searching C:\Program Files (x86)\Microsoft SDKs\Windows\v7.0A\lib\user32.lib:
             Searching C:\Program Files (x86)\Microsoft SDKs\Windows\v7.0A\lib\gdi32.lib:
             Searching C:\Program Files (x86)\Microsoft SDKs\Windows\v7.0A\lib\winspool.lib:
             Searching C:\Program Files (x86)\Microsoft SDKs\Windows\v7.0A\lib\comdlg32.lib:
             Searching C:\Program Files (x86)\Microsoft SDKs\Windows\v7.0A\lib\shell32.lib:
             Searching C:\Program Files (x86)\Microsoft SDKs\Windows\v7.0A\lib\ole32.lib:
         
         Finished searching libraries
            Creating library ./Debug\vscphelper.lib and object ./Debug\vscphelper.exp
         
         Searching libraries
             Searching c:\Program Files (x86)\Microsoft Visual Studio 10.0\VC\lib\MSVCRTD.lib:
             Searching c:\Program Files (x86)\Microsoft Visual Studio 10.0\VC\lib\libcmtd.lib:
             Searching C:\Program Files (x86)\Microsoft SDKs\Windows\v7.0A\lib\comctl32.lib:
             Searching C:\Program Files (x86)\Microsoft SDKs\Windows\v7.0A\lib\rpcrt4.lib:
             Searching C:\Program Files (x86)\Microsoft SDKs\Windows\v7.0A\lib\winmm.lib:
             Searching C:\Program Files (x86)\Microsoft SDKs\Windows\v7.0A\lib\advapi32.lib:
             Searching C:\Program Files (x86)\Microsoft SDKs\Windows\v7.0A\lib\wsock32.lib:
             Searching C:\Program Files (x86)\Microsoft SDKs\Windows\v7.0A\lib\kernel32.lib:
             Searching C:\Program Files (x86)\Microsoft SDKs\Windows\v7.0A\lib\user32.lib:
             Searching C:\Program Files (x86)\Microsoft SDKs\Windows\v7.0A\lib\gdi32.lib:
             Searching C:\Program Files (x86)\Microsoft SDKs\Windows\v7.0A\lib\winspool.lib:
             Searching C:\Program Files (x86)\Microsoft SDKs\Windows\v7.0A\lib\comdlg32.lib:
             Searching C:\Program Files (x86)\Microsoft SDKs\Windows\v7.0A\lib\shell32.lib:
             Searching C:\Program Files (x86)\Microsoft SDKs\Windows\v7.0A\lib\ole32.lib:
             Searching C:\Program Files (x86)\Microsoft SDKs\Windows\v7.0A\lib\oleaut32.lib:
             Searching C:\Program Files (x86)\Microsoft SDKs\Windows\v7.0A\lib\uuid.lib:
             Searching C:\Program Files (x86)\Microsoft SDKs\Windows\v7.0A\lib\odbc32.lib:
             Searching C:\Program Files (x86)\Microsoft SDKs\Windows\v7.0A\lib\odbccp32.lib:
             Searching C:\wxWidgets-2.8.12\lib\vc_lib\wxbase28ud.lib:
             Searching C:\wxWidgets-2.8.12\lib\vc_lib\wxbase28ud_net.lib:
             Searching C:\wxWidgets-2.8.12\lib\vc_lib\wxbase28ud_xml.lib:
             Searching C:\wxWidgets-2.8.12\lib\vc_lib\wxregexud.lib:
             Searching C:\Program Files (x86)\Microsoft SDKs\Windows\v7.0A\lib\oleacc.lib:
             Searching c:\Program Files (x86)\Microsoft Visual Studio 10.0\VC\lib\msvcprtd.lib:
             Searching c:\Program Files (x86)\Microsoft Visual Studio 10.0\VC\lib\OLDNAMES.lib:
             Searching c:\Program Files (x86)\Microsoft Visual Studio 10.0\VC\atlmfc\lib\mfc100ud.lib:
             Searching c:\Program Files (x86)\Microsoft Visual Studio 10.0\VC\atlmfc\lib\mfcs100ud.lib:
             Searching C:\Program Files (x86)\Microsoft SDKs\Windows\v7.0A\lib\msimg32.lib:
             Searching C:\Program Files (x86)\Microsoft SDKs\Windows\v7.0A\lib\shlwapi.lib:
             Searching C:\Program Files (x86)\Microsoft SDKs\Windows\v7.0A\lib\windowscodecs.lib:
             Searching c:\Program Files (x86)\Microsoft Visual Studio 10.0\VC\atlmfc\lib\atlsd.lib:
             Searching C:\Program Files (x86)\Microsoft SDKs\Windows\v7.0A\lib\oledlg.lib:
             Searching C:\Program Files (x86)\Microsoft SDKs\Windows\v7.0A\lib\urlmon.lib:
             Searching C:\Program Files (x86)\Microsoft SDKs\Windows\v7.0A\lib\daouuid.lib:
             Searching C:\Program Files (x86)\Microsoft SDKs\Windows\v7.0A\lib\ws2_32.lib:
             Searching C:\Program Files (x86)\Microsoft SDKs\Windows\v7.0A\lib\mswsock.lib:
             Searching C:\Program Files (x86)\Microsoft SDKs\Windows\v7.0A\lib\wininet.lib:
         
         Finished searching libraries
       Manifest:
         C:\Program Files (x86)\Microsoft SDKs\Windows\v7.0A\bin\mt.exe /nologo /verbose /out:"Debug\vscphelper.dll.embed.manifest" /manifest Debug\vscphelper.dll.intermediate.manifest
         C:\Program Files (x86)\Microsoft SDKs\Windows\v7.0A\bin\rc.exe /nologo /fo"Debug\vscphelper.dll.embed.manifest.res" Debug\vscphelper_manifest.rc 
       LinkEmbedManifest:
         c:\Program Files (x86)\Microsoft Visual Studio 10.0\VC\bin\link.exe /ERRORREPORT:PROMPT /OUT:".\Debug/vscphelper.dll" /INCREMENTAL /NOLOGO /LIBPATH:"C:\wxWidgets-2.8.12\lib\vc_lib" MSVCRTD.lib libcmtd.lib comctl32.lib rpcrt4.lib winmm.lib advapi32.lib wsock32.lib kernel32.lib user32.lib gdi32.lib winspool.lib comdlg32.lib advapi32.lib shell32.lib ole32.lib oleaut32.lib uuid.lib odbc32.lib odbccp32.lib /NODEFAULTLIB:libcmtd.lib /NODEFAULTLIB:MSVCRTD.lib /DEF:".\vscphelper.def" /MANIFEST /ManifestFile:"Debug\vscphelper.dll.intermediate.manifest" /MANIFESTUAC:"level='asInvoker' uiAccess='false'" /DEBUG /PDB:"C:\Users\akhe\Documents\development\vscp_software\src\vscp\VSCP helper dll\VSCP helper dll\Debug\vscphelper.pdb" /SUBSYSTEM:WINDOWS /TLBID:1 /DYNAMICBASE /NXCOMPAT /IMPLIB:"./Debug\vscphelper.lib" /MACHINE:X86 /DLL Debug\vscphelper.res
         Debug\vscphelper.dll.embed.manifest.res
         Debug\canalsuperwrapper.obj
         Debug\crc.obj
         Debug\dllwrapper.obj
         Debug\guid.obj
         Debug\vscphelperdll.obj
         Debug\vscphelper.obj
         Debug\vscptcpif.obj /verbose:lib 
         VSCP helper dll.vcxproj -> C:\Users\akhe\Documents\development\vscp_software\src\vscp\VSCP helper dll\VSCP helper dll\./Debug\vscphelper.dll
       CustomBuildStep:
         Description: Performing Custom Build Step
         echo on
         mkdir "C:\Users\akhe\Documents\development\vscp_software\src\vscp\Build"
         mkdir "C:\Users\akhe\Documents\development\vscp_software\src\vscp\Build\Debug"
         echo "C:\Users\akhe\Documents\development\vscp_software\src\vscp\VSCP helper dll\VSCP helper dll\./Debug\vscphelper.dll" 
         echo "C:\Users\akhe\Documents\development\vscp_software\src\vscp\Build\Debug"
         if exist "C:\Users\akhe\Documents\development\vscp_software\src\vscp\Build\Debug" copy /Y "C:\Users\akhe\Documents\development\vscp_software\src\vscp\VSCP helper dll\VSCP helper dll\./Debug\vscphelper.dll"  "C:\Users\akhe\Documents\development\vscp_software\src\vscp\Build\Debug"
         if exist "C:\Users\akhe\Documents\development\vscp_software\src\vscp\Build\Debug" copy /Y "./Debug\/vscphelper.lib"  "C:\Users\akhe\Documents\development\vscp_software\src\vscp\Build\Debug"
         :VCEnd
         A subdirectory or file C:\Users\akhe\Documents\development\vscp_software\src\vscp\Build already exists.
         A subdirectory or file C:\Users\akhe\Documents\development\vscp_software\src\vscp\Build\Debug already exists.
         "C:\Users\akhe\Documents\development\vscp_software\src\vscp\VSCP helper dll\VSCP helper dll\./Debug\vscphelper.dll" 
         "C:\Users\akhe\Documents\development\vscp_software\src\vscp\Build\Debug"
                 1 file(s) copied.
                 1 file(s) copied.
       FinalizeBuildStatus:
         Deleting file "Debug\vscphelper.unsuccessfulbuild".
         Touching "Debug\vscphelper.lastbuildstate".
     1>Done Building Project "C:\Users\akhe\Documents\development\vscp_software\src\vscp\VSCP helper dll\VSCP helper dll\VSCP helper dll.vcxproj" (build target(s)).

Build succeeded.

Time Elapsed 00:00:09.30
