.\Release\vscpd.bsc
C:\Users\akhe\Documents\development\m2m\src\vscp\Build\Releasevscpd.exe
C:\Users\akhe\Documents\development\m2m\src\vscp\daemon\win32\.\Release\vscpd.exe
C:\Users\akhe\Documents\development\m2m\src\vscp\daemon\win32\.\Release\vscpd.exe.intermediate.manifest
C:\Users\akhe\Documents\development\m2m\src\vscp\daemon\win32\Release\BscMake.command.1.tlog
C:\Users\akhe\Documents\development\m2m\src\vscp\daemon\win32\Release\bscmake.read.1.tlog
C:\Users\akhe\Documents\development\m2m\src\vscp\daemon\win32\Release\bscmake.write.1.tlog
C:\Users\akhe\Documents\development\m2m\src\vscp\daemon\win32\Release\cl.command.1.tlog
C:\Users\akhe\Documents\development\m2m\src\vscp\daemon\win32\Release\CL.read.1.tlog
C:\Users\akhe\Documents\development\m2m\src\vscp\daemon\win32\Release\CL.write.1.tlog
C:\USERS\AKHE\DOCUMENTS\DEVELOPMENT\M2M\SRC\VSCP\DAEMON\WIN32\RELEASE\CLIENTLIST.OBJ
C:\USERS\AKHE\DOCUMENTS\DEVELOPMENT\M2M\SRC\VSCP\DAEMON\WIN32\RELEASE\CLIENTLIST.SBR
C:\USERS\AKHE\DOCUMENTS\DEVELOPMENT\M2M\SRC\VSCP\DAEMON\WIN32\RELEASE\CONTROLOBJECT.OBJ
C:\USERS\AKHE\DOCUMENTS\DEVELOPMENT\M2M\SRC\VSCP\DAEMON\WIN32\RELEASE\CONTROLOBJECT.SBR
C:\USERS\AKHE\DOCUMENTS\DEVELOPMENT\M2M\SRC\VSCP\DAEMON\WIN32\RELEASE\CRC.OBJ
C:\USERS\AKHE\DOCUMENTS\DEVELOPMENT\M2M\SRC\VSCP\DAEMON\WIN32\RELEASE\CRC.SBR
C:\USERS\AKHE\DOCUMENTS\DEVELOPMENT\M2M\SRC\VSCP\DAEMON\WIN32\RELEASE\DAEMONVSCP.OBJ
C:\USERS\AKHE\DOCUMENTS\DEVELOPMENT\M2M\SRC\VSCP\DAEMON\WIN32\RELEASE\DAEMONVSCP.SBR
C:\USERS\AKHE\DOCUMENTS\DEVELOPMENT\M2M\SRC\VSCP\DAEMON\WIN32\RELEASE\DEVICELIST.OBJ
C:\USERS\AKHE\DOCUMENTS\DEVELOPMENT\M2M\SRC\VSCP\DAEMON\WIN32\RELEASE\DEVICELIST.SBR
C:\USERS\AKHE\DOCUMENTS\DEVELOPMENT\M2M\SRC\VSCP\DAEMON\WIN32\RELEASE\DEVICETHREAD.OBJ
C:\USERS\AKHE\DOCUMENTS\DEVELOPMENT\M2M\SRC\VSCP\DAEMON\WIN32\RELEASE\DEVICETHREAD.SBR
C:\USERS\AKHE\DOCUMENTS\DEVELOPMENT\M2M\SRC\VSCP\DAEMON\WIN32\RELEASE\DLLIST.OBJ
C:\USERS\AKHE\DOCUMENTS\DEVELOPMENT\M2M\SRC\VSCP\DAEMON\WIN32\RELEASE\DLLIST.SBR
C:\USERS\AKHE\DOCUMENTS\DEVELOPMENT\M2M\SRC\VSCP\DAEMON\WIN32\RELEASE\DM.OBJ
C:\USERS\AKHE\DOCUMENTS\DEVELOPMENT\M2M\SRC\VSCP\DAEMON\WIN32\RELEASE\DM.SBR
C:\USERS\AKHE\DOCUMENTS\DEVELOPMENT\M2M\SRC\VSCP\DAEMON\WIN32\RELEASE\GETTIMEOFDAY.OBJ
C:\USERS\AKHE\DOCUMENTS\DEVELOPMENT\M2M\SRC\VSCP\DAEMON\WIN32\RELEASE\GETTIMEOFDAY.SBR
C:\USERS\AKHE\DOCUMENTS\DEVELOPMENT\M2M\SRC\VSCP\DAEMON\WIN32\RELEASE\GUID.OBJ
C:\USERS\AKHE\DOCUMENTS\DEVELOPMENT\M2M\SRC\VSCP\DAEMON\WIN32\RELEASE\GUID.SBR
C:\USERS\AKHE\DOCUMENTS\DEVELOPMENT\M2M\SRC\VSCP\DAEMON\WIN32\RELEASE\INTERFACELIST.OBJ
C:\USERS\AKHE\DOCUMENTS\DEVELOPMENT\M2M\SRC\VSCP\DAEMON\WIN32\RELEASE\INTERFACELIST.SBR
C:\Users\akhe\Documents\development\m2m\src\vscp\daemon\win32\Release\link.command.1.tlog
C:\Users\akhe\Documents\development\m2m\src\vscp\daemon\win32\Release\link.read.1.tlog
C:\Users\akhe\Documents\development\m2m\src\vscp\daemon\win32\Release\link.write.1.tlog
C:\USERS\AKHE\DOCUMENTS\DEVELOPMENT\M2M\SRC\VSCP\DAEMON\WIN32\RELEASE\MD5.OBJ
C:\USERS\AKHE\DOCUMENTS\DEVELOPMENT\M2M\SRC\VSCP\DAEMON\WIN32\RELEASE\MD5.SBR
C:\Users\akhe\Documents\development\m2m\src\vscp\daemon\win32\Release\mt.command.1.tlog
C:\Users\akhe\Documents\development\m2m\src\vscp\daemon\win32\Release\mt.read.1.tlog
C:\Users\akhe\Documents\development\m2m\src\vscp\daemon\win32\Release\mt.write.1.tlog
C:\USERS\AKHE\DOCUMENTS\DEVELOPMENT\M2M\SRC\VSCP\DAEMON\WIN32\RELEASE\RANDPASSWORD.OBJ
C:\USERS\AKHE\DOCUMENTS\DEVELOPMENT\M2M\SRC\VSCP\DAEMON\WIN32\RELEASE\RANDPASSWORD.SBR
C:\USERS\AKHE\DOCUMENTS\DEVELOPMENT\M2M\SRC\VSCP\DAEMON\WIN32\RELEASE\SHA-1.OBJ
C:\USERS\AKHE\DOCUMENTS\DEVELOPMENT\M2M\SRC\VSCP\DAEMON\WIN32\RELEASE\SHA-1.SBR
C:\USERS\AKHE\DOCUMENTS\DEVELOPMENT\M2M\SRC\VSCP\DAEMON\WIN32\RELEASE\TCPIPCLIENTTHREAD.OBJ
C:\USERS\AKHE\DOCUMENTS\DEVELOPMENT\M2M\SRC\VSCP\DAEMON\WIN32\RELEASE\TCPIPCLIENTTHREAD.SBR
C:\USERS\AKHE\DOCUMENTS\DEVELOPMENT\M2M\SRC\VSCP\DAEMON\WIN32\RELEASE\UDPTHREAD.OBJ
C:\USERS\AKHE\DOCUMENTS\DEVELOPMENT\M2M\SRC\VSCP\DAEMON\WIN32\RELEASE\UDPTHREAD.SBR
C:\USERS\AKHE\DOCUMENTS\DEVELOPMENT\M2M\SRC\VSCP\DAEMON\WIN32\RELEASE\USERLIST.OBJ
C:\USERS\AKHE\DOCUMENTS\DEVELOPMENT\M2M\SRC\VSCP\DAEMON\WIN32\RELEASE\USERLIST.SBR
C:\Users\akhe\Documents\development\m2m\src\vscp\daemon\win32\Release\vc100.idb
C:\USERS\AKHE\DOCUMENTS\DEVELOPMENT\M2M\SRC\VSCP\DAEMON\WIN32\RELEASE\VC100.PDB
C:\USERS\AKHE\DOCUMENTS\DEVELOPMENT\M2M\SRC\VSCP\DAEMON\WIN32\RELEASE\VSCPD.BSC
C:\USERS\AKHE\DOCUMENTS\DEVELOPMENT\M2M\SRC\VSCP\DAEMON\WIN32\RELEASE\VSCPD.EXE
C:\USERS\AKHE\DOCUMENTS\DEVELOPMENT\M2M\SRC\VSCP\DAEMON\WIN32\RELEASE\VSCPD.EXE.INTERMEDIATE.MANIFEST
C:\USERS\AKHE\DOCUMENTS\DEVELOPMENT\M2M\SRC\VSCP\DAEMON\WIN32\RELEASE\VSCPD.OBJ
C:\USERS\AKHE\DOCUMENTS\DEVELOPMENT\M2M\SRC\VSCP\DAEMON\WIN32\RELEASE\VSCPD.SBR
C:\Users\akhe\Documents\development\m2m\src\vscp\daemon\win32\Release\vscpd.write.1.tlog
C:\USERS\AKHE\DOCUMENTS\DEVELOPMENT\M2M\SRC\VSCP\DAEMON\WIN32\RELEASE\VSCPHELPER.OBJ
C:\USERS\AKHE\DOCUMENTS\DEVELOPMENT\M2M\SRC\VSCP\DAEMON\WIN32\RELEASE\VSCPHELPER.SBR
C:\USERS\AKHE\DOCUMENTS\DEVELOPMENT\M2M\SRC\VSCP\DAEMON\WIN32\RELEASE\VSCPTCPIF.OBJ
C:\USERS\AKHE\DOCUMENTS\DEVELOPMENT\M2M\SRC\VSCP\DAEMON\WIN32\RELEASE\VSCPTCPIF.SBR
C:\USERS\AKHE\DOCUMENTS\DEVELOPMENT\M2M\SRC\VSCP\DAEMON\WIN32\RELEASE\VSCPVARIABLE.OBJ
C:\USERS\AKHE\DOCUMENTS\DEVELOPMENT\M2M\SRC\VSCP\DAEMON\WIN32\RELEASE\VSCPVARIABLE.SBR
