.\debug\vscpservice.bsc
.\debug\vscpservice.ilk
.\debug\vscpservice.pdb
C:\Users\akhe\Documents\development\m2m\src\vscp\Build\Debugvscpservice.exe
C:\Users\akhe\Documents\development\m2m\src\vscp\vscpservice\.\debug\vscpservice.exe
C:\Users\akhe\Documents\development\m2m\src\vscp\vscpservice\.\debug\vscpservice.exe.intermediate.manifest
C:\Users\akhe\Documents\development\m2m\src\vscp\vscpservice\debug\BscMake.command.1.tlog
C:\Users\akhe\Documents\development\m2m\src\vscp\vscpservice\debug\bscmake.read.1.tlog
C:\Users\akhe\Documents\development\m2m\src\vscp\vscpservice\debug\bscmake.write.1.tlog
C:\Users\akhe\Documents\development\m2m\src\vscp\vscpservice\debug\cl.command.1.tlog
C:\Users\akhe\Documents\development\m2m\src\vscp\vscpservice\debug\CL.read.1.tlog
C:\Users\akhe\Documents\development\m2m\src\vscp\vscpservice\debug\CL.write.1.tlog
C:\USERS\AKHE\DOCUMENTS\DEVELOPMENT\M2M\SRC\VSCP\VSCPSERVICE\DEBUG\CLIENTLIST.OBJ
C:\USERS\AKHE\DOCUMENTS\DEVELOPMENT\M2M\SRC\VSCP\VSCPSERVICE\DEBUG\CLIENTLIST.SBR
C:\USERS\AKHE\DOCUMENTS\DEVELOPMENT\M2M\SRC\VSCP\VSCPSERVICE\DEBUG\CONTROLOBJECT.OBJ
C:\USERS\AKHE\DOCUMENTS\DEVELOPMENT\M2M\SRC\VSCP\VSCPSERVICE\DEBUG\CONTROLOBJECT.SBR
C:\USERS\AKHE\DOCUMENTS\DEVELOPMENT\M2M\SRC\VSCP\VSCPSERVICE\DEBUG\CRC.OBJ
C:\USERS\AKHE\DOCUMENTS\DEVELOPMENT\M2M\SRC\VSCP\VSCPSERVICE\DEBUG\CRC.SBR
C:\USERS\AKHE\DOCUMENTS\DEVELOPMENT\M2M\SRC\VSCP\VSCPSERVICE\DEBUG\DAEMONVSCP.OBJ
C:\USERS\AKHE\DOCUMENTS\DEVELOPMENT\M2M\SRC\VSCP\VSCPSERVICE\DEBUG\DAEMONVSCP.SBR
C:\USERS\AKHE\DOCUMENTS\DEVELOPMENT\M2M\SRC\VSCP\VSCPSERVICE\DEBUG\DEVICELIST.OBJ
C:\USERS\AKHE\DOCUMENTS\DEVELOPMENT\M2M\SRC\VSCP\VSCPSERVICE\DEBUG\DEVICELIST.SBR
C:\USERS\AKHE\DOCUMENTS\DEVELOPMENT\M2M\SRC\VSCP\VSCPSERVICE\DEBUG\DEVICETHREAD.OBJ
C:\USERS\AKHE\DOCUMENTS\DEVELOPMENT\M2M\SRC\VSCP\VSCPSERVICE\DEBUG\DEVICETHREAD.SBR
C:\USERS\AKHE\DOCUMENTS\DEVELOPMENT\M2M\SRC\VSCP\VSCPSERVICE\DEBUG\DLLIST.OBJ
C:\USERS\AKHE\DOCUMENTS\DEVELOPMENT\M2M\SRC\VSCP\VSCPSERVICE\DEBUG\DLLIST.SBR
C:\USERS\AKHE\DOCUMENTS\DEVELOPMENT\M2M\SRC\VSCP\VSCPSERVICE\DEBUG\DM.OBJ
C:\USERS\AKHE\DOCUMENTS\DEVELOPMENT\M2M\SRC\VSCP\VSCPSERVICE\DEBUG\DM.SBR
C:\USERS\AKHE\DOCUMENTS\DEVELOPMENT\M2M\SRC\VSCP\VSCPSERVICE\DEBUG\GUID.OBJ
C:\USERS\AKHE\DOCUMENTS\DEVELOPMENT\M2M\SRC\VSCP\VSCPSERVICE\DEBUG\GUID.SBR
C:\USERS\AKHE\DOCUMENTS\DEVELOPMENT\M2M\SRC\VSCP\VSCPSERVICE\DEBUG\INTERFACELIST.OBJ
C:\USERS\AKHE\DOCUMENTS\DEVELOPMENT\M2M\SRC\VSCP\VSCPSERVICE\DEBUG\INTERFACELIST.SBR
C:\Users\akhe\Documents\development\m2m\src\vscp\vscpservice\debug\link.3768.read.1.tlog
C:\Users\akhe\Documents\development\m2m\src\vscp\vscpservice\debug\link.3768.write.1.tlog
C:\Users\akhe\Documents\development\m2m\src\vscp\vscpservice\debug\link.3768-cvtres.read.1.tlog
C:\Users\akhe\Documents\development\m2m\src\vscp\vscpservice\debug\link.3768-cvtres.write.1.tlog
C:\Users\akhe\Documents\development\m2m\src\vscp\vscpservice\debug\link.command.1.tlog
C:\Users\akhe\Documents\development\m2m\src\vscp\vscpservice\debug\link.read.1.tlog
C:\Users\akhe\Documents\development\m2m\src\vscp\vscpservice\debug\link.write.1.tlog
C:\Users\akhe\Documents\development\m2m\src\vscp\vscpservice\debug\link-cvtres.read.1.tlog
C:\Users\akhe\Documents\development\m2m\src\vscp\vscpservice\debug\link-cvtres.write.1.tlog
C:\USERS\AKHE\DOCUMENTS\DEVELOPMENT\M2M\SRC\VSCP\VSCPSERVICE\DEBUG\MD5.OBJ
C:\USERS\AKHE\DOCUMENTS\DEVELOPMENT\M2M\SRC\VSCP\VSCPSERVICE\DEBUG\MD5.SBR
C:\Users\akhe\Documents\development\m2m\src\vscp\vscpservice\debug\mt.command.1.tlog
C:\Users\akhe\Documents\development\m2m\src\vscp\vscpservice\debug\mt.read.1.tlog
C:\Users\akhe\Documents\development\m2m\src\vscp\vscpservice\debug\mt.write.1.tlog
C:\USERS\AKHE\DOCUMENTS\DEVELOPMENT\M2M\SRC\VSCP\VSCPSERVICE\DEBUG\NTSERVICE.OBJ
C:\USERS\AKHE\DOCUMENTS\DEVELOPMENT\M2M\SRC\VSCP\VSCPSERVICE\DEBUG\NTSERVICE.SBR
C:\USERS\AKHE\DOCUMENTS\DEVELOPMENT\M2M\SRC\VSCP\VSCPSERVICE\DEBUG\NTSERVMSG.RES
C:\USERS\AKHE\DOCUMENTS\DEVELOPMENT\M2M\SRC\VSCP\VSCPSERVICE\DEBUG\RANDPASSWORD.OBJ
C:\USERS\AKHE\DOCUMENTS\DEVELOPMENT\M2M\SRC\VSCP\VSCPSERVICE\DEBUG\RANDPASSWORD.SBR
C:\Users\akhe\Documents\development\m2m\src\vscp\vscpservice\debug\rc.command.1.tlog
C:\Users\akhe\Documents\development\m2m\src\vscp\vscpservice\debug\rc.read.1.tlog
C:\Users\akhe\Documents\development\m2m\src\vscp\vscpservice\debug\rc.write.1.tlog
C:\USERS\AKHE\DOCUMENTS\DEVELOPMENT\M2M\SRC\VSCP\VSCPSERVICE\DEBUG\TCPIPCLIENTTHREAD.OBJ
C:\USERS\AKHE\DOCUMENTS\DEVELOPMENT\M2M\SRC\VSCP\VSCPSERVICE\DEBUG\TCPIPCLIENTTHREAD.SBR
C:\USERS\AKHE\DOCUMENTS\DEVELOPMENT\M2M\SRC\VSCP\VSCPSERVICE\DEBUG\UDPTHREAD.OBJ
C:\USERS\AKHE\DOCUMENTS\DEVELOPMENT\M2M\SRC\VSCP\VSCPSERVICE\DEBUG\UDPTHREAD.SBR
C:\USERS\AKHE\DOCUMENTS\DEVELOPMENT\M2M\SRC\VSCP\VSCPSERVICE\DEBUG\USERLIST.OBJ
C:\USERS\AKHE\DOCUMENTS\DEVELOPMENT\M2M\SRC\VSCP\VSCPSERVICE\DEBUG\USERLIST.SBR
C:\Users\akhe\Documents\development\m2m\src\vscp\vscpservice\debug\vc100.idb
C:\USERS\AKHE\DOCUMENTS\DEVELOPMENT\M2M\SRC\VSCP\VSCPSERVICE\DEBUG\VC100.PDB
C:\USERS\AKHE\DOCUMENTS\DEVELOPMENT\M2M\SRC\VSCP\VSCPSERVICE\DEBUG\VSCPHELPER.OBJ
C:\USERS\AKHE\DOCUMENTS\DEVELOPMENT\M2M\SRC\VSCP\VSCPSERVICE\DEBUG\VSCPHELPER.SBR
C:\USERS\AKHE\DOCUMENTS\DEVELOPMENT\M2M\SRC\VSCP\VSCPSERVICE\DEBUG\VSCPSERVAPP.OBJ
C:\USERS\AKHE\DOCUMENTS\DEVELOPMENT\M2M\SRC\VSCP\VSCPSERVICE\DEBUG\VSCPSERVAPP.SBR
C:\USERS\AKHE\DOCUMENTS\DEVELOPMENT\M2M\SRC\VSCP\VSCPSERVICE\DEBUG\VSCPSERVICE.BSC
C:\USERS\AKHE\DOCUMENTS\DEVELOPMENT\M2M\SRC\VSCP\VSCPSERVICE\DEBUG\VSCPSERVICE.EXE
C:\USERS\AKHE\DOCUMENTS\DEVELOPMENT\M2M\SRC\VSCP\VSCPSERVICE\DEBUG\VSCPSERVICE.EXE.EMBED.MANIFEST
C:\USERS\AKHE\DOCUMENTS\DEVELOPMENT\M2M\SRC\VSCP\VSCPSERVICE\DEBUG\VSCPSERVICE.EXE.EMBED.MANIFEST.RES
C:\USERS\AKHE\DOCUMENTS\DEVELOPMENT\M2M\SRC\VSCP\VSCPSERVICE\DEBUG\VSCPSERVICE.EXE.INTERMEDIATE.MANIFEST
C:\USERS\AKHE\DOCUMENTS\DEVELOPMENT\M2M\SRC\VSCP\VSCPSERVICE\DEBUG\VSCPSERVICE.ILK
C:\USERS\AKHE\DOCUMENTS\DEVELOPMENT\M2M\SRC\VSCP\VSCPSERVICE\DEBUG\VSCPSERVICE.OBJ
C:\USERS\AKHE\DOCUMENTS\DEVELOPMENT\M2M\SRC\VSCP\VSCPSERVICE\DEBUG\VSCPSERVICE.PDB
C:\USERS\AKHE\DOCUMENTS\DEVELOPMENT\M2M\SRC\VSCP\VSCPSERVICE\DEBUG\VSCPSERVICE.SBR
C:\Users\akhe\Documents\development\m2m\src\vscp\vscpservice\debug\vscpservice.write.1.tlog
C:\Users\akhe\Documents\development\m2m\src\vscp\vscpservice\debug\vscpservice_manifest.rc
C:\USERS\AKHE\DOCUMENTS\DEVELOPMENT\M2M\SRC\VSCP\VSCPSERVICE\DEBUG\VSCPTCPIF.OBJ
C:\USERS\AKHE\DOCUMENTS\DEVELOPMENT\M2M\SRC\VSCP\VSCPSERVICE\DEBUG\VSCPTCPIF.SBR
C:\USERS\AKHE\DOCUMENTS\DEVELOPMENT\M2M\SRC\VSCP\VSCPSERVICE\DEBUG\VSCPVARIABLE.OBJ
C:\USERS\AKHE\DOCUMENTS\DEVELOPMENT\M2M\SRC\VSCP\VSCPSERVICE\DEBUG\VSCPVARIABLE.SBR
