Build started 2012-03-30 16:54:58.
     1>Project "C:\Users\akhe\Documents\development\m2m\src\vscp\vscpservice\vscpservice.vcxproj" on node 2 (rebuild target(s)).
     1>_PrepareForClean:
         Deleting file ".\debug\vscpservice.lastbuildstate".
       InitializeBuildStatus:
         Creating ".\debug\vscpservice.unsuccessfulbuild" because "AlwaysCreate" was specified.
       ClCompile:
         c:\Program Files (x86)\Microsoft Visual Studio 10.0\VC\bin\CL.exe /c /I"C:\wxWidgets-2.8.12\include\msvc" /I"C:\wxWidgets-2.8.12\include\\" /ZI /nologo /W3 /WX- /Od /Oy- /D _WIN32 /D _WIN32_WINNT=0x0600 /D WIN32 /D _DEBUG /D VSCP /D WINDOWS /D BUILD_VSCPD_SERVICE /D _VC80_UPGRADE=0x0600 /D _MBCS /Gm /EHsc /RTC1 /MDd /Zp1 /GS /Gy- /fp:precise /Zc:wchar_t /Zc:forScope /Fo".\debug\\" /Fd".\debug\vc100.pdb" /FR".\debug\\" /Gd /TP /analyze- /errorReport:prompt ..\..\common\randPassword.cpp ..\common\clientlist.cpp ..\common\controlobject.cpp ..\common\daemonvscp.cpp ..\common\devicelist.cpp ..\common\devicethread.cpp ..\common\dm.cpp ..\common\guid.cpp ..\common\interfacelist.cpp ..\..\common\md5.cpp ..\..\common\NTService.cpp ..\common\tcpipclientthread.cpp ..\common\udpthread.cpp ..\common\userlist.cpp ..\common\vscphelper.cpp ..\common\vscptcpif.cpp VSCPServApp.cpp vscpservice.cpp ..\common\vscpvariable.cpp
         vscpvariable.cpp
         vscpservice.cpp
         VSCPServApp.cpp
         vscptcpif.cpp
         vscphelper.cpp
         userlist.cpp
         udpthread.cpp
         tcpipclientthread.cpp
         NTService.cpp
         md5.cpp
         interfacelist.cpp
         guid.cpp
         dm.cpp
         devicethread.cpp
         devicelist.cpp
         daemonvscp.cpp
         controlobject.cpp
         clientlist.cpp
         randPassword.cpp
     1>c:\users\akhe\documents\development\m2m\src\common\randpassword.cpp(90): warning C4996: 'strcat': This function or variable may be unsafe. Consider using strcat_s instead. To disable deprecation, use _CRT_SECURE_NO_WARNINGS. See online help for details.
                 c:\program files (x86)\microsoft visual studio 10.0\vc\include\string.h(110) : see declaration of 'strcat'
     1>c:\users\akhe\documents\development\m2m\src\common\randpassword.cpp(91): warning C4996: 'strcat': This function or variable may be unsafe. Consider using strcat_s instead. To disable deprecation, use _CRT_SECURE_NO_WARNINGS. See online help for details.
                 c:\program files (x86)\microsoft visual studio 10.0\vc\include\string.h(110) : see declaration of 'strcat'
     1>c:\users\akhe\documents\development\m2m\src\common\randpassword.cpp(95): warning C4996: 'strcat': This function or variable may be unsafe. Consider using strcat_s instead. To disable deprecation, use _CRT_SECURE_NO_WARNINGS. See online help for details.
                 c:\program files (x86)\microsoft visual studio 10.0\vc\include\string.h(110) : see declaration of 'strcat'
     1>c:\users\akhe\documents\development\m2m\src\common\randpassword.cpp(103): warning C4996: 'strcat': This function or variable may be unsafe. Consider using strcat_s instead. To disable deprecation, use _CRT_SECURE_NO_WARNINGS. See online help for details.
                 c:\program files (x86)\microsoft visual studio 10.0\vc\include\string.h(110) : see declaration of 'strcat'
         Generating Code...
         c:\Program Files (x86)\Microsoft Visual Studio 10.0\VC\bin\CL.exe /c /I"C:\wxWidgets-2.8.12\include\msvc" /I"C:\wxWidgets-2.8.12\include\\" /ZI /nologo /W3 /WX- /Od /Oy- /D _WIN32 /D _WIN32_WINNT=0x0600 /D WIN32 /D _DEBUG /D VSCP /D WINDOWS /D BUILD_VSCPD_SERVICE /D _VC80_UPGRADE=0x0600 /D _MBCS /Gm /EHsc /RTC1 /MDd /Zp1 /GS /Gy- /fp:precise /Zc:wchar_t /Zc:forScope /Fo".\debug\\" /Fd".\debug\vc100.pdb" /FR".\debug\\" /Gd /TC /analyze- /errorReport:prompt ..\..\common\crc.c ..\..\common\dllist.c
         dllist.c
         crc.c
         Generating Code...
       ResourceCompile:
         C:\Program Files (x86)\Microsoft SDKs\Windows\v7.0A\bin\rc.exe /D _DEBUG /D _VC80_UPGRADE=0x0600 /l"0x0409" /I\Users\akhe\Documents\development\m2m\src\common /nologo /fo".\debug\ntservmsg.res" ..\..\common\ntservmsg.rc 
       ManifestResourceCompile:
         C:\Program Files (x86)\Microsoft SDKs\Windows\v7.0A\bin\rc.exe /nologo /fo".\debug\vscpservice.exe.embed.manifest.res" .\debug\vscpservice_manifest.rc 
       Link:
         c:\Program Files (x86)\Microsoft Visual Studio 10.0\VC\bin\link.exe /ERRORREPORT:PROMPT /OUT:".\debug\vscpservice.exe" /INCREMENTAL /NOLOGO /LIBPATH:"C:\wxWidgets-2.8.12\lib\vc_lib" comctl32.lib Ws2_32.lib wsock32.lib netapi32.lib kernel32.lib user32.lib gdi32.lib winspool.lib comdlg32.lib advapi32.lib shell32.lib ole32.lib oleaut32.lib uuid.lib rpcrt4.lib kernel32.lib user32.lib gdi32.lib winspool.lib comdlg32.lib advapi32.lib shell32.lib ole32.lib oleaut32.lib uuid.lib odbc32.lib odbccp32.lib /MANIFEST /ManifestFile:".\debug\vscpservice.exe.intermediate.manifest" /MANIFESTUAC:"level='asInvoker' uiAccess='false'" /DEBUG /PDB:"C:\Users\akhe\Documents\development\m2m\src\vscp\vscpservice\debug\vscpservice.pdb" /SUBSYSTEM:CONSOLE /TLBID:1 /DYNAMICBASE /NXCOMPAT /IMPLIB:".\debug\vscpservice.lib" /MACHINE:X86 .\debug\ntservmsg.res
         .\debug\vscpservice.exe.embed.manifest.res
         .\debug\randPassword.obj
         .\debug\clientlist.obj
         .\debug\controlobject.obj
         .\debug\crc.obj
         .\debug\daemonvscp.obj
         .\debug\devicelist.obj
         .\debug\devicethread.obj
         .\debug\dllist.obj
         .\debug\dm.obj
         .\debug\guid.obj
         .\debug\interfacelist.obj
         .\debug\md5.obj
         .\debug\NTService.obj
         .\debug\tcpipclientthread.obj
         .\debug\udpthread.obj
         .\debug\userlist.obj
         .\debug\vscphelper.obj
         .\debug\vscptcpif.obj
         .\debug\VSCPServApp.obj
         .\debug\vscpservice.obj
         .\debug\vscpvariable.obj
       Manifest:
         Deleting file ".\debug\vscpservice.exe.embed.manifest".
         C:\Program Files (x86)\Microsoft SDKs\Windows\v7.0A\bin\mt.exe /nologo /verbose /out:".\debug\vscpservice.exe.embed.manifest" /manifest .\debug\vscpservice.exe.intermediate.manifest
         C:\Program Files (x86)\Microsoft SDKs\Windows\v7.0A\bin\rc.exe /nologo /fo".\debug\vscpservice.exe.embed.manifest.res" .\debug\vscpservice_manifest.rc 
       LinkEmbedManifest:
         c:\Program Files (x86)\Microsoft Visual Studio 10.0\VC\bin\link.exe /ERRORREPORT:PROMPT /OUT:".\debug\vscpservice.exe" /INCREMENTAL /NOLOGO /LIBPATH:"C:\wxWidgets-2.8.12\lib\vc_lib" comctl32.lib Ws2_32.lib wsock32.lib netapi32.lib kernel32.lib user32.lib gdi32.lib winspool.lib comdlg32.lib advapi32.lib shell32.lib ole32.lib oleaut32.lib uuid.lib rpcrt4.lib kernel32.lib user32.lib gdi32.lib winspool.lib comdlg32.lib advapi32.lib shell32.lib ole32.lib oleaut32.lib uuid.lib odbc32.lib odbccp32.lib /MANIFEST /ManifestFile:".\debug\vscpservice.exe.intermediate.manifest" /MANIFESTUAC:"level='asInvoker' uiAccess='false'" /DEBUG /PDB:"C:\Users\akhe\Documents\development\m2m\src\vscp\vscpservice\debug\vscpservice.pdb" /SUBSYSTEM:CONSOLE /TLBID:1 /DYNAMICBASE /NXCOMPAT /IMPLIB:".\debug\vscpservice.lib" /MACHINE:X86 .\debug\ntservmsg.res
         .\debug\vscpservice.exe.embed.manifest.res
         .\debug\randPassword.obj
         .\debug\clientlist.obj
         .\debug\controlobject.obj
         .\debug\crc.obj
         .\debug\daemonvscp.obj
         .\debug\devicelist.obj
         .\debug\devicethread.obj
         .\debug\dllist.obj
         .\debug\dm.obj
         .\debug\guid.obj
         .\debug\interfacelist.obj
         .\debug\md5.obj
         .\debug\NTService.obj
         .\debug\tcpipclientthread.obj
         .\debug\udpthread.obj
         .\debug\userlist.obj
         .\debug\vscphelper.obj
         .\debug\vscptcpif.obj
         .\debug\VSCPServApp.obj
         .\debug\vscpservice.obj
         .\debug\vscpvariable.obj
         vscpservice.vcxproj -> C:\Users\akhe\Documents\development\m2m\src\vscp\vscpservice\.\debug\vscpservice.exe
       BscMake:
         c:\Program Files (x86)\Microsoft Visual Studio 10.0\VC\bin\bscmake.exe /nologo /o".\debug\vscpservice.bsc" .\debug\randPassword.sbr .\debug\clientlist.sbr .\debug\controlobject.sbr .\debug\crc.sbr .\debug\daemonvscp.sbr .\debug\devicelist.sbr .\debug\devicethread.sbr .\debug\dllist.sbr .\debug\dm.sbr .\debug\guid.sbr .\debug\interfacelist.sbr .\debug\md5.sbr .\debug\NTService.sbr .\debug\tcpipclientthread.sbr .\debug\udpthread.sbr .\debug\userlist.sbr .\debug\vscphelper.sbr .\debug\vscptcpif.sbr .\debug\VSCPServApp.sbr .\debug\vscpservice.sbr .\debug\vscpvariable.sbr
       CustomBuildStep:
         Description: Performing Custom Build Step
         echo on
         mkdir "C:\Users\akhe\Documents\development\m2m\src\vscp\Build"
         mkdir "C:\Users\akhe\Documents\development\m2m\src\vscp\Build\Debug"
         if exist "C:\Users\akhe\Documents\development\m2m\src\vscp\Build\Debug" copy /Y "C:\Users\akhe\Documents\development\m2m\src\vscp\vscpservice\.\debug\vscpservice.exe"  "C:\Users\akhe\Documents\development\m2m\src\vscp\Build\Debug"
         :VCEnd
         A subdirectory or file C:\Users\akhe\Documents\development\m2m\src\vscp\Build already exists.
         A subdirectory or file C:\Users\akhe\Documents\development\m2m\src\vscp\Build\Debug already exists.
                 1 file(s) copied.
       FinalizeBuildStatus:
         Deleting file ".\debug\vscpservice.unsuccessfulbuild".
         Touching ".\debug\vscpservice.lastbuildstate".
     1>Done Building Project "C:\Users\akhe\Documents\development\m2m\src\vscp\vscpservice\vscpservice.vcxproj" (rebuild target(s)).

Build succeeded.

Time Elapsed 00:01:14.32
