C:\Users\akhe\Documents\development\m2m\src\vscp\Build\Releasepeakdrv.dll
C:\Users\akhe\Documents\development\m2m\src\vscp\drivers\level1\peak\win32\.\Release\peakdrv.dll
C:\Users\akhe\Documents\development\m2m\src\vscp\drivers\level1\peak\win32\.\Release\peakdrv.dll.intermediate.manifest
C:\Users\akhe\Documents\development\m2m\src\vscp\drivers\level1\peak\win32\Release\cl.command.1.tlog
C:\Users\akhe\Documents\development\m2m\src\vscp\drivers\level1\peak\win32\Release\CL.read.1.tlog
C:\Users\akhe\Documents\development\m2m\src\vscp\drivers\level1\peak\win32\Release\CL.write.1.tlog
C:\USERS\AKHE\DOCUMENTS\DEVELOPMENT\M2M\SRC\VSCP\DRIVERS\LEVEL1\PEAK\WIN32\RELEASE\DLLDRVOBJ.OBJ
C:\USERS\AKHE\DOCUMENTS\DEVELOPMENT\M2M\SRC\VSCP\DRIVERS\LEVEL1\PEAK\WIN32\RELEASE\DLLIST.OBJ
C:\Users\akhe\Documents\development\m2m\src\vscp\drivers\level1\peak\win32\Release\link.command.1.tlog
C:\Users\akhe\Documents\development\m2m\src\vscp\drivers\level1\peak\win32\Release\link.read.1.tlog
C:\Users\akhe\Documents\development\m2m\src\vscp\drivers\level1\peak\win32\Release\link.write.1.tlog
C:\Users\akhe\Documents\development\m2m\src\vscp\drivers\level1\peak\win32\Release\mt.command.1.tlog
C:\Users\akhe\Documents\development\m2m\src\vscp\drivers\level1\peak\win32\Release\mt.read.1.tlog
C:\Users\akhe\Documents\development\m2m\src\vscp\drivers\level1\peak\win32\Release\mt.write.1.tlog
C:\USERS\AKHE\DOCUMENTS\DEVELOPMENT\M2M\SRC\VSCP\DRIVERS\LEVEL1\PEAK\WIN32\RELEASE\PEAKDRV.DLL
C:\USERS\AKHE\DOCUMENTS\DEVELOPMENT\M2M\SRC\VSCP\DRIVERS\LEVEL1\PEAK\WIN32\RELEASE\PEAKDRV.DLL.INTERMEDIATE.MANIFEST
C:\Users\akhe\Documents\development\m2m\src\vscp\drivers\level1\peak\win32\Release\peakdrv.exp
C:\Users\akhe\Documents\development\m2m\src\vscp\drivers\level1\peak\win32\Release\peakdrv.lib
C:\USERS\AKHE\DOCUMENTS\DEVELOPMENT\M2M\SRC\VSCP\DRIVERS\LEVEL1\PEAK\WIN32\RELEASE\PEAKDRV.OBJ
C:\Users\akhe\Documents\development\m2m\src\vscp\drivers\level1\peak\win32\Release\peakdrv.write.1.tlog
C:\USERS\AKHE\DOCUMENTS\DEVELOPMENT\M2M\SRC\VSCP\DRIVERS\LEVEL1\PEAK\WIN32\RELEASE\PEAKOBJ.OBJ
C:\USERS\AKHE\DOCUMENTS\DEVELOPMENT\M2M\SRC\VSCP\DRIVERS\LEVEL1\PEAK\WIN32\RELEASE\VC100.PDB
