C:\Users\akhe\Documents\development\m2m\src\vscp\Build\Releasecan4vscpdrv.dll
C:\Users\akhe\Documents\development\m2m\src\vscp\drivers\level1\can4vscp\win32\.\Release\can4vscpdrv.dll
C:\Users\akhe\Documents\development\m2m\src\vscp\drivers\level1\can4vscp\win32\.\Release\can4vscpdrv.dll.intermediate.manifest
C:\USERS\AKHE\DOCUMENTS\DEVELOPMENT\M2M\SRC\VSCP\DRIVERS\LEVEL1\CAN4VSCP\WIN32\RELEASE\CAN4VSCPDRV.DLL
C:\USERS\AKHE\DOCUMENTS\DEVELOPMENT\M2M\SRC\VSCP\DRIVERS\LEVEL1\CAN4VSCP\WIN32\RELEASE\CAN4VSCPDRV.DLL.INTERMEDIATE.MANIFEST
C:\Users\akhe\Documents\development\m2m\src\vscp\drivers\level1\can4vscp\win32\Release\can4vscpdrv.exp
C:\Users\akhe\Documents\development\m2m\src\vscp\drivers\level1\can4vscp\win32\Release\can4vscpdrv.lib
C:\USERS\AKHE\DOCUMENTS\DEVELOPMENT\M2M\SRC\VSCP\DRIVERS\LEVEL1\CAN4VSCP\WIN32\RELEASE\CAN4VSCPDRV.OBJ
C:\Users\akhe\Documents\development\m2m\src\vscp\drivers\level1\can4vscp\win32\Release\can4vscpdrv.write.1.tlog
C:\USERS\AKHE\DOCUMENTS\DEVELOPMENT\M2M\SRC\VSCP\DRIVERS\LEVEL1\CAN4VSCP\WIN32\RELEASE\CAN4VSCPOBJ.OBJ
C:\Users\akhe\Documents\development\m2m\src\vscp\drivers\level1\can4vscp\win32\Release\cl.command.1.tlog
C:\Users\akhe\Documents\development\m2m\src\vscp\drivers\level1\can4vscp\win32\Release\CL.read.1.tlog
C:\Users\akhe\Documents\development\m2m\src\vscp\drivers\level1\can4vscp\win32\Release\CL.write.1.tlog
C:\USERS\AKHE\DOCUMENTS\DEVELOPMENT\M2M\SRC\VSCP\DRIVERS\LEVEL1\CAN4VSCP\WIN32\RELEASE\COM_WIN32.OBJ
C:\USERS\AKHE\DOCUMENTS\DEVELOPMENT\M2M\SRC\VSCP\DRIVERS\LEVEL1\CAN4VSCP\WIN32\RELEASE\DLLDRVOBJ.OBJ
C:\USERS\AKHE\DOCUMENTS\DEVELOPMENT\M2M\SRC\VSCP\DRIVERS\LEVEL1\CAN4VSCP\WIN32\RELEASE\DLLIST.OBJ
C:\Users\akhe\Documents\development\m2m\src\vscp\drivers\level1\can4vscp\win32\Release\link.command.1.tlog
C:\Users\akhe\Documents\development\m2m\src\vscp\drivers\level1\can4vscp\win32\Release\link.read.1.tlog
C:\Users\akhe\Documents\development\m2m\src\vscp\drivers\level1\can4vscp\win32\Release\link.write.1.tlog
C:\Users\akhe\Documents\development\m2m\src\vscp\drivers\level1\can4vscp\win32\Release\mt.command.1.tlog
C:\Users\akhe\Documents\development\m2m\src\vscp\drivers\level1\can4vscp\win32\Release\mt.read.1.tlog
C:\Users\akhe\Documents\development\m2m\src\vscp\drivers\level1\can4vscp\win32\Release\mt.write.1.tlog
C:\USERS\AKHE\DOCUMENTS\DEVELOPMENT\M2M\SRC\VSCP\DRIVERS\LEVEL1\CAN4VSCP\WIN32\RELEASE\VC100.PDB
