C:\Users\akhe\Documents\development\m2m\src\vscp\Build\Releasetellstickdrv.dll
C:\Users\akhe\Documents\development\m2m\src\vscp\drivers\level1\tellstick\win32\.\Release\tellstickdrv.dll
C:\Users\akhe\Documents\development\m2m\src\vscp\drivers\level1\tellstick\win32\.\Release\tellstickdrv.dll.intermediate.manifest
C:\Users\akhe\Documents\development\m2m\src\vscp\drivers\level1\tellstick\win32\Release\cl.command.1.tlog
C:\Users\akhe\Documents\development\m2m\src\vscp\drivers\level1\tellstick\win32\Release\CL.read.1.tlog
C:\Users\akhe\Documents\development\m2m\src\vscp\drivers\level1\tellstick\win32\Release\CL.write.1.tlog
C:\USERS\AKHE\DOCUMENTS\DEVELOPMENT\M2M\SRC\VSCP\DRIVERS\LEVEL1\TELLSTICK\WIN32\RELEASE\COM_WIN32.OBJ
C:\USERS\AKHE\DOCUMENTS\DEVELOPMENT\M2M\SRC\VSCP\DRIVERS\LEVEL1\TELLSTICK\WIN32\RELEASE\CRC.OBJ
C:\USERS\AKHE\DOCUMENTS\DEVELOPMENT\M2M\SRC\VSCP\DRIVERS\LEVEL1\TELLSTICK\WIN32\RELEASE\DLLDRVOBJ.OBJ
C:\USERS\AKHE\DOCUMENTS\DEVELOPMENT\M2M\SRC\VSCP\DRIVERS\LEVEL1\TELLSTICK\WIN32\RELEASE\DLLIST.OBJ
C:\Users\akhe\Documents\development\m2m\src\vscp\drivers\level1\tellstick\win32\Release\link.command.1.tlog
C:\Users\akhe\Documents\development\m2m\src\vscp\drivers\level1\tellstick\win32\Release\link.read.1.tlog
C:\Users\akhe\Documents\development\m2m\src\vscp\drivers\level1\tellstick\win32\Release\link.write.1.tlog
C:\Users\akhe\Documents\development\m2m\src\vscp\drivers\level1\tellstick\win32\Release\mt.command.1.tlog
C:\Users\akhe\Documents\development\m2m\src\vscp\drivers\level1\tellstick\win32\Release\mt.read.1.tlog
C:\Users\akhe\Documents\development\m2m\src\vscp\drivers\level1\tellstick\win32\Release\mt.write.1.tlog
C:\USERS\AKHE\DOCUMENTS\DEVELOPMENT\M2M\SRC\VSCP\DRIVERS\LEVEL1\TELLSTICK\WIN32\RELEASE\TELLSTICKDRV.DLL
C:\USERS\AKHE\DOCUMENTS\DEVELOPMENT\M2M\SRC\VSCP\DRIVERS\LEVEL1\TELLSTICK\WIN32\RELEASE\TELLSTICKDRV.DLL.INTERMEDIATE.MANIFEST
C:\Users\akhe\Documents\development\m2m\src\vscp\drivers\level1\tellstick\win32\Release\tellstickdrv.exp
C:\Users\akhe\Documents\development\m2m\src\vscp\drivers\level1\tellstick\win32\Release\tellstickdrv.lib
C:\USERS\AKHE\DOCUMENTS\DEVELOPMENT\M2M\SRC\VSCP\DRIVERS\LEVEL1\TELLSTICK\WIN32\RELEASE\TELLSTICKDRV.OBJ
C:\Users\akhe\Documents\development\m2m\src\vscp\drivers\level1\tellstick\win32\Release\tellstickdrv.write.1.tlog
C:\USERS\AKHE\DOCUMENTS\DEVELOPMENT\M2M\SRC\VSCP\DRIVERS\LEVEL1\TELLSTICK\WIN32\RELEASE\TELLSTICKOBJ.OBJ
C:\USERS\AKHE\DOCUMENTS\DEVELOPMENT\M2M\SRC\VSCP\DRIVERS\LEVEL1\TELLSTICK\WIN32\RELEASE\VC100.PDB
C:\USERS\AKHE\DOCUMENTS\DEVELOPMENT\M2M\SRC\VSCP\DRIVERS\LEVEL1\TELLSTICK\WIN32\RELEASE\VSCPHELPER.OBJ
