.\Release\usb2can.ilk
C:\Users\akhe\Documents\development\m2m\src\vscp\Build\Releaseusb2can.dll
C:\Users\akhe\Documents\development\m2m\src\vscp\drivers\level1\usb2can\canldriver\win32\.\Release\usb2can.dll
C:\Users\akhe\Documents\development\m2m\src\vscp\drivers\level1\usb2can\canldriver\win32\.\Release\usb2can.dll.intermediate.manifest
C:\Users\akhe\Documents\development\m2m\src\vscp\drivers\level1\usb2can\canldriver\win32\Release\cl.command.1.tlog
C:\Users\akhe\Documents\development\m2m\src\vscp\drivers\level1\usb2can\canldriver\win32\Release\CL.read.1.tlog
C:\Users\akhe\Documents\development\m2m\src\vscp\drivers\level1\usb2can\canldriver\win32\Release\CL.write.1.tlog
C:\USERS\AKHE\DOCUMENTS\DEVELOPMENT\M2M\SRC\VSCP\DRIVERS\LEVEL1\USB2CAN\CANLDRIVER\WIN32\RELEASE\DLLDRVOBJ.OBJ
C:\USERS\AKHE\DOCUMENTS\DEVELOPMENT\M2M\SRC\VSCP\DRIVERS\LEVEL1\USB2CAN\CANLDRIVER\WIN32\RELEASE\DLLIST.OBJ
C:\USERS\AKHE\DOCUMENTS\DEVELOPMENT\M2M\SRC\VSCP\DRIVERS\LEVEL1\USB2CAN\CANLDRIVER\WIN32\RELEASE\ENUM.OBJ
C:\Users\akhe\Documents\development\m2m\src\vscp\drivers\level1\usb2can\canldriver\win32\Release\link.8292.read.1.tlog
C:\Users\akhe\Documents\development\m2m\src\vscp\drivers\level1\usb2can\canldriver\win32\Release\link.8292.write.1.tlog
C:\Users\akhe\Documents\development\m2m\src\vscp\drivers\level1\usb2can\canldriver\win32\Release\link.8292-cvtres.read.1.tlog
C:\Users\akhe\Documents\development\m2m\src\vscp\drivers\level1\usb2can\canldriver\win32\Release\link.8292-cvtres.write.1.tlog
C:\Users\akhe\Documents\development\m2m\src\vscp\drivers\level1\usb2can\canldriver\win32\Release\link.command.1.tlog
C:\Users\akhe\Documents\development\m2m\src\vscp\drivers\level1\usb2can\canldriver\win32\Release\link.read.1.tlog
C:\Users\akhe\Documents\development\m2m\src\vscp\drivers\level1\usb2can\canldriver\win32\Release\link.write.1.tlog
C:\Users\akhe\Documents\development\m2m\src\vscp\drivers\level1\usb2can\canldriver\win32\Release\link-cvtres.read.1.tlog
C:\Users\akhe\Documents\development\m2m\src\vscp\drivers\level1\usb2can\canldriver\win32\Release\link-cvtres.write.1.tlog
C:\Users\akhe\Documents\development\m2m\src\vscp\drivers\level1\usb2can\canldriver\win32\Release\mt.command.1.tlog
C:\Users\akhe\Documents\development\m2m\src\vscp\drivers\level1\usb2can\canldriver\win32\Release\mt.read.1.tlog
C:\Users\akhe\Documents\development\m2m\src\vscp\drivers\level1\usb2can\canldriver\win32\Release\mt.write.1.tlog
C:\Users\akhe\Documents\development\m2m\src\vscp\drivers\level1\usb2can\canldriver\win32\Release\rc.command.1.tlog
C:\Users\akhe\Documents\development\m2m\src\vscp\drivers\level1\usb2can\canldriver\win32\Release\rc.read.1.tlog
C:\Users\akhe\Documents\development\m2m\src\vscp\drivers\level1\usb2can\canldriver\win32\Release\rc.write.1.tlog
C:\USERS\AKHE\DOCUMENTS\DEVELOPMENT\M2M\SRC\VSCP\DRIVERS\LEVEL1\USB2CAN\CANLDRIVER\WIN32\RELEASE\USB2CAN.DLL
C:\USERS\AKHE\DOCUMENTS\DEVELOPMENT\M2M\SRC\VSCP\DRIVERS\LEVEL1\USB2CAN\CANLDRIVER\WIN32\RELEASE\USB2CAN.DLL.EMBED.MANIFEST
C:\USERS\AKHE\DOCUMENTS\DEVELOPMENT\M2M\SRC\VSCP\DRIVERS\LEVEL1\USB2CAN\CANLDRIVER\WIN32\RELEASE\USB2CAN.DLL.EMBED.MANIFEST.RES
C:\USERS\AKHE\DOCUMENTS\DEVELOPMENT\M2M\SRC\VSCP\DRIVERS\LEVEL1\USB2CAN\CANLDRIVER\WIN32\RELEASE\USB2CAN.DLL.INTERMEDIATE.MANIFEST
C:\Users\akhe\Documents\development\m2m\src\vscp\drivers\level1\usb2can\canldriver\win32\Release\usb2can.exp
C:\USERS\AKHE\DOCUMENTS\DEVELOPMENT\M2M\SRC\VSCP\DRIVERS\LEVEL1\USB2CAN\CANLDRIVER\WIN32\RELEASE\USB2CAN.ILK
C:\Users\akhe\Documents\development\m2m\src\vscp\drivers\level1\usb2can\canldriver\win32\Release\usb2can.lib
C:\Users\akhe\Documents\development\m2m\src\vscp\drivers\level1\usb2can\canldriver\win32\Release\usb2can.write.1.tlog
C:\Users\akhe\Documents\development\m2m\src\vscp\drivers\level1\usb2can\canldriver\win32\Release\usb2can_manifest.rc
C:\USERS\AKHE\DOCUMENTS\DEVELOPMENT\M2M\SRC\VSCP\DRIVERS\LEVEL1\USB2CAN\CANLDRIVER\WIN32\RELEASE\USB2CANDRV.OBJ
C:\USERS\AKHE\DOCUMENTS\DEVELOPMENT\M2M\SRC\VSCP\DRIVERS\LEVEL1\USB2CAN\CANLDRIVER\WIN32\RELEASE\USB2CANOBJ.OBJ
C:\USERS\AKHE\DOCUMENTS\DEVELOPMENT\M2M\SRC\VSCP\DRIVERS\LEVEL1\USB2CAN\CANLDRIVER\WIN32\RELEASE\VC100.PDB
