C:\Users\akhe\Documents\development\m2m\src\vscp\Build\Releasesyslog.dll
C:\Users\akhe\Documents\development\m2m\src\vscp\drivers\level1\syslogdrv\windows\.\Release\syslog.dll.intermediate.manifest
C:\Users\akhe\Documents\development\m2m\src\vscp\drivers\level1\syslogdrv\windows\Release\cl.command.1.tlog
C:\Users\akhe\Documents\development\m2m\src\vscp\drivers\level1\syslogdrv\windows\Release\CL.read.1.tlog
C:\Users\akhe\Documents\development\m2m\src\vscp\drivers\level1\syslogdrv\windows\Release\CL.write.1.tlog
C:\USERS\AKHE\DOCUMENTS\DEVELOPMENT\M2M\SRC\VSCP\DRIVERS\LEVEL1\SYSLOGDRV\WINDOWS\RELEASE\DLLDRVOBJ.OBJ
C:\USERS\AKHE\DOCUMENTS\DEVELOPMENT\M2M\SRC\VSCP\DRIVERS\LEVEL1\SYSLOGDRV\WINDOWS\RELEASE\DLLIST.OBJ
C:\Users\akhe\Documents\development\m2m\src\vscp\drivers\level1\syslogdrv\windows\Release\link.command.1.tlog
C:\Users\akhe\Documents\development\m2m\src\vscp\drivers\level1\syslogdrv\windows\Release\link.read.1.tlog
C:\Users\akhe\Documents\development\m2m\src\vscp\drivers\level1\syslogdrv\windows\Release\link.write.1.tlog
C:\Users\akhe\Documents\development\m2m\src\vscp\drivers\level1\syslogdrv\windows\Release\mt.command.1.tlog
C:\Users\akhe\Documents\development\m2m\src\vscp\drivers\level1\syslogdrv\windows\Release\mt.read.1.tlog
C:\Users\akhe\Documents\development\m2m\src\vscp\drivers\level1\syslogdrv\windows\Release\mt.write.1.tlog
C:\USERS\AKHE\DOCUMENTS\DEVELOPMENT\M2M\SRC\VSCP\DRIVERS\LEVEL1\SYSLOGDRV\WINDOWS\RELEASE\SYSLOG.DLL.INTERMEDIATE.MANIFEST
C:\USERS\AKHE\DOCUMENTS\DEVELOPMENT\M2M\SRC\VSCP\DRIVERS\LEVEL1\SYSLOGDRV\WINDOWS\RELEASE\SYSLOG.OBJ
C:\Users\akhe\Documents\development\m2m\src\vscp\drivers\level1\syslogdrv\windows\Release\syslog.write.1.tlog
C:\USERS\AKHE\DOCUMENTS\DEVELOPMENT\M2M\SRC\VSCP\DRIVERS\LEVEL1\SYSLOGDRV\WINDOWS\RELEASE\SYSLOGDRV.DLL
C:\Users\akhe\Documents\development\m2m\src\vscp\drivers\level1\syslogdrv\windows\Release\syslogdrv.exp
C:\Users\akhe\Documents\development\m2m\src\vscp\drivers\level1\syslogdrv\windows\Release\syslogdrv.lib
C:\USERS\AKHE\DOCUMENTS\DEVELOPMENT\M2M\SRC\VSCP\DRIVERS\LEVEL1\SYSLOGDRV\WINDOWS\RELEASE\SYSLOGDRV.OBJ
C:\USERS\AKHE\DOCUMENTS\DEVELOPMENT\M2M\SRC\VSCP\DRIVERS\LEVEL1\SYSLOGDRV\WINDOWS\RELEASE\SYSLOGOBJ.OBJ
C:\USERS\AKHE\DOCUMENTS\DEVELOPMENT\M2M\SRC\VSCP\DRIVERS\LEVEL1\SYSLOGDRV\WINDOWS\RELEASE\VC100.PDB
