Build started 2012-09-03 11:49:45.
     1>Project "C:\Users\akhe\Documents\development\m2m\src\vscp\drivers\level1\syslogdrv\windows\syslogdrv.vcxproj" on node 3 (build target(s)).
     1>InitializeBuildStatus:
         Creating ".\Release\syslogdrv.unsuccessfulbuild" because "AlwaysCreate" was specified.
       ClCompile:
         All outputs are up-to-date.
         All outputs are up-to-date.
       Link:
         All outputs are up-to-date.
         syslogdrv.vcxproj -> C:\Users\akhe\Documents\development\m2m\src\vscp\drivers\level1\syslogdrv\windows\.\Release\syslogdrv.dll
       CustomBuildStep:
         Description: Performing Custom Build Step
         echo on
         mkdir "C:\Users\akhe\Documents\development\m2m\src\vscp\Build"
         mkdir "C:\Users\akhe\Documents\development\m2m\src\vscp\Build\Release"
         echo "C:\Users\akhe\Documents\development\m2m\src\vscp\drivers\level1\syslogdrv\windows\.\Release\syslogdrv.dll" 
         echo "C:\Users\akhe\Documents\development\m2m\src\vscp\Build\Release"
         if exist "C:\Users\akhe\Documents\development\m2m\src\vscp\Build\Release" copy /Y "C:\Users\akhe\Documents\development\m2m\src\vscp\drivers\level1\syslogdrv\windows\.\Release\syslogdrv.dll"  "C:\Users\akhe\Documents\development\m2m\src\vscp\Build\Release"
         if exist "C:\Users\akhe\Documents\development\m2m\src\vscp\Build\Release" copy /Y ".\Release\/syslogdrv.lib"  "C:\Users\akhe\Documents\development\m2m\src\vscp\Build\Release"
         :VCEnd
         A subdirectory or file C:\Users\akhe\Documents\development\m2m\src\vscp\Build already exists.
         A subdirectory or file C:\Users\akhe\Documents\development\m2m\src\vscp\Build\Release already exists.
         "C:\Users\akhe\Documents\development\m2m\src\vscp\drivers\level1\syslogdrv\windows\.\Release\syslogdrv.dll" 
         "C:\Users\akhe\Documents\development\m2m\src\vscp\Build\Release"
                 1 file(s) copied.
                 1 file(s) copied.
       FinalizeBuildStatus:
         Deleting file ".\Release\syslogdrv.unsuccessfulbuild".
         Touching ".\Release\syslogdrv.lastbuildstate".
     1>Done Building Project "C:\Users\akhe\Documents\development\m2m\src\vscp\drivers\level1\syslogdrv\windows\syslogdrv.vcxproj" (build target(s)).

Build succeeded.

Time Elapsed 00:00:00.39
