.\Debug\ixxatvcidrv.bsc
.\Debug\ixxatvcidrv.pdb
C:\Users\akhe\Documents\development\m2m\src\vscp\Build\Debugixxatvcidrv.dll
C:\Users\akhe\Documents\development\m2m\src\vscp\drivers\level1\ixxat_vc2\win32\.\Debug\ixxatvcidrv.dll
C:\Users\akhe\Documents\development\m2m\src\vscp\drivers\level1\ixxat_vc2\win32\.\Debug\ixxatvcidrv.dll.intermediate.manifest
C:\Users\akhe\Documents\development\m2m\src\vscp\drivers\level1\ixxat_vc2\win32\Debug\BscMake.command.1.tlog
C:\Users\akhe\Documents\development\m2m\src\vscp\drivers\level1\ixxat_vc2\win32\Debug\bscmake.read.1.tlog
C:\Users\akhe\Documents\development\m2m\src\vscp\drivers\level1\ixxat_vc2\win32\Debug\bscmake.write.1.tlog
C:\Users\akhe\Documents\development\m2m\src\vscp\drivers\level1\ixxat_vc2\win32\Debug\cl.command.1.tlog
C:\Users\akhe\Documents\development\m2m\src\vscp\drivers\level1\ixxat_vc2\win32\Debug\CL.read.1.tlog
C:\Users\akhe\Documents\development\m2m\src\vscp\drivers\level1\ixxat_vc2\win32\Debug\CL.write.1.tlog
C:\USERS\AKHE\DOCUMENTS\DEVELOPMENT\M2M\SRC\VSCP\DRIVERS\LEVEL1\IXXAT_VC2\WIN32\DEBUG\DLLDRVOBJ.OBJ
C:\USERS\AKHE\DOCUMENTS\DEVELOPMENT\M2M\SRC\VSCP\DRIVERS\LEVEL1\IXXAT_VC2\WIN32\DEBUG\DLLDRVOBJ.SBR
C:\USERS\AKHE\DOCUMENTS\DEVELOPMENT\M2M\SRC\VSCP\DRIVERS\LEVEL1\IXXAT_VC2\WIN32\DEBUG\DLLIST.OBJ
C:\USERS\AKHE\DOCUMENTS\DEVELOPMENT\M2M\SRC\VSCP\DRIVERS\LEVEL1\IXXAT_VC2\WIN32\DEBUG\DLLIST.SBR
C:\USERS\AKHE\DOCUMENTS\DEVELOPMENT\M2M\SRC\VSCP\DRIVERS\LEVEL1\IXXAT_VC2\WIN32\DEBUG\IXXATVCIDRV.BSC
C:\USERS\AKHE\DOCUMENTS\DEVELOPMENT\M2M\SRC\VSCP\DRIVERS\LEVEL1\IXXAT_VC2\WIN32\DEBUG\IXXATVCIDRV.DLL
C:\USERS\AKHE\DOCUMENTS\DEVELOPMENT\M2M\SRC\VSCP\DRIVERS\LEVEL1\IXXAT_VC2\WIN32\DEBUG\IXXATVCIDRV.DLL.INTERMEDIATE.MANIFEST
C:\Users\akhe\Documents\development\m2m\src\vscp\drivers\level1\ixxat_vc2\win32\Debug\ixxatvcidrv.exp
C:\Users\akhe\Documents\development\m2m\src\vscp\drivers\level1\ixxat_vc2\win32\Debug\ixxatvcidrv.lib
C:\USERS\AKHE\DOCUMENTS\DEVELOPMENT\M2M\SRC\VSCP\DRIVERS\LEVEL1\IXXAT_VC2\WIN32\DEBUG\IXXATVCIDRV.OBJ
C:\USERS\AKHE\DOCUMENTS\DEVELOPMENT\M2M\SRC\VSCP\DRIVERS\LEVEL1\IXXAT_VC2\WIN32\DEBUG\IXXATVCIDRV.PDB
C:\USERS\AKHE\DOCUMENTS\DEVELOPMENT\M2M\SRC\VSCP\DRIVERS\LEVEL1\IXXAT_VC2\WIN32\DEBUG\IXXATVCIDRV.SBR
C:\Users\akhe\Documents\development\m2m\src\vscp\drivers\level1\ixxat_vc2\win32\Debug\ixxatvcidrv.write.1.tlog
C:\USERS\AKHE\DOCUMENTS\DEVELOPMENT\M2M\SRC\VSCP\DRIVERS\LEVEL1\IXXAT_VC2\WIN32\DEBUG\IXXOBJ.OBJ
C:\USERS\AKHE\DOCUMENTS\DEVELOPMENT\M2M\SRC\VSCP\DRIVERS\LEVEL1\IXXAT_VC2\WIN32\DEBUG\IXXOBJ.SBR
C:\Users\akhe\Documents\development\m2m\src\vscp\drivers\level1\ixxat_vc2\win32\Debug\link.command.1.tlog
C:\Users\akhe\Documents\development\m2m\src\vscp\drivers\level1\ixxat_vc2\win32\Debug\link.read.1.tlog
C:\Users\akhe\Documents\development\m2m\src\vscp\drivers\level1\ixxat_vc2\win32\Debug\link.write.1.tlog
C:\Users\akhe\Documents\development\m2m\src\vscp\drivers\level1\ixxat_vc2\win32\Debug\mt.command.1.tlog
C:\Users\akhe\Documents\development\m2m\src\vscp\drivers\level1\ixxat_vc2\win32\Debug\mt.read.1.tlog
C:\Users\akhe\Documents\development\m2m\src\vscp\drivers\level1\ixxat_vc2\win32\Debug\mt.write.1.tlog
C:\Users\akhe\Documents\development\m2m\src\vscp\drivers\level1\ixxat_vc2\win32\Debug\vc100.idb
C:\USERS\AKHE\DOCUMENTS\DEVELOPMENT\M2M\SRC\VSCP\DRIVERS\LEVEL1\IXXAT_VC2\WIN32\DEBUG\VC100.PDB
