.\Debug\canallogger.bsc
.\Debug\canallogger.pdb
C:\Users\akhe\Documents\development\m2m\src\vscp\Build\Debugcanallogger.dll
C:\Users\akhe\Documents\development\m2m\src\vscp\drivers\level1\logger\win32\.\Debug\canallogger.dll
C:\Users\akhe\Documents\development\m2m\src\vscp\drivers\level1\logger\win32\.\Debug\canallogger.dll.intermediate.manifest
C:\Users\akhe\Documents\development\m2m\src\vscp\drivers\level1\logger\win32\Debug\BscMake.command.1.tlog
C:\Users\akhe\Documents\development\m2m\src\vscp\drivers\level1\logger\win32\Debug\bscmake.read.1.tlog
C:\Users\akhe\Documents\development\m2m\src\vscp\drivers\level1\logger\win32\Debug\bscmake.write.1.tlog
C:\USERS\AKHE\DOCUMENTS\DEVELOPMENT\M2M\SRC\VSCP\DRIVERS\LEVEL1\LOGGER\WIN32\DEBUG\CANALLOGGER.BSC
C:\USERS\AKHE\DOCUMENTS\DEVELOPMENT\M2M\SRC\VSCP\DRIVERS\LEVEL1\LOGGER\WIN32\DEBUG\CANALLOGGER.DLL
C:\USERS\AKHE\DOCUMENTS\DEVELOPMENT\M2M\SRC\VSCP\DRIVERS\LEVEL1\LOGGER\WIN32\DEBUG\CANALLOGGER.DLL.INTERMEDIATE.MANIFEST
C:\Users\akhe\Documents\development\m2m\src\vscp\drivers\level1\logger\win32\Debug\canallogger.exp
C:\Users\akhe\Documents\development\m2m\src\vscp\drivers\level1\logger\win32\Debug\canallogger.lib
C:\USERS\AKHE\DOCUMENTS\DEVELOPMENT\M2M\SRC\VSCP\DRIVERS\LEVEL1\LOGGER\WIN32\DEBUG\CANALLOGGER.OBJ
C:\USERS\AKHE\DOCUMENTS\DEVELOPMENT\M2M\SRC\VSCP\DRIVERS\LEVEL1\LOGGER\WIN32\DEBUG\CANALLOGGER.PDB
C:\USERS\AKHE\DOCUMENTS\DEVELOPMENT\M2M\SRC\VSCP\DRIVERS\LEVEL1\LOGGER\WIN32\DEBUG\CANALLOGGER.SBR
C:\Users\akhe\Documents\development\m2m\src\vscp\drivers\level1\logger\win32\Debug\canallogger.write.1.tlog
C:\Users\akhe\Documents\development\m2m\src\vscp\drivers\level1\logger\win32\Debug\cl.command.1.tlog
C:\Users\akhe\Documents\development\m2m\src\vscp\drivers\level1\logger\win32\Debug\CL.read.1.tlog
C:\Users\akhe\Documents\development\m2m\src\vscp\drivers\level1\logger\win32\Debug\CL.write.1.tlog
C:\USERS\AKHE\DOCUMENTS\DEVELOPMENT\M2M\SRC\VSCP\DRIVERS\LEVEL1\LOGGER\WIN32\DEBUG\DLLDRVOBJ.OBJ
C:\USERS\AKHE\DOCUMENTS\DEVELOPMENT\M2M\SRC\VSCP\DRIVERS\LEVEL1\LOGGER\WIN32\DEBUG\DLLDRVOBJ.SBR
C:\USERS\AKHE\DOCUMENTS\DEVELOPMENT\M2M\SRC\VSCP\DRIVERS\LEVEL1\LOGGER\WIN32\DEBUG\DLLIST.OBJ
C:\USERS\AKHE\DOCUMENTS\DEVELOPMENT\M2M\SRC\VSCP\DRIVERS\LEVEL1\LOGGER\WIN32\DEBUG\DLLIST.SBR
C:\Users\akhe\Documents\development\m2m\src\vscp\drivers\level1\logger\win32\Debug\link.command.1.tlog
C:\Users\akhe\Documents\development\m2m\src\vscp\drivers\level1\logger\win32\Debug\link.read.1.tlog
C:\Users\akhe\Documents\development\m2m\src\vscp\drivers\level1\logger\win32\Debug\link.write.1.tlog
C:\USERS\AKHE\DOCUMENTS\DEVELOPMENT\M2M\SRC\VSCP\DRIVERS\LEVEL1\LOGGER\WIN32\DEBUG\LOG.OBJ
C:\USERS\AKHE\DOCUMENTS\DEVELOPMENT\M2M\SRC\VSCP\DRIVERS\LEVEL1\LOGGER\WIN32\DEBUG\LOG.SBR
C:\Users\akhe\Documents\development\m2m\src\vscp\drivers\level1\logger\win32\Debug\mt.command.1.tlog
C:\Users\akhe\Documents\development\m2m\src\vscp\drivers\level1\logger\win32\Debug\mt.read.1.tlog
C:\Users\akhe\Documents\development\m2m\src\vscp\drivers\level1\logger\win32\Debug\mt.write.1.tlog
C:\Users\akhe\Documents\development\m2m\src\vscp\drivers\level1\logger\win32\Debug\vc100.idb
C:\USERS\AKHE\DOCUMENTS\DEVELOPMENT\M2M\SRC\VSCP\DRIVERS\LEVEL1\LOGGER\WIN32\DEBUG\VC100.PDB
