.\BaseDebug\mkpasswd.bsc
.\BaseDebug\mkpasswd.pdb
C:\Users\akhe\Documents\development\m2m\src\vscp\Build\Debugmkpasswd.exe
C:\Users\akhe\Documents\development\m2m\src\vscp\mkpasswd\.\BaseDebug\mkpasswd.exe.intermediate.manifest
C:\Users\akhe\Documents\development\m2m\src\vscp\mkpasswd\BaseDebug\BscMake.command.1.tlog
C:\Users\akhe\Documents\development\m2m\src\vscp\mkpasswd\BaseDebug\bscmake.read.1.tlog
C:\Users\akhe\Documents\development\m2m\src\vscp\mkpasswd\BaseDebug\bscmake.write.1.tlog
C:\Users\akhe\Documents\development\m2m\src\vscp\mkpasswd\BaseDebug\cl.command.1.tlog
C:\Users\akhe\Documents\development\m2m\src\vscp\mkpasswd\BaseDebug\CL.read.1.tlog
C:\Users\akhe\Documents\development\m2m\src\vscp\mkpasswd\BaseDebug\CL.write.1.tlog
C:\Users\akhe\Documents\development\m2m\src\vscp\mkpasswd\BaseDebug\link.3244.read.1.tlog
C:\Users\akhe\Documents\development\m2m\src\vscp\mkpasswd\BaseDebug\link.3244.write.1.tlog
C:\Users\akhe\Documents\development\m2m\src\vscp\mkpasswd\BaseDebug\link.3244-cvtres.read.1.tlog
C:\Users\akhe\Documents\development\m2m\src\vscp\mkpasswd\BaseDebug\link.3244-cvtres.write.1.tlog
C:\Users\akhe\Documents\development\m2m\src\vscp\mkpasswd\BaseDebug\link.command.1.tlog
C:\Users\akhe\Documents\development\m2m\src\vscp\mkpasswd\BaseDebug\link.read.1.tlog
C:\Users\akhe\Documents\development\m2m\src\vscp\mkpasswd\BaseDebug\link.write.1.tlog
C:\Users\akhe\Documents\development\m2m\src\vscp\mkpasswd\BaseDebug\link-cvtres.read.1.tlog
C:\Users\akhe\Documents\development\m2m\src\vscp\mkpasswd\BaseDebug\link-cvtres.write.1.tlog
C:\USERS\AKHE\DOCUMENTS\DEVELOPMENT\M2M\SRC\VSCP\MKPASSWD\BASEDEBUG\MD5.OBJ
C:\USERS\AKHE\DOCUMENTS\DEVELOPMENT\M2M\SRC\VSCP\MKPASSWD\BASEDEBUG\MD5.SBR
C:\USERS\AKHE\DOCUMENTS\DEVELOPMENT\M2M\SRC\VSCP\MKPASSWD\BASEDEBUG\MKPASSWD.BSC
C:\USERS\AKHE\DOCUMENTS\DEVELOPMENT\M2M\SRC\VSCP\MKPASSWD\BASEDEBUG\MKPASSWD.EXE.EMBED.MANIFEST
C:\USERS\AKHE\DOCUMENTS\DEVELOPMENT\M2M\SRC\VSCP\MKPASSWD\BASEDEBUG\MKPASSWD.EXE.EMBED.MANIFEST.RES
C:\USERS\AKHE\DOCUMENTS\DEVELOPMENT\M2M\SRC\VSCP\MKPASSWD\BASEDEBUG\MKPASSWD.EXE.INTERMEDIATE.MANIFEST
C:\USERS\AKHE\DOCUMENTS\DEVELOPMENT\M2M\SRC\VSCP\MKPASSWD\BASEDEBUG\MKPASSWD.OBJ
C:\USERS\AKHE\DOCUMENTS\DEVELOPMENT\M2M\SRC\VSCP\MKPASSWD\BASEDEBUG\MKPASSWD.PDB
C:\USERS\AKHE\DOCUMENTS\DEVELOPMENT\M2M\SRC\VSCP\MKPASSWD\BASEDEBUG\MKPASSWD.SBR
C:\Users\akhe\Documents\development\m2m\src\vscp\mkpasswd\BaseDebug\mkpasswd.write.1.tlog
C:\Users\akhe\Documents\development\m2m\src\vscp\mkpasswd\BaseDebug\mkpasswd_manifest.rc
C:\Users\akhe\Documents\development\m2m\src\vscp\mkpasswd\BaseDebug\mt.command.1.tlog
C:\Users\akhe\Documents\development\m2m\src\vscp\mkpasswd\BaseDebug\mt.read.1.tlog
C:\Users\akhe\Documents\development\m2m\src\vscp\mkpasswd\BaseDebug\mt.write.1.tlog
C:\Users\akhe\Documents\development\m2m\src\vscp\mkpasswd\BaseDebug\rc.command.1.tlog
C:\Users\akhe\Documents\development\m2m\src\vscp\mkpasswd\BaseDebug\rc.read.1.tlog
C:\Users\akhe\Documents\development\m2m\src\vscp\mkpasswd\BaseDebug\rc.write.1.tlog
C:\USERS\AKHE\DOCUMENTS\DEVELOPMENT\M2M\SRC\VSCP\MKPASSWD\BASEDEBUG\VC100.PDB
C:\USERS\AKHE\DOCUMENTS\DEVELOPMENT\M2M\SRC\VSCP\MKPASSWD\DEBUG\MKPASSWD.EXE
C:\USERS\AKHE\DOCUMENTS\DEVELOPMENT\M2M\SRC\VSCP\MKPASSWD\DEBUG\MKPASSWD.ILK
