Build started 2012-03-30 09:15:29.
     1>Project "C:\Users\akhe\Documents\development\m2m\src\vscp\vscpcmd\vscpcmd.vcxproj" on node 2 (rebuild target(s)).
     1>_PrepareForClean:
         Deleting file ".\BaseRelease\vscpcmd.lastbuildstate".
       InitializeBuildStatus:
         Touching ".\BaseRelease\vscpcmd.unsuccessfulbuild".
       ClCompile:
         c:\Program Files (x86)\Microsoft Visual Studio 10.0\VC\bin\CL.exe /c /I"C:\wxWidgets-2.8.12\include\msvc" /I"C:\wxWidgets-2.8.12\include\\" /Zi /nologo /W3 /WX- /O2 /Ob1 /Oy- /D NDEBUG /D WIN32 /D _CONSOLE /D WINVER=0x400 /D _MT /D wxUSE_GUI=0 /D _VC80_UPGRADE=0x0600 /D _UNICODE /D UNICODE /GF /Gm- /EHsc /MD /GS /Gy /fp:precise /Zc:wchar_t /Zc:forScope /GR /Fo".\BaseRelease\\" /Fd".\BaseRelease\vc100.pdb" /FR".\BaseRelease\\" /Gd /TC /analyze- /errorReport:prompt ..\..\common\crc.c
         crc.c
         c:\Program Files (x86)\Microsoft Visual Studio 10.0\VC\bin\CL.exe /c /I"C:\wxWidgets-2.8.12\include\msvc" /I"C:\wxWidgets-2.8.12\include\\" /Zi /nologo /W3 /WX- /O2 /Ob1 /Oy- /D NDEBUG /D WIN32 /D _CONSOLE /D WINVER=0x400 /D _MT /D wxUSE_GUI=0 /D _VC80_UPGRADE=0x0600 /D _UNICODE /D UNICODE /GF /Gm- /EHsc /MD /GS /Gy /fp:precise /Zc:wchar_t /Zc:forScope /GR /Fo".\BaseRelease\\" /Fd".\BaseRelease\vc100.pdb" /FR".\BaseRelease\\" /Gd /TP /analyze- /errorReport:prompt ..\common\guid.cpp vscpcmd.cpp ..\common\vscphelper.cpp ..\common\vscptcpif.cpp
         guid.cpp
         vscpcmd.cpp
         vscphelper.cpp
         vscptcpif.cpp
         Generating Code...
     1>C:\Program Files (x86)\MSBuild\Microsoft.Cpp\v4.0\Microsoft.CppBuild.targets(990,5): warning MSB8012: TargetPath(C:\Users\akhe\Documents\development\m2m\src\vscp\vscpcmd\.\BaseRelease\vscpcmd.exe) does not match the Linker's OutputFile property value (C:\Users\akhe\Documents\development\m2m\src\vscp\vscpcmd\Release\vscpcmd.exe). This may cause your project to build incorrectly. To correct this, please make sure that $(OutDir), $(TargetName) and $(TargetExt) property values match the value specified in %(Link.OutputFile).
       Link:
         c:\Program Files (x86)\Microsoft Visual Studio 10.0\VC\bin\link.exe /ERRORREPORT:PROMPT /OUT:"Release/vscpcmd.exe" /INCREMENTAL:NO /NOLOGO /LIBPATH:"C:\wxWidgets-2.8.12\lib\vc_lib" comctl32.lib wsock32.lib netapi32.lib kernel32.lib user32.lib gdi32.lib winspool.lib comdlg32.lib advapi32.lib shell32.lib ole32.lib oleaut32.lib uuid.lib odbc32.lib odbccp32.lib /MANIFEST /ManifestFile:".\BaseRelease\vscpcmd.exe.intermediate.manifest" /MANIFESTUAC:"level='asInvoker' uiAccess='false'" /PDB:"C:\Users\akhe\Documents\development\m2m\src\vscp\vscpcmd\BaseRelease\vscpcmd.pdb" /SUBSYSTEM:CONSOLE /TLBID:1 /DYNAMICBASE /NXCOMPAT /IMPLIB:".\BaseRelease\vscpcmd.lib" /MACHINE:X86 .\BaseRelease\crc.obj
         .\BaseRelease\guid.obj
         .\BaseRelease\vscpcmd.obj
         .\BaseRelease\vscphelper.obj
         .\BaseRelease\vscptcpif.obj
         vscpcmd.vcxproj -> C:\Users\akhe\Documents\development\m2m\src\vscp\vscpcmd\.\BaseRelease\vscpcmd.exe
       Manifest:
         C:\Program Files (x86)\Microsoft SDKs\Windows\v7.0A\bin\mt.exe /nologo /verbose /outputresource:"Release/vscpcmd.exe;#1" /manifest .\BaseRelease\vscpcmd.exe.intermediate.manifest
       BscMake:
         c:\Program Files (x86)\Microsoft Visual Studio 10.0\VC\bin\bscmake.exe /nologo /o".\BaseRelease\vscpcmd.bsc" .\BaseRelease\crc.sbr .\BaseRelease\guid.sbr .\BaseRelease\vscpcmd.sbr .\BaseRelease\vscphelper.sbr .\BaseRelease\vscptcpif.sbr
       CustomBuildStep:
         Description: Performing Custom Build Step
         echo on
         mkdir "C:\Users\akhe\Documents\development\m2m\src\vscp\Build"
         mkdir "C:\Users\akhe\Documents\development\m2m\src\vscp\Build\Release"
         if exist "C:\Users\akhe\Documents\development\m2m\src\vscp\Build\Release" copy /Y "C:\Users\akhe\Documents\development\m2m\src\vscp\vscpcmd\.\BaseRelease\vscpcmd.exe"  "C:\Users\akhe\Documents\development\m2m\src\vscp\Build\Release"
         :VCEnd
         A subdirectory or file C:\Users\akhe\Documents\development\m2m\src\vscp\Build already exists.
         A subdirectory or file C:\Users\akhe\Documents\development\m2m\src\vscp\Build\Release already exists.
         C:\Users\akhe\Documents\development\m2m\src\vscp\vscpcmd\.\BaseRelease\vscpcmd.exe\* 
                 0 file(s) copied.
         The system cannot find the file specified.
     1>C:\Program Files (x86)\MSBuild\Microsoft.Cpp\v4.0\Microsoft.CppCommon.targets(183,5): error MSB3073: The command "echo on
C:\Program Files (x86)\MSBuild\Microsoft.Cpp\v4.0\Microsoft.CppCommon.targets(183,5): error MSB3073: mkdir "C:\Users\akhe\Documents\development\m2m\src\vscp\Build"
C:\Program Files (x86)\MSBuild\Microsoft.Cpp\v4.0\Microsoft.CppCommon.targets(183,5): error MSB3073: mkdir "C:\Users\akhe\Documents\development\m2m\src\vscp\Build\Release"
C:\Program Files (x86)\MSBuild\Microsoft.Cpp\v4.0\Microsoft.CppCommon.targets(183,5): error MSB3073: if exist "C:\Users\akhe\Documents\development\m2m\src\vscp\Build\Release" copy /Y "C:\Users\akhe\Documents\development\m2m\src\vscp\vscpcmd\.\BaseRelease\vscpcmd.exe"  "C:\Users\akhe\Documents\development\m2m\src\vscp\Build\Release"
C:\Program Files (x86)\MSBuild\Microsoft.Cpp\v4.0\Microsoft.CppCommon.targets(183,5): error MSB3073: :VCEnd" exited with code 1.
     1>Done Building Project "C:\Users\akhe\Documents\development\m2m\src\vscp\vscpcmd\vscpcmd.vcxproj" (rebuild target(s)) -- FAILED.

Build FAILED.

Time Elapsed 00:00:26.17
