.\BaseRelease\vscpcmd.bsc
C:\Users\akhe\Documents\development\m2m\src\vscp\Build\Releasevscpcmd.exe
C:\Users\akhe\Documents\development\m2m\src\vscp\vscpcmd\.\BaseRelease\vscpcmd.exe.intermediate.manifest
C:\Users\akhe\Documents\development\m2m\src\vscp\vscpcmd\BaseRelease\BscMake.command.1.tlog
C:\Users\akhe\Documents\development\m2m\src\vscp\vscpcmd\BaseRelease\bscmake.read.1.tlog
C:\Users\akhe\Documents\development\m2m\src\vscp\vscpcmd\BaseRelease\bscmake.write.1.tlog
C:\Users\akhe\Documents\development\m2m\src\vscp\vscpcmd\BaseRelease\cl.command.1.tlog
C:\Users\akhe\Documents\development\m2m\src\vscp\vscpcmd\BaseRelease\CL.read.1.tlog
C:\Users\akhe\Documents\development\m2m\src\vscp\vscpcmd\BaseRelease\CL.write.1.tlog
C:\USERS\AKHE\DOCUMENTS\DEVELOPMENT\M2M\SRC\VSCP\VSCPCMD\BASERELEASE\CRC.OBJ
C:\USERS\AKHE\DOCUMENTS\DEVELOPMENT\M2M\SRC\VSCP\VSCPCMD\BASERELEASE\CRC.SBR
C:\USERS\AKHE\DOCUMENTS\DEVELOPMENT\M2M\SRC\VSCP\VSCPCMD\BASERELEASE\GUID.OBJ
C:\USERS\AKHE\DOCUMENTS\DEVELOPMENT\M2M\SRC\VSCP\VSCPCMD\BASERELEASE\GUID.SBR
C:\Users\akhe\Documents\development\m2m\src\vscp\vscpcmd\BaseRelease\link.command.1.tlog
C:\Users\akhe\Documents\development\m2m\src\vscp\vscpcmd\BaseRelease\link.read.1.tlog
C:\Users\akhe\Documents\development\m2m\src\vscp\vscpcmd\BaseRelease\link.write.1.tlog
C:\Users\akhe\Documents\development\m2m\src\vscp\vscpcmd\BaseRelease\mt.command.1.tlog
C:\Users\akhe\Documents\development\m2m\src\vscp\vscpcmd\BaseRelease\mt.read.1.tlog
C:\Users\akhe\Documents\development\m2m\src\vscp\vscpcmd\BaseRelease\mt.write.1.tlog
C:\USERS\AKHE\DOCUMENTS\DEVELOPMENT\M2M\SRC\VSCP\VSCPCMD\BASERELEASE\VC100.PDB
C:\USERS\AKHE\DOCUMENTS\DEVELOPMENT\M2M\SRC\VSCP\VSCPCMD\BASERELEASE\VSCPCMD.BSC
C:\USERS\AKHE\DOCUMENTS\DEVELOPMENT\M2M\SRC\VSCP\VSCPCMD\BASERELEASE\VSCPCMD.EXE.INTERMEDIATE.MANIFEST
C:\USERS\AKHE\DOCUMENTS\DEVELOPMENT\M2M\SRC\VSCP\VSCPCMD\BASERELEASE\VSCPCMD.OBJ
C:\USERS\AKHE\DOCUMENTS\DEVELOPMENT\M2M\SRC\VSCP\VSCPCMD\BASERELEASE\VSCPCMD.SBR
C:\Users\akhe\Documents\development\m2m\src\vscp\vscpcmd\BaseRelease\vscpcmd.write.1.tlog
C:\USERS\AKHE\DOCUMENTS\DEVELOPMENT\M2M\SRC\VSCP\VSCPCMD\BASERELEASE\VSCPHELPER.OBJ
C:\USERS\AKHE\DOCUMENTS\DEVELOPMENT\M2M\SRC\VSCP\VSCPCMD\BASERELEASE\VSCPHELPER.SBR
C:\USERS\AKHE\DOCUMENTS\DEVELOPMENT\M2M\SRC\VSCP\VSCPCMD\BASERELEASE\VSCPTCPIF.OBJ
C:\USERS\AKHE\DOCUMENTS\DEVELOPMENT\M2M\SRC\VSCP\VSCPCMD\BASERELEASE\VSCPTCPIF.SBR
C:\USERS\AKHE\DOCUMENTS\DEVELOPMENT\M2M\SRC\VSCP\VSCPCMD\RELEASE\VSCPCMD.EXE
