.\BaseDebug\vscpcmd.bsc
.\BaseDebug\vscpcmd.pdb
C:\Users\akhe\Documents\development\m2m\src\vscp\vscpcmd\.\BaseDebug\vscpcmd.exe.intermediate.manifest
C:\Users\akhe\Documents\development\m2m\src\vscp\vscpcmd\BaseDebug\BscMake.command.1.tlog
C:\Users\akhe\Documents\development\m2m\src\vscp\vscpcmd\BaseDebug\bscmake.read.1.tlog
C:\Users\akhe\Documents\development\m2m\src\vscp\vscpcmd\BaseDebug\bscmake.write.1.tlog
C:\Users\akhe\Documents\development\m2m\src\vscp\vscpcmd\BaseDebug\cl.command.1.tlog
C:\Users\akhe\Documents\development\m2m\src\vscp\vscpcmd\BaseDebug\CL.read.1.tlog
C:\Users\akhe\Documents\development\m2m\src\vscp\vscpcmd\BaseDebug\CL.write.1.tlog
C:\USERS\AKHE\DOCUMENTS\DEVELOPMENT\M2M\SRC\VSCP\VSCPCMD\BASEDEBUG\CRC.OBJ
C:\USERS\AKHE\DOCUMENTS\DEVELOPMENT\M2M\SRC\VSCP\VSCPCMD\BASEDEBUG\CRC.SBR
C:\USERS\AKHE\DOCUMENTS\DEVELOPMENT\M2M\SRC\VSCP\VSCPCMD\BASEDEBUG\GUID.OBJ
C:\USERS\AKHE\DOCUMENTS\DEVELOPMENT\M2M\SRC\VSCP\VSCPCMD\BASEDEBUG\GUID.SBR
C:\Users\akhe\Documents\development\m2m\src\vscp\vscpcmd\BaseDebug\link.5652.read.1.tlog
C:\Users\akhe\Documents\development\m2m\src\vscp\vscpcmd\BaseDebug\link.5652.write.1.tlog
C:\Users\akhe\Documents\development\m2m\src\vscp\vscpcmd\BaseDebug\link.5652-cvtres.read.1.tlog
C:\Users\akhe\Documents\development\m2m\src\vscp\vscpcmd\BaseDebug\link.5652-cvtres.write.1.tlog
C:\Users\akhe\Documents\development\m2m\src\vscp\vscpcmd\BaseDebug\link.command.1.tlog
C:\Users\akhe\Documents\development\m2m\src\vscp\vscpcmd\BaseDebug\link.read.1.tlog
C:\Users\akhe\Documents\development\m2m\src\vscp\vscpcmd\BaseDebug\link.write.1.tlog
C:\Users\akhe\Documents\development\m2m\src\vscp\vscpcmd\BaseDebug\link-cvtres.read.1.tlog
C:\Users\akhe\Documents\development\m2m\src\vscp\vscpcmd\BaseDebug\link-cvtres.write.1.tlog
C:\Users\akhe\Documents\development\m2m\src\vscp\vscpcmd\BaseDebug\mt.command.1.tlog
C:\Users\akhe\Documents\development\m2m\src\vscp\vscpcmd\BaseDebug\mt.read.1.tlog
C:\Users\akhe\Documents\development\m2m\src\vscp\vscpcmd\BaseDebug\mt.write.1.tlog
C:\Users\akhe\Documents\development\m2m\src\vscp\vscpcmd\BaseDebug\rc.command.1.tlog
C:\Users\akhe\Documents\development\m2m\src\vscp\vscpcmd\BaseDebug\rc.read.1.tlog
C:\Users\akhe\Documents\development\m2m\src\vscp\vscpcmd\BaseDebug\rc.write.1.tlog
C:\USERS\AKHE\DOCUMENTS\DEVELOPMENT\M2M\SRC\VSCP\VSCPCMD\BASEDEBUG\VC100.PDB
C:\USERS\AKHE\DOCUMENTS\DEVELOPMENT\M2M\SRC\VSCP\VSCPCMD\BASEDEBUG\VSCPCMD.BSC
C:\USERS\AKHE\DOCUMENTS\DEVELOPMENT\M2M\SRC\VSCP\VSCPCMD\BASEDEBUG\VSCPCMD.EXE.EMBED.MANIFEST
C:\USERS\AKHE\DOCUMENTS\DEVELOPMENT\M2M\SRC\VSCP\VSCPCMD\BASEDEBUG\VSCPCMD.EXE.EMBED.MANIFEST.RES
C:\USERS\AKHE\DOCUMENTS\DEVELOPMENT\M2M\SRC\VSCP\VSCPCMD\BASEDEBUG\VSCPCMD.EXE.INTERMEDIATE.MANIFEST
C:\USERS\AKHE\DOCUMENTS\DEVELOPMENT\M2M\SRC\VSCP\VSCPCMD\BASEDEBUG\VSCPCMD.OBJ
C:\USERS\AKHE\DOCUMENTS\DEVELOPMENT\M2M\SRC\VSCP\VSCPCMD\BASEDEBUG\VSCPCMD.PDB
C:\USERS\AKHE\DOCUMENTS\DEVELOPMENT\M2M\SRC\VSCP\VSCPCMD\BASEDEBUG\VSCPCMD.SBR
C:\Users\akhe\Documents\development\m2m\src\vscp\vscpcmd\BaseDebug\vscpcmd_manifest.rc
C:\USERS\AKHE\DOCUMENTS\DEVELOPMENT\M2M\SRC\VSCP\VSCPCMD\BASEDEBUG\VSCPHELPER.OBJ
C:\USERS\AKHE\DOCUMENTS\DEVELOPMENT\M2M\SRC\VSCP\VSCPCMD\BASEDEBUG\VSCPHELPER.SBR
C:\USERS\AKHE\DOCUMENTS\DEVELOPMENT\M2M\SRC\VSCP\VSCPCMD\BASEDEBUG\VSCPTCPIF.OBJ
C:\USERS\AKHE\DOCUMENTS\DEVELOPMENT\M2M\SRC\VSCP\VSCPCMD\BASEDEBUG\VSCPTCPIF.SBR
C:\USERS\AKHE\DOCUMENTS\DEVELOPMENT\M2M\SRC\VSCP\VSCPCMD\DEBUG\VSCPCMD.EXE
C:\USERS\AKHE\DOCUMENTS\DEVELOPMENT\M2M\SRC\VSCP\VSCPCMD\DEBUG\VSCPCMD.ILK
