C:\Users\akhe\Documents\development\m2m\src\vscp\Build\Releasecan232drv.dll
C:\Users\akhe\Documents\development\m2m\src\vscp\drivers\level1\can232\win32\can232drv\.\Release\can232drv.dll
C:\Users\akhe\Documents\development\m2m\src\vscp\drivers\level1\can232\win32\can232drv\.\Release\can232drv.dll.intermediate.manifest
C:\USERS\AKHE\DOCUMENTS\DEVELOPMENT\M2M\SRC\VSCP\DRIVERS\LEVEL1\CAN232\WIN32\CAN232DRV\RELEASE\CAN232DRV.DLL
C:\USERS\AKHE\DOCUMENTS\DEVELOPMENT\M2M\SRC\VSCP\DRIVERS\LEVEL1\CAN232\WIN32\CAN232DRV\RELEASE\CAN232DRV.DLL.INTERMEDIATE.MANIFEST
C:\Users\akhe\Documents\development\m2m\src\vscp\drivers\level1\can232\win32\can232drv\Release\can232drv.exp
C:\Users\akhe\Documents\development\m2m\src\vscp\drivers\level1\can232\win32\can232drv\Release\can232drv.lib
C:\USERS\AKHE\DOCUMENTS\DEVELOPMENT\M2M\SRC\VSCP\DRIVERS\LEVEL1\CAN232\WIN32\CAN232DRV\RELEASE\CAN232DRV.OBJ
C:\Users\akhe\Documents\development\m2m\src\vscp\drivers\level1\can232\win32\can232drv\Release\can232drv.write.1.tlog
C:\USERS\AKHE\DOCUMENTS\DEVELOPMENT\M2M\SRC\VSCP\DRIVERS\LEVEL1\CAN232\WIN32\CAN232DRV\RELEASE\CAN232OBJ.OBJ
C:\Users\akhe\Documents\development\m2m\src\vscp\drivers\level1\can232\win32\can232drv\Release\cl.command.1.tlog
C:\Users\akhe\Documents\development\m2m\src\vscp\drivers\level1\can232\win32\can232drv\Release\CL.read.1.tlog
C:\Users\akhe\Documents\development\m2m\src\vscp\drivers\level1\can232\win32\can232drv\Release\CL.write.1.tlog
C:\USERS\AKHE\DOCUMENTS\DEVELOPMENT\M2M\SRC\VSCP\DRIVERS\LEVEL1\CAN232\WIN32\CAN232DRV\RELEASE\COM_WIN32.OBJ
C:\USERS\AKHE\DOCUMENTS\DEVELOPMENT\M2M\SRC\VSCP\DRIVERS\LEVEL1\CAN232\WIN32\CAN232DRV\RELEASE\DLLDRVOBJ.OBJ
C:\USERS\AKHE\DOCUMENTS\DEVELOPMENT\M2M\SRC\VSCP\DRIVERS\LEVEL1\CAN232\WIN32\CAN232DRV\RELEASE\DLLIST.OBJ
C:\Users\akhe\Documents\development\m2m\src\vscp\drivers\level1\can232\win32\can232drv\Release\link.command.1.tlog
C:\Users\akhe\Documents\development\m2m\src\vscp\drivers\level1\can232\win32\can232drv\Release\link.read.1.tlog
C:\Users\akhe\Documents\development\m2m\src\vscp\drivers\level1\can232\win32\can232drv\Release\link.write.1.tlog
C:\Users\akhe\Documents\development\m2m\src\vscp\drivers\level1\can232\win32\can232drv\Release\mt.command.1.tlog
C:\Users\akhe\Documents\development\m2m\src\vscp\drivers\level1\can232\win32\can232drv\Release\mt.read.1.tlog
C:\Users\akhe\Documents\development\m2m\src\vscp\drivers\level1\can232\win32\can232drv\Release\mt.write.1.tlog
C:\USERS\AKHE\DOCUMENTS\DEVELOPMENT\M2M\SRC\VSCP\DRIVERS\LEVEL1\CAN232\WIN32\CAN232DRV\RELEASE\VC100.PDB
