Build started 2012-09-03 11:49:51.
     1>Project "C:\Users\akhe\Documents\development\m2m\src\vscp\drivers\level1\can232\win32\can232drv\can232drv.vcxproj" on node 3 (build target(s)).
     1>InitializeBuildStatus:
         Creating ".\Release\can232drv.unsuccessfulbuild" because "AlwaysCreate" was specified.
       ClCompile:
         All outputs are up-to-date.
         All outputs are up-to-date.
       Link:
         All outputs are up-to-date.
         can232drv.vcxproj -> C:\Users\akhe\Documents\development\m2m\src\vscp\drivers\level1\can232\win32\can232drv\.\Release\can232drv.dll
       CustomBuildStep:
         Description: Performing Custom Build Step
         echo on
         mkdir "C:\Users\akhe\Documents\development\m2m\src\vscp\Build"
         mkdir "C:\Users\akhe\Documents\development\m2m\src\vscp\Build\Release"
         if exist "C:\Users\akhe\Documents\development\m2m\src\vscp\Build\Release" copy /Y "C:\Users\akhe\Documents\development\m2m\src\vscp\drivers\level1\can232\win32\can232drv\.\Release\can232drv.dll"  "C:\Users\akhe\Documents\development\m2m\src\vscp\Build\Release"
         if exist "C:\Users\akhe\Documents\development\m2m\src\vscp\Build\Release" copy /Y ".\Release\/can232drv.lib"  "C:\Users\akhe\Documents\development\m2m\src\vscp\Build\Release"
         :VCEnd
         A subdirectory or file C:\Users\akhe\Documents\development\m2m\src\vscp\Build already exists.
         A subdirectory or file C:\Users\akhe\Documents\development\m2m\src\vscp\Build\Release already exists.
                 1 file(s) copied.
                 1 file(s) copied.
       FinalizeBuildStatus:
         Deleting file ".\Release\can232drv.unsuccessfulbuild".
         Touching ".\Release\can232drv.lastbuildstate".
     1>Done Building Project "C:\Users\akhe\Documents\development\m2m\src\vscp\drivers\level1\can232\win32\can232drv\can232drv.vcxproj" (build target(s)).

Build succeeded.

Time Elapsed 00:00:00.19
