C:\Users\akhe\Documents\development\m2m\src\vscp\Build\Releaseixxatvcidrv.dll
C:\Users\akhe\Documents\development\m2m\src\vscp\drivers\level1\ixxat_vc2\win32\.\Release\ixxatvcidrv.dll
C:\Users\akhe\Documents\development\m2m\src\vscp\drivers\level1\ixxat_vc2\win32\.\Release\ixxatvcidrv.dll.intermediate.manifest
C:\Users\akhe\Documents\development\m2m\src\vscp\drivers\level1\ixxat_vc2\win32\Release\cl.command.1.tlog
C:\Users\akhe\Documents\development\m2m\src\vscp\drivers\level1\ixxat_vc2\win32\Release\CL.read.1.tlog
C:\Users\akhe\Documents\development\m2m\src\vscp\drivers\level1\ixxat_vc2\win32\Release\CL.write.1.tlog
C:\USERS\AKHE\DOCUMENTS\DEVELOPMENT\M2M\SRC\VSCP\DRIVERS\LEVEL1\IXXAT_VC2\WIN32\RELEASE\DLLDRVOBJ.OBJ
C:\USERS\AKHE\DOCUMENTS\DEVELOPMENT\M2M\SRC\VSCP\DRIVERS\LEVEL1\IXXAT_VC2\WIN32\RELEASE\DLLIST.OBJ
C:\USERS\AKHE\DOCUMENTS\DEVELOPMENT\M2M\SRC\VSCP\DRIVERS\LEVEL1\IXXAT_VC2\WIN32\RELEASE\IXXATVCIDRV.DLL
C:\USERS\AKHE\DOCUMENTS\DEVELOPMENT\M2M\SRC\VSCP\DRIVERS\LEVEL1\IXXAT_VC2\WIN32\RELEASE\IXXATVCIDRV.DLL.INTERMEDIATE.MANIFEST
C:\Users\akhe\Documents\development\m2m\src\vscp\drivers\level1\ixxat_vc2\win32\Release\ixxatvcidrv.exp
C:\Users\akhe\Documents\development\m2m\src\vscp\drivers\level1\ixxat_vc2\win32\Release\ixxatvcidrv.lib
C:\USERS\AKHE\DOCUMENTS\DEVELOPMENT\M2M\SRC\VSCP\DRIVERS\LEVEL1\IXXAT_VC2\WIN32\RELEASE\IXXATVCIDRV.OBJ
C:\Users\akhe\Documents\development\m2m\src\vscp\drivers\level1\ixxat_vc2\win32\Release\ixxatvcidrv.write.1.tlog
C:\USERS\AKHE\DOCUMENTS\DEVELOPMENT\M2M\SRC\VSCP\DRIVERS\LEVEL1\IXXAT_VC2\WIN32\RELEASE\IXXOBJ.OBJ
C:\Users\akhe\Documents\development\m2m\src\vscp\drivers\level1\ixxat_vc2\win32\Release\link.command.1.tlog
C:\Users\akhe\Documents\development\m2m\src\vscp\drivers\level1\ixxat_vc2\win32\Release\link.read.1.tlog
C:\Users\akhe\Documents\development\m2m\src\vscp\drivers\level1\ixxat_vc2\win32\Release\link.write.1.tlog
C:\Users\akhe\Documents\development\m2m\src\vscp\drivers\level1\ixxat_vc2\win32\Release\mt.command.1.tlog
C:\Users\akhe\Documents\development\m2m\src\vscp\drivers\level1\ixxat_vc2\win32\Release\mt.read.1.tlog
C:\Users\akhe\Documents\development\m2m\src\vscp\drivers\level1\ixxat_vc2\win32\Release\mt.write.1.tlog
C:\USERS\AKHE\DOCUMENTS\DEVELOPMENT\M2M\SRC\VSCP\DRIVERS\LEVEL1\IXXAT_VC2\WIN32\RELEASE\VC100.PDB
