.\Release\lircdrv.bsc
C:\Users\akhe\Documents\development\m2m\src\vscp\Build\Releaselircdrv.dll
C:\Users\akhe\Documents\development\m2m\src\vscp\drivers\level1\lirc\windows\.\Release\lircdrv.dll
C:\Users\akhe\Documents\development\m2m\src\vscp\drivers\level1\lirc\windows\.\Release\lircdrv.dll.intermediate.manifest
C:\Users\akhe\Documents\development\m2m\src\vscp\drivers\level1\lirc\windows\Release\BscMake.command.1.tlog
C:\Users\akhe\Documents\development\m2m\src\vscp\drivers\level1\lirc\windows\Release\bscmake.read.1.tlog
C:\Users\akhe\Documents\development\m2m\src\vscp\drivers\level1\lirc\windows\Release\bscmake.write.1.tlog
C:\Users\akhe\Documents\development\m2m\src\vscp\drivers\level1\lirc\windows\Release\cl.command.1.tlog
C:\Users\akhe\Documents\development\m2m\src\vscp\drivers\level1\lirc\windows\Release\CL.read.1.tlog
C:\Users\akhe\Documents\development\m2m\src\vscp\drivers\level1\lirc\windows\Release\CL.write.1.tlog
C:\USERS\AKHE\DOCUMENTS\DEVELOPMENT\M2M\SRC\VSCP\DRIVERS\LEVEL1\LIRC\WINDOWS\RELEASE\DLLDRVOBJ.OBJ
C:\USERS\AKHE\DOCUMENTS\DEVELOPMENT\M2M\SRC\VSCP\DRIVERS\LEVEL1\LIRC\WINDOWS\RELEASE\DLLDRVOBJ.SBR
C:\Users\akhe\Documents\development\m2m\src\vscp\drivers\level1\lirc\windows\Release\link.command.1.tlog
C:\Users\akhe\Documents\development\m2m\src\vscp\drivers\level1\lirc\windows\Release\link.read.1.tlog
C:\Users\akhe\Documents\development\m2m\src\vscp\drivers\level1\lirc\windows\Release\link.write.1.tlog
C:\USERS\AKHE\DOCUMENTS\DEVELOPMENT\M2M\SRC\VSCP\DRIVERS\LEVEL1\LIRC\WINDOWS\RELEASE\LIRCDRV.BSC
C:\USERS\AKHE\DOCUMENTS\DEVELOPMENT\M2M\SRC\VSCP\DRIVERS\LEVEL1\LIRC\WINDOWS\RELEASE\LIRCDRV.DLL
C:\USERS\AKHE\DOCUMENTS\DEVELOPMENT\M2M\SRC\VSCP\DRIVERS\LEVEL1\LIRC\WINDOWS\RELEASE\LIRCDRV.DLL.INTERMEDIATE.MANIFEST
C:\Users\akhe\Documents\development\m2m\src\vscp\drivers\level1\lirc\windows\Release\lircdrv.exp
C:\Users\akhe\Documents\development\m2m\src\vscp\drivers\level1\lirc\windows\Release\lircdrv.lib
C:\USERS\AKHE\DOCUMENTS\DEVELOPMENT\M2M\SRC\VSCP\DRIVERS\LEVEL1\LIRC\WINDOWS\RELEASE\LIRCDRV.OBJ
C:\USERS\AKHE\DOCUMENTS\DEVELOPMENT\M2M\SRC\VSCP\DRIVERS\LEVEL1\LIRC\WINDOWS\RELEASE\LIRCDRV.SBR
C:\Users\akhe\Documents\development\m2m\src\vscp\drivers\level1\lirc\windows\Release\lircdrv.write.1.tlog
C:\USERS\AKHE\DOCUMENTS\DEVELOPMENT\M2M\SRC\VSCP\DRIVERS\LEVEL1\LIRC\WINDOWS\RELEASE\LIRCOBJ.OBJ
C:\USERS\AKHE\DOCUMENTS\DEVELOPMENT\M2M\SRC\VSCP\DRIVERS\LEVEL1\LIRC\WINDOWS\RELEASE\LIRCOBJ.SBR
C:\Users\akhe\Documents\development\m2m\src\vscp\drivers\level1\lirc\windows\Release\mt.command.1.tlog
C:\Users\akhe\Documents\development\m2m\src\vscp\drivers\level1\lirc\windows\Release\mt.read.1.tlog
C:\Users\akhe\Documents\development\m2m\src\vscp\drivers\level1\lirc\windows\Release\mt.write.1.tlog
C:\USERS\AKHE\DOCUMENTS\DEVELOPMENT\M2M\SRC\VSCP\DRIVERS\LEVEL1\LIRC\WINDOWS\RELEASE\VC100.PDB
