Build started 2012-09-17 21:46:12.
     1>Project "C:\Users\akhe\Documents\development\vscp_software\src\vscp\vscpworks\vscpworks.vcxproj" on node 2 (rebuild target(s)).
     1>_PrepareForClean:
         Deleting file "C:\Users\akhe\Documents\development\vscp_software\src\vscp\VCProjectDebug\vscpworks.lastbuildstate".
       InitializeBuildStatus:
         Touching "C:\Users\akhe\Documents\development\vscp_software\src\vscp\VCProjectDebug\vscpworks.unsuccessfulbuild".
       ClCompile:
         c:\Program Files (x86)\Microsoft Visual Studio 10.0\VC\bin\CL.exe /c /I"C:\wxWidgets-2.8.12/include" /I"C:\wxWidgets-2.8.12/contrib/include" /I"C:\wxWidgets-2.8.12/lib/vc_lib/mswud" /I"c:\Program Files (x86)\Microsoft Visual Studio 10.0\vc\include" /ZI /nologo /W3 /WX- /Od /Oy- /D NOPCH /D WIN32 /D __WXMSW__ /D _WINDOWS /D __WXDEBUG__ /D _DEBUG /D _UNICODE /D _UNICODE /D UNICODE /Gm /EHsc /RTC1 /MDd /GS /fp:precise /Zc:wchar_t /Zc:forScope /Fo"C:\Users\akhe\Documents\development\vscp_software\src\vscp\VCProjectDebug\\" /Fd"C:\Users\akhe\Documents\development\vscp_software\src\vscp\VCProjectDebug\vc100.pdb" /Gd /TC /analyze- /errorReport:prompt ..\..\common\crc.c  
         crc.c
         c:\Program Files (x86)\Microsoft Visual Studio 10.0\VC\bin\CL.exe /c /I"C:\wxWidgets-2.8.12/include" /I"C:\wxWidgets-2.8.12/contrib/include" /I"C:\wxWidgets-2.8.12/lib/vc_lib/mswud" /I"c:\Program Files (x86)\Microsoft Visual Studio 10.0\vc\include" /ZI /nologo /W3 /WX- /Od /Oy- /D NOPCH /D WIN32 /D __WXMSW__ /D _WINDOWS /D __WXDEBUG__ /D _DEBUG /D _UNICODE /D _UNICODE /D UNICODE /Gm /EHsc /RTC1 /MDd /GS /fp:precise /Zc:wchar_t /Zc:forScope /Fo"C:\Users\akhe\Documents\development\vscp_software\src\vscp\VCProjectDebug\\" /Fd"C:\Users\akhe\Documents\development\vscp_software\src\vscp\VCProjectDebug\vc100.pdb" /Gd /TP /analyze- /errorReport:prompt ..\common\canalsuperwrapper.cpp ..\common\dllwrapper.cpp ..\common\guid.cpp ..\common\mdf.cpp ..\common\vscphelper.cpp ..\common\vscptcpif.cpp bootdevice.cpp bootdevice_pic1.cpp bootdevice_vscp.cpp devicebootloaderwizard.cpp dialogabstractionedit.cpp dialogeditlevelidmrow.cpp dialogsetfiltermask.cpp dlgabout.cpp dlgconfiguration.cpp dlgnewvscpsession.cpp dlgselectdaemoninterface.cpp dlgvscpfilter.cpp dlgvscpinterfacesettings.cpp dlgvscpmsg.cpp dlgvscptrmit.cpp frmdeviceconfig.cpp frmmain.cpp frmmdfeditor.cpp frmscanfordevices.cpp frmvscpsession.cpp gridtable.cpp merlin.cpp readguid.cpp readmdffile.cpp readmsfurl.cpp readregister.cpp threadvscpwork.cpp vscptxobj.cpp vscpworks.cpp writeregister.cpp  
         writeregister.cpp
         vscpworks.cpp
         vscptxobj.cpp
         threadvscpwork.cpp
         readregister.cpp
         readmsfurl.cpp
         readmdffile.cpp
         readguid.cpp
         merlin.cpp
         gridtable.cpp
         frmvscpsession.cpp
         frmscanfordevices.cpp
         frmmdfeditor.cpp
         frmmain.cpp
         frmdeviceconfig.cpp
         dlgvscptrmit.cpp
         dlgvscpmsg.cpp
         dlgvscpinterfacesettings.cpp
         dlgvscpfilter.cpp
         dlgselectdaemoninterface.cpp
         Generating Code...
         Compiling...
         dlgnewvscpsession.cpp
         dlgconfiguration.cpp
         dlgabout.cpp
         dialogsetfiltermask.cpp
         dialogeditlevelidmrow.cpp
         dialogabstractionedit.cpp
         devicebootloaderwizard.cpp
         bootdevice_vscp.cpp
         bootdevice_pic1.cpp
         bootdevice.cpp
         vscptcpif.cpp
         vscphelper.cpp
         mdf.cpp
         guid.cpp
         dllwrapper.cpp
         canalsuperwrapper.cpp
         Generating Code...
       ResourceCompile:
         C:\Program Files (x86)\Microsoft SDKs\Windows\v7.0A\bin\rc.exe /D NOPCH /D WIN32 /D __WXMSW__ /D _WINDOWS /D __WXDEBUG__ /D _DEBUG /D _UNICODE /D _UNICODE /D UNICODE /l"0x0409" /I"C:\wxWidgets-2.8.12/include" /I"C:\wxWidgets-2.8.12/contrib/include" /I"C:\wxWidgets-2.8.12/lib/vc_lib/mswud" /I"c:\Program Files (x86)\Microsoft Visual Studio 10.0\vc\include" /nologo /fo"C:\Users\akhe\Documents\development\vscp_software\src\vscp\VCProjectDebug\vscpworks.res" vscpworks.rc 
       Link:
         c:\Program Files (x86)\Microsoft Visual Studio 10.0\VC\bin\link.exe /ERRORREPORT:PROMPT /OUT:"C:\Users\akhe\Documents\development\vscp_software\src\vscp\VCProjectDebug\vscpworks.exe" /INCREMENTAL /NOLOGO /LIBPATH:"C:\wxWidgets-2.8.12/lib/vc_lib" /LIBPATH:"c:\Program Files (x86)\Microsoft Visual Studio 10.0\vc\lib" wxmsw28ud_richtext.lib wxmsw28ud_aui.lib wxmsw28ud_html.lib wxmsw28ud_xrc.lib wxmsw28ud_core.lib wxbase28ud.lib wxtiffd.lib wxjpegd.lib wxpngd.lib wxzlibd.lib wxregexud.lib wxmsw28ud_adv.lib wxmsw28ud_html.lib wxmsw28ud_xrc.lib wxbase28ud_net.lib wxbase28ud_xml.lib wxexpatd.lib kernel32.lib user32.lib gdi32.lib comdlg32.lib winspool.lib winmm.lib shell32.lib comctl32.lib ole32.lib oleaut32.lib uuid.lib rpcrt4.lib advapi32.lib wsock32.lib kernel32.lib user32.lib gdi32.lib winspool.lib comdlg32.lib advapi32.lib shell32.lib ole32.lib oleaut32.lib uuid.lib odbc32.lib odbccp32.lib /MANIFEST /ManifestFile:"C:\Users\akhe\Documents\development\vscp_software\src\vscp\VCProjectDebug\vscpworks.exe.intermediate.manifest" /MANIFESTUAC:"level='asInvoker' uiAccess='false'" /DEBUG /PDB:"C:\Users\akhe\Documents\development\vscp_software\src\vscp\VCProjectDebug\vscpworks.pdb" /SUBSYSTEM:WINDOWS /TLBID:1 /DYNAMICBASE /NXCOMPAT /IMPLIB:"C:\Users\akhe\Documents\development\vscp_software\src\vscp\VCProjectDebug\vscpworks.lib" /MACHINE:X86 C:\Users\akhe\Documents\development\vscp_software\src\vscp\VCProjectDebug\vscpworks.res
         C:\Users\akhe\Documents\development\vscp_software\src\vscp\VCProjectDebug\crc.obj
         C:\Users\akhe\Documents\development\vscp_software\src\vscp\VCProjectDebug\canalsuperwrapper.obj
         C:\Users\akhe\Documents\development\vscp_software\src\vscp\VCProjectDebug\dllwrapper.obj
         C:\Users\akhe\Documents\development\vscp_software\src\vscp\VCProjectDebug\guid.obj
         C:\Users\akhe\Documents\development\vscp_software\src\vscp\VCProjectDebug\mdf.obj
         C:\Users\akhe\Documents\development\vscp_software\src\vscp\VCProjectDebug\vscphelper.obj
         C:\Users\akhe\Documents\development\vscp_software\src\vscp\VCProjectDebug\vscptcpif.obj
         C:\Users\akhe\Documents\development\vscp_software\src\vscp\VCProjectDebug\bootdevice.obj
         C:\Users\akhe\Documents\development\vscp_software\src\vscp\VCProjectDebug\bootdevice_pic1.obj
         C:\Users\akhe\Documents\development\vscp_software\src\vscp\VCProjectDebug\bootdevice_vscp.obj
         C:\Users\akhe\Documents\development\vscp_software\src\vscp\VCProjectDebug\devicebootloaderwizard.obj
         C:\Users\akhe\Documents\development\vscp_software\src\vscp\VCProjectDebug\dialogabstractionedit.obj
         C:\Users\akhe\Documents\development\vscp_software\src\vscp\VCProjectDebug\dialogeditlevelidmrow.obj
         C:\Users\akhe\Documents\development\vscp_software\src\vscp\VCProjectDebug\dialogsetfiltermask.obj
         C:\Users\akhe\Documents\development\vscp_software\src\vscp\VCProjectDebug\dlgabout.obj
         C:\Users\akhe\Documents\development\vscp_software\src\vscp\VCProjectDebug\dlgconfiguration.obj
         C:\Users\akhe\Documents\development\vscp_software\src\vscp\VCProjectDebug\dlgnewvscpsession.obj
         C:\Users\akhe\Documents\development\vscp_software\src\vscp\VCProjectDebug\dlgselectdaemoninterface.obj
         C:\Users\akhe\Documents\development\vscp_software\src\vscp\VCProjectDebug\dlgvscpfilter.obj
         C:\Users\akhe\Documents\development\vscp_software\src\vscp\VCProjectDebug\dlgvscpinterfacesettings.obj
         C:\Users\akhe\Documents\development\vscp_software\src\vscp\VCProjectDebug\dlgvscpmsg.obj
         C:\Users\akhe\Documents\development\vscp_software\src\vscp\VCProjectDebug\dlgvscptrmit.obj
         C:\Users\akhe\Documents\development\vscp_software\src\vscp\VCProjectDebug\frmdeviceconfig.obj
         C:\Users\akhe\Documents\development\vscp_software\src\vscp\VCProjectDebug\frmmain.obj
         C:\Users\akhe\Documents\development\vscp_software\src\vscp\VCProjectDebug\frmmdfeditor.obj
         C:\Users\akhe\Documents\development\vscp_software\src\vscp\VCProjectDebug\frmscanfordevices.obj
         C:\Users\akhe\Documents\development\vscp_software\src\vscp\VCProjectDebug\frmvscpsession.obj
         C:\Users\akhe\Documents\development\vscp_software\src\vscp\VCProjectDebug\gridtable.obj
         C:\Users\akhe\Documents\development\vscp_software\src\vscp\VCProjectDebug\merlin.obj
         C:\Users\akhe\Documents\development\vscp_software\src\vscp\VCProjectDebug\readguid.obj
         C:\Users\akhe\Documents\development\vscp_software\src\vscp\VCProjectDebug\readmdffile.obj
         C:\Users\akhe\Documents\development\vscp_software\src\vscp\VCProjectDebug\readmsfurl.obj
         C:\Users\akhe\Documents\development\vscp_software\src\vscp\VCProjectDebug\readregister.obj
         C:\Users\akhe\Documents\development\vscp_software\src\vscp\VCProjectDebug\threadvscpwork.obj
         C:\Users\akhe\Documents\development\vscp_software\src\vscp\VCProjectDebug\vscptxobj.obj
         C:\Users\akhe\Documents\development\vscp_software\src\vscp\VCProjectDebug\vscpworks.obj
         C:\Users\akhe\Documents\development\vscp_software\src\vscp\VCProjectDebug\writeregister.obj
         vscpworks.vcxproj -> C:\Users\akhe\Documents\development\vscp_software\src\vscp\VCProjectDebug\vscpworks.exe
       Manifest:
         C:\Program Files (x86)\Microsoft SDKs\Windows\v7.0A\bin\mt.exe /nologo /verbose /out:"C:\Users\akhe\Documents\development\vscp_software\src\vscp\VCProjectDebug\vscpworks.exe.manifest" /manifest C:\Users\akhe\Documents\development\vscp_software\src\vscp\VCProjectDebug\vscpworks.exe.intermediate.manifest
       FinalizeBuildStatus:
         Deleting file "C:\Users\akhe\Documents\development\vscp_software\src\vscp\VCProjectDebug\vscpworks.unsuccessfulbuild".
         Touching "C:\Users\akhe\Documents\development\vscp_software\src\vscp\VCProjectDebug\vscpworks.lastbuildstate".
     1>Done Building Project "C:\Users\akhe\Documents\development\vscp_software\src\vscp\vscpworks\vscpworks.vcxproj" (rebuild target(s)).

Build succeeded.

Time Elapsed 00:02:00.39
