Build started 2012-09-03 11:49:54.
     1>Project "C:\Users\akhe\Documents\development\m2m\src\vscp\VSCP helper dll\VSCP helper dll\VSCP helper dll.vcxproj" on node 3 (build target(s)).
     1>InitializeBuildStatus:
         Creating "Release\vscphelper.unsuccessfulbuild" because "AlwaysCreate" was specified.
       ClCompile:
         All outputs are up-to-date.
         All outputs are up-to-date.
       ResourceCompile:
         All outputs are up-to-date.
       Link:
         All outputs are up-to-date.
         VSCP helper dll.vcxproj -> C:\Users\akhe\Documents\development\m2m\src\vscp\VSCP helper dll\VSCP helper dll\./Release\vscphelper.dll
       CustomBuildStep:
         Description: Performing Custom Build Step
         echo on 
         mkdir "C:\Users\akhe\Documents\development\m2m\src\vscp\Build"
         mkdir "C:\Users\akhe\Documents\development\m2m\src\vscp\Build\Release"
         if exist "C:\Users\akhe\Documents\development\m2m\src\vscp\Build\Release" copy /Y "C:\Users\akhe\Documents\development\m2m\src\vscp\VSCP helper dll\VSCP helper dll\./Release\vscphelper.dll"  "C:\Users\akhe\Documents\development\m2m\src\vscp\Build\Release"
         if exist "C:\Users\akhe\Documents\development\m2m\src\vscp\Build\Release" copy /Y "./Release\/vscphelper.lib"  "C:\Users\akhe\Documents\development\m2m\src\vscp\Build\Release"
         
         :VCEnd
         A subdirectory or file C:\Users\akhe\Documents\development\m2m\src\vscp\Build already exists.
         A subdirectory or file C:\Users\akhe\Documents\development\m2m\src\vscp\Build\Release already exists.
                 1 file(s) copied.
                 1 file(s) copied.
       FinalizeBuildStatus:
         Deleting file "Release\vscphelper.unsuccessfulbuild".
         Touching "Release\vscphelper.lastbuildstate".
     1>Done Building Project "C:\Users\akhe\Documents\development\m2m\src\vscp\VSCP helper dll\VSCP helper dll\VSCP helper dll.vcxproj" (build target(s)).

Build succeeded.

Time Elapsed 00:00:00.25
