./Release\vscphelper.pdb
C:\Users\akhe\Documents\development\m2m\src\vscp\Build\Releasevscphelper.dll
C:\Users\akhe\Documents\development\m2m\src\vscp\VSCP helper dll\VSCP helper dll\./Release\vscphelper.dll
C:\Users\akhe\Documents\development\m2m\src\vscp\VSCP helper dll\VSCP helper dll\./Release\vscphelper.dll.intermediate.manifest
C:\USERS\AKHE\DOCUMENTS\DEVELOPMENT\M2M\SRC\VSCP\VSCP HELPER DLL\VSCP HELPER DLL\RELEASE\CANALSUPERWRAPPER.OBJ
C:\Users\akhe\Documents\development\m2m\src\vscp\VSCP helper dll\VSCP helper dll\Release\cl.command.1.tlog
C:\Users\akhe\Documents\development\m2m\src\vscp\VSCP helper dll\VSCP helper dll\Release\CL.read.1.tlog
C:\Users\akhe\Documents\development\m2m\src\vscp\VSCP helper dll\VSCP helper dll\Release\CL.write.1.tlog
C:\USERS\AKHE\DOCUMENTS\DEVELOPMENT\M2M\SRC\VSCP\VSCP HELPER DLL\VSCP HELPER DLL\RELEASE\CRC.OBJ
C:\USERS\AKHE\DOCUMENTS\DEVELOPMENT\M2M\SRC\VSCP\VSCP HELPER DLL\VSCP HELPER DLL\RELEASE\DLLWRAPPER.OBJ
C:\USERS\AKHE\DOCUMENTS\DEVELOPMENT\M2M\SRC\VSCP\VSCP HELPER DLL\VSCP HELPER DLL\RELEASE\GUID.OBJ
C:\Users\akhe\Documents\development\m2m\src\vscp\VSCP helper dll\VSCP helper dll\Release\link.command.1.tlog
C:\Users\akhe\Documents\development\m2m\src\vscp\VSCP helper dll\VSCP helper dll\Release\link.read.1.tlog
C:\Users\akhe\Documents\development\m2m\src\vscp\VSCP helper dll\VSCP helper dll\Release\link.write.1.tlog
C:\Users\akhe\Documents\development\m2m\src\vscp\VSCP helper dll\VSCP helper dll\Release\link-cvtres.read.1.tlog
C:\Users\akhe\Documents\development\m2m\src\vscp\VSCP helper dll\VSCP helper dll\Release\link-cvtres.write.1.tlog
C:\Users\akhe\Documents\development\m2m\src\vscp\VSCP helper dll\VSCP helper dll\Release\mt.command.1.tlog
C:\Users\akhe\Documents\development\m2m\src\vscp\VSCP helper dll\VSCP helper dll\Release\mt.read.1.tlog
C:\Users\akhe\Documents\development\m2m\src\vscp\VSCP helper dll\VSCP helper dll\Release\mt.write.1.tlog
C:\Users\akhe\Documents\development\m2m\src\vscp\VSCP helper dll\VSCP helper dll\Release\rc.command.1.tlog
C:\Users\akhe\Documents\development\m2m\src\vscp\VSCP helper dll\VSCP helper dll\Release\rc.read.1.tlog
C:\Users\akhe\Documents\development\m2m\src\vscp\VSCP helper dll\VSCP helper dll\Release\rc.write.1.tlog
C:\USERS\AKHE\DOCUMENTS\DEVELOPMENT\M2M\SRC\VSCP\VSCP HELPER DLL\VSCP HELPER DLL\RELEASE\VC100.PDB
C:\USERS\AKHE\DOCUMENTS\DEVELOPMENT\M2M\SRC\VSCP\VSCP HELPER DLL\VSCP HELPER DLL\RELEASE\VSCPHELPER.DLL
C:\USERS\AKHE\DOCUMENTS\DEVELOPMENT\M2M\SRC\VSCP\VSCP HELPER DLL\VSCP HELPER DLL\RELEASE\VSCPHELPER.DLL.INTERMEDIATE.MANIFEST
C:\Users\akhe\Documents\development\m2m\src\vscp\VSCP helper dll\VSCP helper dll\Release\vscphelper.exp
C:\Users\akhe\Documents\development\m2m\src\vscp\VSCP helper dll\VSCP helper dll\Release\vscphelper.lib
C:\USERS\AKHE\DOCUMENTS\DEVELOPMENT\M2M\SRC\VSCP\VSCP HELPER DLL\VSCP HELPER DLL\RELEASE\VSCPHELPER.OBJ
C:\USERS\AKHE\DOCUMENTS\DEVELOPMENT\M2M\SRC\VSCP\VSCP HELPER DLL\VSCP HELPER DLL\RELEASE\VSCPHELPER.PDB
C:\USERS\AKHE\DOCUMENTS\DEVELOPMENT\M2M\SRC\VSCP\VSCP HELPER DLL\VSCP HELPER DLL\RELEASE\VSCPHELPER.RES
C:\Users\akhe\Documents\development\m2m\src\vscp\VSCP helper dll\VSCP helper dll\Release\vscphelper.write.1.tlog
C:\USERS\AKHE\DOCUMENTS\DEVELOPMENT\M2M\SRC\VSCP\VSCP HELPER DLL\VSCP HELPER DLL\RELEASE\VSCPHELPERDLL.OBJ
C:\USERS\AKHE\DOCUMENTS\DEVELOPMENT\M2M\SRC\VSCP\VSCP HELPER DLL\VSCP HELPER DLL\RELEASE\VSCPTCPIF.OBJ
