C:\Users\akhe\Documents\development\m2m\src\vscp\Build\Releasexapdrv.dll
C:\Users\akhe\Documents\development\m2m\src\vscp\drivers\level1\xap\win32\.\Release\xapdrv.dll
C:\Users\akhe\Documents\development\m2m\src\vscp\drivers\level1\xap\win32\.\Release\xapdrv.dll.intermediate.manifest
C:\Users\akhe\Documents\development\m2m\src\vscp\drivers\level1\xap\win32\Release\cl.command.1.tlog
C:\Users\akhe\Documents\development\m2m\src\vscp\drivers\level1\xap\win32\Release\CL.read.1.tlog
C:\Users\akhe\Documents\development\m2m\src\vscp\drivers\level1\xap\win32\Release\CL.write.1.tlog
C:\USERS\AKHE\DOCUMENTS\DEVELOPMENT\M2M\SRC\VSCP\DRIVERS\LEVEL1\XAP\WIN32\RELEASE\DLLDRVOBJ.OBJ
C:\USERS\AKHE\DOCUMENTS\DEVELOPMENT\M2M\SRC\VSCP\DRIVERS\LEVEL1\XAP\WIN32\RELEASE\DLLIST.OBJ
C:\Users\akhe\Documents\development\m2m\src\vscp\drivers\level1\xap\win32\Release\link.command.1.tlog
C:\Users\akhe\Documents\development\m2m\src\vscp\drivers\level1\xap\win32\Release\link.read.1.tlog
C:\Users\akhe\Documents\development\m2m\src\vscp\drivers\level1\xap\win32\Release\link.write.1.tlog
C:\Users\akhe\Documents\development\m2m\src\vscp\drivers\level1\xap\win32\Release\mt.command.1.tlog
C:\Users\akhe\Documents\development\m2m\src\vscp\drivers\level1\xap\win32\Release\mt.read.1.tlog
C:\Users\akhe\Documents\development\m2m\src\vscp\drivers\level1\xap\win32\Release\mt.write.1.tlog
C:\USERS\AKHE\DOCUMENTS\DEVELOPMENT\M2M\SRC\VSCP\DRIVERS\LEVEL1\XAP\WIN32\RELEASE\VC100.PDB
C:\USERS\AKHE\DOCUMENTS\DEVELOPMENT\M2M\SRC\VSCP\DRIVERS\LEVEL1\XAP\WIN32\RELEASE\XAPDRV.DLL
C:\USERS\AKHE\DOCUMENTS\DEVELOPMENT\M2M\SRC\VSCP\DRIVERS\LEVEL1\XAP\WIN32\RELEASE\XAPDRV.DLL.INTERMEDIATE.MANIFEST
C:\Users\akhe\Documents\development\m2m\src\vscp\drivers\level1\xap\win32\Release\xapdrv.exp
C:\Users\akhe\Documents\development\m2m\src\vscp\drivers\level1\xap\win32\Release\xapdrv.lib
C:\USERS\AKHE\DOCUMENTS\DEVELOPMENT\M2M\SRC\VSCP\DRIVERS\LEVEL1\XAP\WIN32\RELEASE\XAPDRV.OBJ
C:\Users\akhe\Documents\development\m2m\src\vscp\drivers\level1\xap\win32\Release\xapdrv.write.1.tlog
C:\USERS\AKHE\DOCUMENTS\DEVELOPMENT\M2M\SRC\VSCP\DRIVERS\LEVEL1\XAP\WIN32\RELEASE\XAPOBJ.OBJ
