.\Release\mkpasswd.bsc
C:\Users\akhe\Documents\development\m2m\src\vscp\Build\Releasemkpasswd.exe
C:\Users\akhe\Documents\development\m2m\src\vscp\mkpasswd\.\Release\mkpasswd.exe
C:\Users\akhe\Documents\development\m2m\src\vscp\mkpasswd\.\Release\mkpasswd.exe.intermediate.manifest
C:\Users\akhe\Documents\development\m2m\src\vscp\mkpasswd\Release\BscMake.command.1.tlog
C:\Users\akhe\Documents\development\m2m\src\vscp\mkpasswd\Release\bscmake.read.1.tlog
C:\Users\akhe\Documents\development\m2m\src\vscp\mkpasswd\Release\bscmake.write.1.tlog
C:\Users\akhe\Documents\development\m2m\src\vscp\mkpasswd\Release\cl.command.1.tlog
C:\Users\akhe\Documents\development\m2m\src\vscp\mkpasswd\Release\CL.read.1.tlog
C:\Users\akhe\Documents\development\m2m\src\vscp\mkpasswd\Release\CL.write.1.tlog
C:\Users\akhe\Documents\development\m2m\src\vscp\mkpasswd\Release\link.command.1.tlog
C:\Users\akhe\Documents\development\m2m\src\vscp\mkpasswd\Release\link.read.1.tlog
C:\Users\akhe\Documents\development\m2m\src\vscp\mkpasswd\Release\link.write.1.tlog
C:\USERS\AKHE\DOCUMENTS\DEVELOPMENT\M2M\SRC\VSCP\MKPASSWD\RELEASE\MD5.OBJ
C:\USERS\AKHE\DOCUMENTS\DEVELOPMENT\M2M\SRC\VSCP\MKPASSWD\RELEASE\MD5.SBR
C:\USERS\AKHE\DOCUMENTS\DEVELOPMENT\M2M\SRC\VSCP\MKPASSWD\RELEASE\MKPASSWD.BSC
C:\USERS\AKHE\DOCUMENTS\DEVELOPMENT\M2M\SRC\VSCP\MKPASSWD\RELEASE\MKPASSWD.EXE
C:\USERS\AKHE\DOCUMENTS\DEVELOPMENT\M2M\SRC\VSCP\MKPASSWD\RELEASE\MKPASSWD.EXE.INTERMEDIATE.MANIFEST
C:\USERS\AKHE\DOCUMENTS\DEVELOPMENT\M2M\SRC\VSCP\MKPASSWD\RELEASE\MKPASSWD.OBJ
C:\USERS\AKHE\DOCUMENTS\DEVELOPMENT\M2M\SRC\VSCP\MKPASSWD\RELEASE\MKPASSWD.SBR
C:\Users\akhe\Documents\development\m2m\src\vscp\mkpasswd\Release\mkpasswd.write.1.tlog
C:\Users\akhe\Documents\development\m2m\src\vscp\mkpasswd\Release\mt.command.1.tlog
C:\Users\akhe\Documents\development\m2m\src\vscp\mkpasswd\Release\mt.read.1.tlog
C:\Users\akhe\Documents\development\m2m\src\vscp\mkpasswd\Release\mt.write.1.tlog
C:\USERS\AKHE\DOCUMENTS\DEVELOPMENT\M2M\SRC\VSCP\MKPASSWD\RELEASE\VC100.PDB
