Build started 2012-09-03 11:49:58.
     1>Project "C:\Users\akhe\Documents\development\m2m\src\vscp\mkpasswd\mkpasswd.vcxproj" on node 2 (build target(s)).
     1>InitializeBuildStatus:
         Creating ".\Release\mkpasswd.unsuccessfulbuild" because "AlwaysCreate" was specified.
       ClCompile:
         All outputs are up-to-date.
       Link:
         All outputs are up-to-date.
         mkpasswd.vcxproj -> C:\Users\akhe\Documents\development\m2m\src\vscp\mkpasswd\.\Release\mkpasswd.exe
       BscMake:
         All outputs are up-to-date.
       CustomBuildStep:
         Description: Performing Custom Build Step
         echo on
         mkdir "C:\Users\akhe\Documents\development\m2m\src\vscp\Build"
         mkdir "C:\Users\akhe\Documents\development\m2m\src\vscp\Build\Release"
         if exist "C:\Users\akhe\Documents\development\m2m\src\vscp\Build\Release" copy /Y "C:\Users\akhe\Documents\development\m2m\src\vscp\mkpasswd\.\Release\mkpasswd.exe"  "C:\Users\akhe\Documents\development\m2m\src\vscp\Build\Release"
         :VCEnd
         A subdirectory or file C:\Users\akhe\Documents\development\m2m\src\vscp\Build already exists.
         A subdirectory or file C:\Users\akhe\Documents\development\m2m\src\vscp\Build\Release already exists.
                 1 file(s) copied.
       PostBuildEvent:
         copy release\*.exe ..\delivery
         :VCEnd
         release\mkpasswd.exe
                 1 file(s) copied.
       FinalizeBuildStatus:
         Deleting file ".\Release\mkpasswd.unsuccessfulbuild".
         Touching ".\Release\mkpasswd.lastbuildstate".
     1>Done Building Project "C:\Users\akhe\Documents\development\m2m\src\vscp\mkpasswd\mkpasswd.vcxproj" (build target(s)).

Build succeeded.

Time Elapsed 00:00:00.30
