.\release\vscpservice.bsc
C:\Users\akhe\Documents\development\m2m\src\vscp\Build\Releasevscpservice.exe
C:\Users\akhe\Documents\development\m2m\src\vscp\vscpservice\.\release\vscpservice.exe
C:\Users\akhe\Documents\development\m2m\src\vscp\vscpservice\.\release\vscpservice.exe.intermediate.manifest
C:\Users\akhe\Documents\development\m2m\src\vscp\vscpservice\release\BscMake.command.1.tlog
C:\Users\akhe\Documents\development\m2m\src\vscp\vscpservice\release\bscmake.read.1.tlog
C:\Users\akhe\Documents\development\m2m\src\vscp\vscpservice\release\bscmake.write.1.tlog
C:\Users\akhe\Documents\development\m2m\src\vscp\vscpservice\release\cl.command.1.tlog
C:\Users\akhe\Documents\development\m2m\src\vscp\vscpservice\release\CL.read.1.tlog
C:\Users\akhe\Documents\development\m2m\src\vscp\vscpservice\release\CL.write.1.tlog
C:\USERS\AKHE\DOCUMENTS\DEVELOPMENT\M2M\SRC\VSCP\VSCPSERVICE\RELEASE\CLIENTLIST.OBJ
C:\USERS\AKHE\DOCUMENTS\DEVELOPMENT\M2M\SRC\VSCP\VSCPSERVICE\RELEASE\CLIENTLIST.SBR
C:\USERS\AKHE\DOCUMENTS\DEVELOPMENT\M2M\SRC\VSCP\VSCPSERVICE\RELEASE\CONTROLOBJECT.OBJ
C:\USERS\AKHE\DOCUMENTS\DEVELOPMENT\M2M\SRC\VSCP\VSCPSERVICE\RELEASE\CONTROLOBJECT.SBR
C:\USERS\AKHE\DOCUMENTS\DEVELOPMENT\M2M\SRC\VSCP\VSCPSERVICE\RELEASE\CRC.OBJ
C:\USERS\AKHE\DOCUMENTS\DEVELOPMENT\M2M\SRC\VSCP\VSCPSERVICE\RELEASE\CRC.SBR
C:\USERS\AKHE\DOCUMENTS\DEVELOPMENT\M2M\SRC\VSCP\VSCPSERVICE\RELEASE\DAEMONVSCP.OBJ
C:\USERS\AKHE\DOCUMENTS\DEVELOPMENT\M2M\SRC\VSCP\VSCPSERVICE\RELEASE\DAEMONVSCP.SBR
C:\USERS\AKHE\DOCUMENTS\DEVELOPMENT\M2M\SRC\VSCP\VSCPSERVICE\RELEASE\DEVICELIST.OBJ
C:\USERS\AKHE\DOCUMENTS\DEVELOPMENT\M2M\SRC\VSCP\VSCPSERVICE\RELEASE\DEVICELIST.SBR
C:\USERS\AKHE\DOCUMENTS\DEVELOPMENT\M2M\SRC\VSCP\VSCPSERVICE\RELEASE\DEVICETHREAD.OBJ
C:\USERS\AKHE\DOCUMENTS\DEVELOPMENT\M2M\SRC\VSCP\VSCPSERVICE\RELEASE\DEVICETHREAD.SBR
C:\USERS\AKHE\DOCUMENTS\DEVELOPMENT\M2M\SRC\VSCP\VSCPSERVICE\RELEASE\DLLIST.OBJ
C:\USERS\AKHE\DOCUMENTS\DEVELOPMENT\M2M\SRC\VSCP\VSCPSERVICE\RELEASE\DLLIST.SBR
C:\USERS\AKHE\DOCUMENTS\DEVELOPMENT\M2M\SRC\VSCP\VSCPSERVICE\RELEASE\DM.OBJ
C:\USERS\AKHE\DOCUMENTS\DEVELOPMENT\M2M\SRC\VSCP\VSCPSERVICE\RELEASE\DM.SBR
C:\USERS\AKHE\DOCUMENTS\DEVELOPMENT\M2M\SRC\VSCP\VSCPSERVICE\RELEASE\GETTIMEOFDAY.OBJ
C:\USERS\AKHE\DOCUMENTS\DEVELOPMENT\M2M\SRC\VSCP\VSCPSERVICE\RELEASE\GETTIMEOFDAY.SBR
C:\USERS\AKHE\DOCUMENTS\DEVELOPMENT\M2M\SRC\VSCP\VSCPSERVICE\RELEASE\GUID.OBJ
C:\USERS\AKHE\DOCUMENTS\DEVELOPMENT\M2M\SRC\VSCP\VSCPSERVICE\RELEASE\GUID.SBR
C:\USERS\AKHE\DOCUMENTS\DEVELOPMENT\M2M\SRC\VSCP\VSCPSERVICE\RELEASE\INTERFACELIST.OBJ
C:\USERS\AKHE\DOCUMENTS\DEVELOPMENT\M2M\SRC\VSCP\VSCPSERVICE\RELEASE\INTERFACELIST.SBR
C:\Users\akhe\Documents\development\m2m\src\vscp\vscpservice\release\link.command.1.tlog
C:\Users\akhe\Documents\development\m2m\src\vscp\vscpservice\release\link.read.1.tlog
C:\Users\akhe\Documents\development\m2m\src\vscp\vscpservice\release\link.write.1.tlog
C:\Users\akhe\Documents\development\m2m\src\vscp\vscpservice\release\link-cvtres.read.1.tlog
C:\Users\akhe\Documents\development\m2m\src\vscp\vscpservice\release\link-cvtres.write.1.tlog
C:\USERS\AKHE\DOCUMENTS\DEVELOPMENT\M2M\SRC\VSCP\VSCPSERVICE\RELEASE\MD5.OBJ
C:\USERS\AKHE\DOCUMENTS\DEVELOPMENT\M2M\SRC\VSCP\VSCPSERVICE\RELEASE\MD5.SBR
C:\Users\akhe\Documents\development\m2m\src\vscp\vscpservice\release\mt.command.1.tlog
C:\Users\akhe\Documents\development\m2m\src\vscp\vscpservice\release\mt.read.1.tlog
C:\Users\akhe\Documents\development\m2m\src\vscp\vscpservice\release\mt.write.1.tlog
C:\USERS\AKHE\DOCUMENTS\DEVELOPMENT\M2M\SRC\VSCP\VSCPSERVICE\RELEASE\NTSERVICE.OBJ
C:\USERS\AKHE\DOCUMENTS\DEVELOPMENT\M2M\SRC\VSCP\VSCPSERVICE\RELEASE\NTSERVICE.SBR
C:\USERS\AKHE\DOCUMENTS\DEVELOPMENT\M2M\SRC\VSCP\VSCPSERVICE\RELEASE\NTSERVMSG.RES
C:\USERS\AKHE\DOCUMENTS\DEVELOPMENT\M2M\SRC\VSCP\VSCPSERVICE\RELEASE\RANDPASSWORD.OBJ
C:\USERS\AKHE\DOCUMENTS\DEVELOPMENT\M2M\SRC\VSCP\VSCPSERVICE\RELEASE\RANDPASSWORD.SBR
C:\Users\akhe\Documents\development\m2m\src\vscp\vscpservice\release\rc.command.1.tlog
C:\Users\akhe\Documents\development\m2m\src\vscp\vscpservice\release\rc.read.1.tlog
C:\Users\akhe\Documents\development\m2m\src\vscp\vscpservice\release\rc.write.1.tlog
C:\USERS\AKHE\DOCUMENTS\DEVELOPMENT\M2M\SRC\VSCP\VSCPSERVICE\RELEASE\TCPIPCLIENTTHREAD.OBJ
C:\USERS\AKHE\DOCUMENTS\DEVELOPMENT\M2M\SRC\VSCP\VSCPSERVICE\RELEASE\TCPIPCLIENTTHREAD.SBR
C:\USERS\AKHE\DOCUMENTS\DEVELOPMENT\M2M\SRC\VSCP\VSCPSERVICE\RELEASE\UDPTHREAD.OBJ
C:\USERS\AKHE\DOCUMENTS\DEVELOPMENT\M2M\SRC\VSCP\VSCPSERVICE\RELEASE\UDPTHREAD.SBR
C:\USERS\AKHE\DOCUMENTS\DEVELOPMENT\M2M\SRC\VSCP\VSCPSERVICE\RELEASE\USERLIST.OBJ
C:\USERS\AKHE\DOCUMENTS\DEVELOPMENT\M2M\SRC\VSCP\VSCPSERVICE\RELEASE\USERLIST.SBR
C:\USERS\AKHE\DOCUMENTS\DEVELOPMENT\M2M\SRC\VSCP\VSCPSERVICE\RELEASE\VC100.PDB
C:\USERS\AKHE\DOCUMENTS\DEVELOPMENT\M2M\SRC\VSCP\VSCPSERVICE\RELEASE\VSCPHELPER.OBJ
C:\USERS\AKHE\DOCUMENTS\DEVELOPMENT\M2M\SRC\VSCP\VSCPSERVICE\RELEASE\VSCPHELPER.SBR
C:\USERS\AKHE\DOCUMENTS\DEVELOPMENT\M2M\SRC\VSCP\VSCPSERVICE\RELEASE\VSCPSERVAPP.OBJ
C:\USERS\AKHE\DOCUMENTS\DEVELOPMENT\M2M\SRC\VSCP\VSCPSERVICE\RELEASE\VSCPSERVAPP.SBR
C:\USERS\AKHE\DOCUMENTS\DEVELOPMENT\M2M\SRC\VSCP\VSCPSERVICE\RELEASE\VSCPSERVICE.BSC
C:\USERS\AKHE\DOCUMENTS\DEVELOPMENT\M2M\SRC\VSCP\VSCPSERVICE\RELEASE\VSCPSERVICE.EXE
C:\USERS\AKHE\DOCUMENTS\DEVELOPMENT\M2M\SRC\VSCP\VSCPSERVICE\RELEASE\VSCPSERVICE.EXE.INTERMEDIATE.MANIFEST
C:\USERS\AKHE\DOCUMENTS\DEVELOPMENT\M2M\SRC\VSCP\VSCPSERVICE\RELEASE\VSCPSERVICE.OBJ
C:\USERS\AKHE\DOCUMENTS\DEVELOPMENT\M2M\SRC\VSCP\VSCPSERVICE\RELEASE\VSCPSERVICE.SBR
C:\Users\akhe\Documents\development\m2m\src\vscp\vscpservice\release\vscpservice.write.1.tlog
C:\USERS\AKHE\DOCUMENTS\DEVELOPMENT\M2M\SRC\VSCP\VSCPSERVICE\RELEASE\VSCPTCPIF.OBJ
C:\USERS\AKHE\DOCUMENTS\DEVELOPMENT\M2M\SRC\VSCP\VSCPSERVICE\RELEASE\VSCPTCPIF.SBR
C:\USERS\AKHE\DOCUMENTS\DEVELOPMENT\M2M\SRC\VSCP\VSCPSERVICE\RELEASE\VSCPVARIABLE.OBJ
C:\USERS\AKHE\DOCUMENTS\DEVELOPMENT\M2M\SRC\VSCP\VSCPSERVICE\RELEASE\VSCPVARIABLE.SBR
