Build started 2012-09-03 11:49:55.
     1>Project "C:\Users\akhe\Documents\development\m2m\src\vscp\vscpservice\vscpservice.vcxproj" on node 3 (build target(s)).
     1>InitializeBuildStatus:
         Creating ".\release\vscpservice.unsuccessfulbuild" because "AlwaysCreate" was specified.
       ClCompile:
         All outputs are up-to-date.
         All outputs are up-to-date.
       ResourceCompile:
         All outputs are up-to-date.
       Link:
         All outputs are up-to-date.
         vscpservice.vcxproj -> C:\Users\akhe\Documents\development\m2m\src\vscp\vscpservice\.\release\vscpservice.exe
       BscMake:
         All outputs are up-to-date.
       CustomBuildStep:
         Description: Performing Custom Build Step
         echo on
         mkdir "C:\Users\akhe\Documents\development\m2m\src\vscp\Build"
         mkdir "C:\Users\akhe\Documents\development\m2m\src\vscp\Build\Release"
         echo "C:\Users\akhe\Documents\development\m2m\src\vscp\vscpservice\.\release\vscpservice.exe"  
         echo "C:\Users\akhe\Documents\development\m2m\src\vscp\Build\Release"
         if exist "C:\Users\akhe\Documents\development\m2m\src\vscp\Build\Release" copy /Y "C:\Users\akhe\Documents\development\m2m\src\vscp\vscpservice\.\release\vscpservice.exe"  "C:\Users\akhe\Documents\development\m2m\src\vscp\Build\Release"
         :VCEnd
         A subdirectory or file C:\Users\akhe\Documents\development\m2m\src\vscp\Build already exists.
         "C:\Users\akhe\Documents\development\m2m\src\vscp\vscpservice\.\release\vscpservice.exe"  
         "C:\Users\akhe\Documents\development\m2m\src\vscp\Build\Release"
         A subdirectory or file C:\Users\akhe\Documents\development\m2m\src\vscp\Build\Release already exists.
                 1 file(s) copied.
       FinalizeBuildStatus:
         Deleting file ".\release\vscpservice.unsuccessfulbuild".
         Touching ".\release\vscpservice.lastbuildstate".
     1>Done Building Project "C:\Users\akhe\Documents\development\m2m\src\vscp\vscpservice\vscpservice.vcxproj" (build target(s)).

Build succeeded.

Time Elapsed 00:00:00.27
