.\Debug\apoxdrv.bsc
.\Debug\apoxdrv.pdb
C:\Users\akhe\Documents\development\m2m\src\vscp\Build\Debugapoxdrv.dll
C:\Users\akhe\Documents\development\m2m\src\vscp\drivers\level1\apox\win32\.\Debug\apoxdrv.dll
C:\Users\akhe\Documents\development\m2m\src\vscp\drivers\level1\apox\win32\.\Debug\apoxdrv.dll.intermediate.manifest
C:\USERS\AKHE\DOCUMENTS\DEVELOPMENT\M2M\SRC\VSCP\DRIVERS\LEVEL1\APOX\WIN32\DEBUG\APOXDRV.BSC
C:\USERS\AKHE\DOCUMENTS\DEVELOPMENT\M2M\SRC\VSCP\DRIVERS\LEVEL1\APOX\WIN32\DEBUG\APOXDRV.DLL
C:\USERS\AKHE\DOCUMENTS\DEVELOPMENT\M2M\SRC\VSCP\DRIVERS\LEVEL1\APOX\WIN32\DEBUG\APOXDRV.DLL.INTERMEDIATE.MANIFEST
C:\Users\akhe\Documents\development\m2m\src\vscp\drivers\level1\apox\win32\Debug\apoxdrv.exp
C:\Users\akhe\Documents\development\m2m\src\vscp\drivers\level1\apox\win32\Debug\apoxdrv.lib
C:\USERS\AKHE\DOCUMENTS\DEVELOPMENT\M2M\SRC\VSCP\DRIVERS\LEVEL1\APOX\WIN32\DEBUG\APOXDRV.OBJ
C:\USERS\AKHE\DOCUMENTS\DEVELOPMENT\M2M\SRC\VSCP\DRIVERS\LEVEL1\APOX\WIN32\DEBUG\APOXDRV.PDB
C:\USERS\AKHE\DOCUMENTS\DEVELOPMENT\M2M\SRC\VSCP\DRIVERS\LEVEL1\APOX\WIN32\DEBUG\APOXDRV.SBR
C:\Users\akhe\Documents\development\m2m\src\vscp\drivers\level1\apox\win32\Debug\apoxdrv.write.1.tlog
C:\USERS\AKHE\DOCUMENTS\DEVELOPMENT\M2M\SRC\VSCP\DRIVERS\LEVEL1\APOX\WIN32\DEBUG\APOXOBJ.OBJ
C:\USERS\AKHE\DOCUMENTS\DEVELOPMENT\M2M\SRC\VSCP\DRIVERS\LEVEL1\APOX\WIN32\DEBUG\APOXOBJ.SBR
C:\Users\akhe\Documents\development\m2m\src\vscp\drivers\level1\apox\win32\Debug\BscMake.command.1.tlog
C:\Users\akhe\Documents\development\m2m\src\vscp\drivers\level1\apox\win32\Debug\bscmake.read.1.tlog
C:\Users\akhe\Documents\development\m2m\src\vscp\drivers\level1\apox\win32\Debug\bscmake.write.1.tlog
C:\Users\akhe\Documents\development\m2m\src\vscp\drivers\level1\apox\win32\Debug\cl.command.1.tlog
C:\Users\akhe\Documents\development\m2m\src\vscp\drivers\level1\apox\win32\Debug\CL.read.1.tlog
C:\Users\akhe\Documents\development\m2m\src\vscp\drivers\level1\apox\win32\Debug\CL.write.1.tlog
C:\USERS\AKHE\DOCUMENTS\DEVELOPMENT\M2M\SRC\VSCP\DRIVERS\LEVEL1\APOX\WIN32\DEBUG\DLLDRVOBJ.OBJ
C:\USERS\AKHE\DOCUMENTS\DEVELOPMENT\M2M\SRC\VSCP\DRIVERS\LEVEL1\APOX\WIN32\DEBUG\DLLDRVOBJ.SBR
C:\USERS\AKHE\DOCUMENTS\DEVELOPMENT\M2M\SRC\VSCP\DRIVERS\LEVEL1\APOX\WIN32\DEBUG\DLLIST.OBJ
C:\USERS\AKHE\DOCUMENTS\DEVELOPMENT\M2M\SRC\VSCP\DRIVERS\LEVEL1\APOX\WIN32\DEBUG\DLLIST.SBR
C:\Users\akhe\Documents\development\m2m\src\vscp\drivers\level1\apox\win32\Debug\link.command.1.tlog
C:\Users\akhe\Documents\development\m2m\src\vscp\drivers\level1\apox\win32\Debug\link.read.1.tlog
C:\Users\akhe\Documents\development\m2m\src\vscp\drivers\level1\apox\win32\Debug\link.write.1.tlog
C:\Users\akhe\Documents\development\m2m\src\vscp\drivers\level1\apox\win32\Debug\mt.command.1.tlog
C:\Users\akhe\Documents\development\m2m\src\vscp\drivers\level1\apox\win32\Debug\mt.read.1.tlog
C:\Users\akhe\Documents\development\m2m\src\vscp\drivers\level1\apox\win32\Debug\mt.write.1.tlog
C:\Users\akhe\Documents\development\m2m\src\vscp\drivers\level1\apox\win32\Debug\vc100.idb
C:\USERS\AKHE\DOCUMENTS\DEVELOPMENT\M2M\SRC\VSCP\DRIVERS\LEVEL1\APOX\WIN32\DEBUG\VC100.PDB
