.\Debug\ccsdrv.bsc
.\Debug\ccsdrv.ilk
.\Debug\ccsdrv.pdb
C:\Users\akhe\Documents\development\m2m\src\vscp\Build\Debugccsdrv.dll
C:\Users\akhe\Documents\development\m2m\src\vscp\drivers\level1\ccsdrv\win32\ccsdrv\.\Debug\ccsdrv.dll
C:\Users\akhe\Documents\development\m2m\src\vscp\drivers\level1\ccsdrv\win32\ccsdrv\.\Debug\ccsdrv.dll.intermediate.manifest
C:\Users\akhe\Documents\development\m2m\src\vscp\drivers\level1\ccsdrv\win32\ccsdrv\Debug\BscMake.command.1.tlog
C:\Users\akhe\Documents\development\m2m\src\vscp\drivers\level1\ccsdrv\win32\ccsdrv\Debug\bscmake.read.1.tlog
C:\Users\akhe\Documents\development\m2m\src\vscp\drivers\level1\ccsdrv\win32\ccsdrv\Debug\bscmake.write.1.tlog
C:\USERS\AKHE\DOCUMENTS\DEVELOPMENT\M2M\SRC\VSCP\DRIVERS\LEVEL1\CCSDRV\WIN32\CCSDRV\DEBUG\CCSDRV.BSC
C:\USERS\AKHE\DOCUMENTS\DEVELOPMENT\M2M\SRC\VSCP\DRIVERS\LEVEL1\CCSDRV\WIN32\CCSDRV\DEBUG\CCSDRV.DLL
C:\USERS\AKHE\DOCUMENTS\DEVELOPMENT\M2M\SRC\VSCP\DRIVERS\LEVEL1\CCSDRV\WIN32\CCSDRV\DEBUG\CCSDRV.DLL.EMBED.MANIFEST
C:\USERS\AKHE\DOCUMENTS\DEVELOPMENT\M2M\SRC\VSCP\DRIVERS\LEVEL1\CCSDRV\WIN32\CCSDRV\DEBUG\CCSDRV.DLL.EMBED.MANIFEST.RES
C:\USERS\AKHE\DOCUMENTS\DEVELOPMENT\M2M\SRC\VSCP\DRIVERS\LEVEL1\CCSDRV\WIN32\CCSDRV\DEBUG\CCSDRV.DLL.INTERMEDIATE.MANIFEST
C:\Users\akhe\Documents\development\m2m\src\vscp\drivers\level1\ccsdrv\win32\ccsdrv\Debug\ccsdrv.exp
C:\USERS\AKHE\DOCUMENTS\DEVELOPMENT\M2M\SRC\VSCP\DRIVERS\LEVEL1\CCSDRV\WIN32\CCSDRV\DEBUG\CCSDRV.ILK
C:\Users\akhe\Documents\development\m2m\src\vscp\drivers\level1\ccsdrv\win32\ccsdrv\Debug\ccsdrv.lib
C:\USERS\AKHE\DOCUMENTS\DEVELOPMENT\M2M\SRC\VSCP\DRIVERS\LEVEL1\CCSDRV\WIN32\CCSDRV\DEBUG\CCSDRV.OBJ
C:\USERS\AKHE\DOCUMENTS\DEVELOPMENT\M2M\SRC\VSCP\DRIVERS\LEVEL1\CCSDRV\WIN32\CCSDRV\DEBUG\CCSDRV.PDB
C:\USERS\AKHE\DOCUMENTS\DEVELOPMENT\M2M\SRC\VSCP\DRIVERS\LEVEL1\CCSDRV\WIN32\CCSDRV\DEBUG\CCSDRV.SBR
C:\Users\akhe\Documents\development\m2m\src\vscp\drivers\level1\ccsdrv\win32\ccsdrv\Debug\ccsdrv.write.1.tlog
C:\Users\akhe\Documents\development\m2m\src\vscp\drivers\level1\ccsdrv\win32\ccsdrv\Debug\ccsdrv_manifest.rc
C:\USERS\AKHE\DOCUMENTS\DEVELOPMENT\M2M\SRC\VSCP\DRIVERS\LEVEL1\CCSDRV\WIN32\CCSDRV\DEBUG\CCSOBJ.OBJ
C:\USERS\AKHE\DOCUMENTS\DEVELOPMENT\M2M\SRC\VSCP\DRIVERS\LEVEL1\CCSDRV\WIN32\CCSDRV\DEBUG\CCSOBJ.SBR
C:\Users\akhe\Documents\development\m2m\src\vscp\drivers\level1\ccsdrv\win32\ccsdrv\Debug\cl.command.1.tlog
C:\Users\akhe\Documents\development\m2m\src\vscp\drivers\level1\ccsdrv\win32\ccsdrv\Debug\CL.read.1.tlog
C:\Users\akhe\Documents\development\m2m\src\vscp\drivers\level1\ccsdrv\win32\ccsdrv\Debug\CL.write.1.tlog
C:\USERS\AKHE\DOCUMENTS\DEVELOPMENT\M2M\SRC\VSCP\DRIVERS\LEVEL1\CCSDRV\WIN32\CCSDRV\DEBUG\DLLDRVOBJ.OBJ
C:\USERS\AKHE\DOCUMENTS\DEVELOPMENT\M2M\SRC\VSCP\DRIVERS\LEVEL1\CCSDRV\WIN32\CCSDRV\DEBUG\DLLDRVOBJ.SBR
C:\USERS\AKHE\DOCUMENTS\DEVELOPMENT\M2M\SRC\VSCP\DRIVERS\LEVEL1\CCSDRV\WIN32\CCSDRV\DEBUG\DLLIST.OBJ
C:\USERS\AKHE\DOCUMENTS\DEVELOPMENT\M2M\SRC\VSCP\DRIVERS\LEVEL1\CCSDRV\WIN32\CCSDRV\DEBUG\DLLIST.SBR
C:\Users\akhe\Documents\development\m2m\src\vscp\drivers\level1\ccsdrv\win32\ccsdrv\Debug\link.8296.read.1.tlog
C:\Users\akhe\Documents\development\m2m\src\vscp\drivers\level1\ccsdrv\win32\ccsdrv\Debug\link.8296.write.1.tlog
C:\Users\akhe\Documents\development\m2m\src\vscp\drivers\level1\ccsdrv\win32\ccsdrv\Debug\link.8296-cvtres.read.1.tlog
C:\Users\akhe\Documents\development\m2m\src\vscp\drivers\level1\ccsdrv\win32\ccsdrv\Debug\link.8296-cvtres.write.1.tlog
C:\Users\akhe\Documents\development\m2m\src\vscp\drivers\level1\ccsdrv\win32\ccsdrv\Debug\link.command.1.tlog
C:\Users\akhe\Documents\development\m2m\src\vscp\drivers\level1\ccsdrv\win32\ccsdrv\Debug\link.read.1.tlog
C:\Users\akhe\Documents\development\m2m\src\vscp\drivers\level1\ccsdrv\win32\ccsdrv\Debug\link.write.1.tlog
C:\Users\akhe\Documents\development\m2m\src\vscp\drivers\level1\ccsdrv\win32\ccsdrv\Debug\link-cvtres.read.1.tlog
C:\Users\akhe\Documents\development\m2m\src\vscp\drivers\level1\ccsdrv\win32\ccsdrv\Debug\link-cvtres.write.1.tlog
C:\Users\akhe\Documents\development\m2m\src\vscp\drivers\level1\ccsdrv\win32\ccsdrv\Debug\mt.command.1.tlog
C:\Users\akhe\Documents\development\m2m\src\vscp\drivers\level1\ccsdrv\win32\ccsdrv\Debug\mt.read.1.tlog
C:\Users\akhe\Documents\development\m2m\src\vscp\drivers\level1\ccsdrv\win32\ccsdrv\Debug\mt.write.1.tlog
C:\Users\akhe\Documents\development\m2m\src\vscp\drivers\level1\ccsdrv\win32\ccsdrv\Debug\rc.command.1.tlog
C:\Users\akhe\Documents\development\m2m\src\vscp\drivers\level1\ccsdrv\win32\ccsdrv\Debug\rc.read.1.tlog
C:\Users\akhe\Documents\development\m2m\src\vscp\drivers\level1\ccsdrv\win32\ccsdrv\Debug\rc.write.1.tlog
C:\Users\akhe\Documents\development\m2m\src\vscp\drivers\level1\ccsdrv\win32\ccsdrv\Debug\vc100.idb
C:\USERS\AKHE\DOCUMENTS\DEVELOPMENT\M2M\SRC\VSCP\DRIVERS\LEVEL1\CCSDRV\WIN32\CCSDRV\DEBUG\VC100.PDB
