Build started 2012-06-08 15:58:54.
     1>Project "C:\Users\akhe\Documents\development\m2m\src\vscp\drivers\level1\ccsdrv\win32\ccsdrv\ccsdrv.vcxproj" on node 2 (rebuild target(s)).
     1>_PrepareForClean:
         Deleting file ".\Debug\ccsdrv.lastbuildstate".
       InitializeBuildStatus:
         Creating ".\Debug\ccsdrv.unsuccessfulbuild" because "AlwaysCreate" was specified.
       ClCompile:
         c:\Program Files (x86)\Microsoft Visual Studio 10.0\VC\bin\CL.exe /c /I"C:\wxWidgets-2.8.12\include\msvc" /I"C:\wxWidgets-2.8.12\include\\" /ZI /nologo /W3 /WX- /Od /Oy- /D WIN32 /D _DEBUG /D _WINDOWS /D _USRDLL /D ccsdrv_EXPORTS /D _VC80_UPGRADE=0x0600 /D _WINDLL /D _MBCS /Gm /EHsc /RTC1 /MDd /GS /Gy- /fp:precise /Zc:wchar_t /Zc:forScope /Fo".\Debug\\" /Fd".\Debug\vc100.pdb" /FR".\Debug\\" /Gd /TC /analyze- /errorReport:prompt ..\..\..\..\..\..\common\dllist.c
         dllist.c
         c:\Program Files (x86)\Microsoft Visual Studio 10.0\VC\bin\CL.exe /c /I"C:\wxWidgets-2.8.12\include\msvc" /I"C:\wxWidgets-2.8.12\include\\" /ZI /nologo /W3 /WX- /Od /Oy- /D WIN32 /D _DEBUG /D _WINDOWS /D _USRDLL /D ccsdrv_EXPORTS /D _VC80_UPGRADE=0x0600 /D _WINDLL /D _MBCS /Gm /EHsc /RTC1 /MDd /GS /Gy- /fp:precise /Zc:wchar_t /Zc:forScope /Fo".\Debug\\" /Fd".\Debug\vc100.pdb" /FR".\Debug\\" /Gd /TP /analyze- /errorReport:prompt ccsdrv.cpp ..\..\common\CCSObj.cpp ..\..\common\dlldrvobj.cpp
         dlldrvobj.cpp
         CCSObj.cpp
         ccsdrv.cpp
         Generating Code...
       ManifestResourceCompile:
         C:\Program Files (x86)\Microsoft SDKs\Windows\v7.0A\bin\rc.exe /nologo /fo".\Debug\ccsdrv.dll.embed.manifest.res" .\Debug\ccsdrv_manifest.rc 
       Link:
         c:\Program Files (x86)\Microsoft Visual Studio 10.0\VC\bin\link.exe /ERRORREPORT:PROMPT /OUT:".\Debug\ccsdrv.dll" /INCREMENTAL /NOLOGO /LIBPATH:"C:\wxWidgets-2.8.12\lib\vc_lib" odbc32.lib odbccp32.lib candbg.lib kernel32.lib user32.lib gdi32.lib winspool.lib comdlg32.lib advapi32.lib shell32.lib ole32.lib oleaut32.lib uuid.lib odbc32.lib odbccp32.lib /DEF:".\ccsdrv.def" /MANIFEST /ManifestFile:".\Debug\ccsdrv.dll.intermediate.manifest" /MANIFESTUAC:"level='asInvoker' uiAccess='false'" /DEBUG /PDB:"C:\Users\akhe\Documents\development\m2m\src\vscp\drivers\level1\ccsdrv\win32\ccsdrv\Debug\ccsdrv.pdb" /SUBSYSTEM:CONSOLE /TLBID:1 /DYNAMICBASE /NXCOMPAT /IMPLIB:".\Debug\ccsdrv.lib" /MACHINE:X86 /DLL .\Debug\ccsdrv.dll.embed.manifest.res
         .\Debug\dllist.obj
         .\Debug\ccsdrv.obj
         .\Debug\CCSObj.obj
         .\Debug\dlldrvobj.obj
            Creating library .\Debug\ccsdrv.lib and object .\Debug\ccsdrv.exp
       Manifest:
         Deleting file ".\Debug\ccsdrv.dll.embed.manifest".
         C:\Program Files (x86)\Microsoft SDKs\Windows\v7.0A\bin\mt.exe /nologo /verbose /out:".\Debug\ccsdrv.dll.embed.manifest" /manifest .\Debug\ccsdrv.dll.intermediate.manifest
         C:\Program Files (x86)\Microsoft SDKs\Windows\v7.0A\bin\rc.exe /nologo /fo".\Debug\ccsdrv.dll.embed.manifest.res" .\Debug\ccsdrv_manifest.rc 
       LinkEmbedManifest:
         c:\Program Files (x86)\Microsoft Visual Studio 10.0\VC\bin\link.exe /ERRORREPORT:PROMPT /OUT:".\Debug\ccsdrv.dll" /INCREMENTAL /NOLOGO /LIBPATH:"C:\wxWidgets-2.8.12\lib\vc_lib" odbc32.lib odbccp32.lib candbg.lib kernel32.lib user32.lib gdi32.lib winspool.lib comdlg32.lib advapi32.lib shell32.lib ole32.lib oleaut32.lib uuid.lib odbc32.lib odbccp32.lib /DEF:".\ccsdrv.def" /MANIFEST /ManifestFile:".\Debug\ccsdrv.dll.intermediate.manifest" /MANIFESTUAC:"level='asInvoker' uiAccess='false'" /DEBUG /PDB:"C:\Users\akhe\Documents\development\m2m\src\vscp\drivers\level1\ccsdrv\win32\ccsdrv\Debug\ccsdrv.pdb" /SUBSYSTEM:CONSOLE /TLBID:1 /DYNAMICBASE /NXCOMPAT /IMPLIB:".\Debug\ccsdrv.lib" /MACHINE:X86 /DLL .\Debug\ccsdrv.dll.embed.manifest.res
         .\Debug\dllist.obj
         .\Debug\ccsdrv.obj
         .\Debug\CCSObj.obj
         .\Debug\dlldrvobj.obj
            Creating library .\Debug\ccsdrv.lib and object .\Debug\ccsdrv.exp
         ccsdrv.vcxproj -> C:\Users\akhe\Documents\development\m2m\src\vscp\drivers\level1\ccsdrv\win32\ccsdrv\.\Debug\ccsdrv.dll
       BscMake:
         c:\Program Files (x86)\Microsoft Visual Studio 10.0\VC\bin\bscmake.exe /nologo /o".\Debug\ccsdrv.bsc" .\Debug\dllist.sbr .\Debug\ccsdrv.sbr .\Debug\CCSObj.sbr .\Debug\dlldrvobj.sbr
       CustomBuildStep:
         Description: Performing Custom Build Step
         echo on
         mkdir "C:\Users\akhe\Documents\development\m2m\src\vscp\Build"
         mkdir "C:\Users\akhe\Documents\development\m2m\src\vscp\Build\Debug"
         if exist "C:\Users\akhe\Documents\development\m2m\src\vscp\Build\Debug" copy /Y "C:\Users\akhe\Documents\development\m2m\src\vscp\drivers\level1\ccsdrv\win32\ccsdrv\.\Debug\ccsdrv.dll"  "C:\Users\akhe\Documents\development\m2m\src\vscp\Build\Debug"
         if exist "C:\Users\akhe\Documents\development\m2m\src\vscp\Build\Debug" copy /Y ".\Debug\/ccsdrv.lib"  "C:\Users\akhe\Documents\development\m2m\src\vscp\Build\Debug"
         :VCEnd
         A subdirectory or file C:\Users\akhe\Documents\development\m2m\src\vscp\Build already exists.
         A subdirectory or file C:\Users\akhe\Documents\development\m2m\src\vscp\Build\Debug already exists.
                 1 file(s) copied.
                 1 file(s) copied.
       FinalizeBuildStatus:
         Deleting file ".\Debug\ccsdrv.unsuccessfulbuild".
         Touching ".\Debug\ccsdrv.lastbuildstate".
     1>Done Building Project "C:\Users\akhe\Documents\development\m2m\src\vscp\drivers\level1\ccsdrv\win32\ccsdrv\ccsdrv.vcxproj" (rebuild target(s)).

Build succeeded.

Time Elapsed 00:00:09.30
