.\Debug\websocketdrv.pdb
C:\Users\akhe\Documents\development\m2m\src\vscp\Build\Debugwebsocketdrv.dll
C:\Users\akhe\Documents\development\m2m\src\vscp\drivers\level2\websocket\win32\.\Debug\websocketdrv.dll
C:\Users\akhe\Documents\development\m2m\src\vscp\drivers\level2\websocket\win32\.\Debug\websocketdrv.dll.intermediate.manifest
C:\Users\akhe\Documents\development\m2m\src\vscp\drivers\level2\websocket\win32\Debug\BscMake.command.1.tlog
C:\Users\akhe\Documents\development\m2m\src\vscp\drivers\level2\websocket\win32\Debug\bscmake.read.1.tlog
C:\Users\akhe\Documents\development\m2m\src\vscp\drivers\level2\websocket\win32\Debug\bscmake.write.1.tlog
C:\Users\akhe\Documents\development\m2m\src\vscp\drivers\level2\websocket\win32\Debug\cl.command.1.tlog
C:\Users\akhe\Documents\development\m2m\src\vscp\drivers\level2\websocket\win32\Debug\CL.read.1.tlog
C:\Users\akhe\Documents\development\m2m\src\vscp\drivers\level2\websocket\win32\Debug\CL.write.1.tlog
C:\USERS\AKHE\DOCUMENTS\DEVELOPMENT\M2M\SRC\VSCP\DRIVERS\LEVEL2\WEBSOCKET\WIN32\DEBUG\CRC.OBJ
C:\USERS\AKHE\DOCUMENTS\DEVELOPMENT\M2M\SRC\VSCP\DRIVERS\LEVEL2\WEBSOCKET\WIN32\DEBUG\CRC.SBR
C:\USERS\AKHE\DOCUMENTS\DEVELOPMENT\M2M\SRC\VSCP\DRIVERS\LEVEL2\WEBSOCKET\WIN32\DEBUG\DLLDRVOBJ.OBJ
C:\USERS\AKHE\DOCUMENTS\DEVELOPMENT\M2M\SRC\VSCP\DRIVERS\LEVEL2\WEBSOCKET\WIN32\DEBUG\DLLDRVOBJ.SBR
C:\USERS\AKHE\DOCUMENTS\DEVELOPMENT\M2M\SRC\VSCP\DRIVERS\LEVEL2\WEBSOCKET\WIN32\DEBUG\GUID.OBJ
C:\USERS\AKHE\DOCUMENTS\DEVELOPMENT\M2M\SRC\VSCP\DRIVERS\LEVEL2\WEBSOCKET\WIN32\DEBUG\GUID.SBR
C:\Users\akhe\Documents\development\m2m\src\vscp\drivers\level2\websocket\win32\Debug\link.command.1.tlog
C:\Users\akhe\Documents\development\m2m\src\vscp\drivers\level2\websocket\win32\Debug\link.read.1.tlog
C:\Users\akhe\Documents\development\m2m\src\vscp\drivers\level2\websocket\win32\Debug\link.write.1.tlog
C:\Users\akhe\Documents\development\m2m\src\vscp\drivers\level2\websocket\win32\Debug\mt.command.1.tlog
C:\Users\akhe\Documents\development\m2m\src\vscp\drivers\level2\websocket\win32\Debug\mt.read.1.tlog
C:\Users\akhe\Documents\development\m2m\src\vscp\drivers\level2\websocket\win32\Debug\mt.write.1.tlog
C:\USERS\AKHE\DOCUMENTS\DEVELOPMENT\M2M\SRC\VSCP\DRIVERS\LEVEL2\WEBSOCKET\WIN32\DEBUG\RAWETHERNET.BSC
C:\Users\akhe\Documents\development\m2m\src\vscp\drivers\level2\websocket\win32\Debug\vc100.idb
C:\USERS\AKHE\DOCUMENTS\DEVELOPMENT\M2M\SRC\VSCP\DRIVERS\LEVEL2\WEBSOCKET\WIN32\DEBUG\VC100.PDB
C:\USERS\AKHE\DOCUMENTS\DEVELOPMENT\M2M\SRC\VSCP\DRIVERS\LEVEL2\WEBSOCKET\WIN32\DEBUG\WEBSOCKETDRV.DLL
C:\USERS\AKHE\DOCUMENTS\DEVELOPMENT\M2M\SRC\VSCP\DRIVERS\LEVEL2\WEBSOCKET\WIN32\DEBUG\WEBSOCKETDRV.DLL.INTERMEDIATE.MANIFEST
C:\Users\akhe\Documents\development\m2m\src\vscp\drivers\level2\websocket\win32\Debug\websocketdrv.exp
C:\Users\akhe\Documents\development\m2m\src\vscp\drivers\level2\websocket\win32\Debug\websocketdrv.lib
C:\USERS\AKHE\DOCUMENTS\DEVELOPMENT\M2M\SRC\VSCP\DRIVERS\LEVEL2\WEBSOCKET\WIN32\DEBUG\WEBSOCKETDRV.OBJ
C:\USERS\AKHE\DOCUMENTS\DEVELOPMENT\M2M\SRC\VSCP\DRIVERS\LEVEL2\WEBSOCKET\WIN32\DEBUG\WEBSOCKETDRV.PDB
C:\USERS\AKHE\DOCUMENTS\DEVELOPMENT\M2M\SRC\VSCP\DRIVERS\LEVEL2\WEBSOCKET\WIN32\DEBUG\WEBSOCKETDRV.SBR
C:\Users\akhe\Documents\development\m2m\src\vscp\drivers\level2\websocket\win32\Debug\websocketdrv.write.1.tlog
C:\USERS\AKHE\DOCUMENTS\DEVELOPMENT\M2M\SRC\VSCP\DRIVERS\LEVEL2\WEBSOCKET\WIN32\DEBUG\VSCPHELPER.OBJ
C:\USERS\AKHE\DOCUMENTS\DEVELOPMENT\M2M\SRC\VSCP\DRIVERS\LEVEL2\WEBSOCKET\WIN32\DEBUG\VSCPHELPER.SBR
C:\USERS\AKHE\DOCUMENTS\DEVELOPMENT\M2M\SRC\VSCP\DRIVERS\LEVEL2\WEBSOCKET\WIN32\DEBUG\VSCPTCPIF.OBJ
C:\USERS\AKHE\DOCUMENTS\DEVELOPMENT\M2M\SRC\VSCP\DRIVERS\LEVEL2\WEBSOCKET\WIN32\DEBUG\VSCPTCPIF.SBR
