.\Release\vscplogger.bsc
C:\Users\akhe\Documents\development\m2m\src\vscp\Build\Releasevscplogger.dll
C:\Users\akhe\Documents\development\m2m\src\vscp\drivers\level2\logger\win32\.\Release\vscplogger.dll
C:\Users\akhe\Documents\development\m2m\src\vscp\drivers\level2\logger\win32\.\Release\vscplogger.dll.intermediate.manifest
C:\Users\akhe\Documents\development\m2m\src\vscp\drivers\level2\logger\win32\Release\BscMake.command.1.tlog
C:\Users\akhe\Documents\development\m2m\src\vscp\drivers\level2\logger\win32\Release\bscmake.read.1.tlog
C:\Users\akhe\Documents\development\m2m\src\vscp\drivers\level2\logger\win32\Release\bscmake.write.1.tlog
C:\Users\akhe\Documents\development\m2m\src\vscp\drivers\level2\logger\win32\Release\cl.command.1.tlog
C:\Users\akhe\Documents\development\m2m\src\vscp\drivers\level2\logger\win32\Release\CL.read.1.tlog
C:\Users\akhe\Documents\development\m2m\src\vscp\drivers\level2\logger\win32\Release\CL.write.1.tlog
C:\USERS\AKHE\DOCUMENTS\DEVELOPMENT\M2M\SRC\VSCP\DRIVERS\LEVEL2\LOGGER\WIN32\RELEASE\CRC.OBJ
C:\USERS\AKHE\DOCUMENTS\DEVELOPMENT\M2M\SRC\VSCP\DRIVERS\LEVEL2\LOGGER\WIN32\RELEASE\CRC.SBR
C:\USERS\AKHE\DOCUMENTS\DEVELOPMENT\M2M\SRC\VSCP\DRIVERS\LEVEL2\LOGGER\WIN32\RELEASE\DLLDRVOBJ.OBJ
C:\USERS\AKHE\DOCUMENTS\DEVELOPMENT\M2M\SRC\VSCP\DRIVERS\LEVEL2\LOGGER\WIN32\RELEASE\DLLDRVOBJ.SBR
C:\USERS\AKHE\DOCUMENTS\DEVELOPMENT\M2M\SRC\VSCP\DRIVERS\LEVEL2\LOGGER\WIN32\RELEASE\DLLIST.OBJ
C:\USERS\AKHE\DOCUMENTS\DEVELOPMENT\M2M\SRC\VSCP\DRIVERS\LEVEL2\LOGGER\WIN32\RELEASE\DLLIST.SBR
C:\USERS\AKHE\DOCUMENTS\DEVELOPMENT\M2M\SRC\VSCP\DRIVERS\LEVEL2\LOGGER\WIN32\RELEASE\GUID.OBJ
C:\USERS\AKHE\DOCUMENTS\DEVELOPMENT\M2M\SRC\VSCP\DRIVERS\LEVEL2\LOGGER\WIN32\RELEASE\GUID.SBR
C:\Users\akhe\Documents\development\m2m\src\vscp\drivers\level2\logger\win32\Release\link.command.1.tlog
C:\Users\akhe\Documents\development\m2m\src\vscp\drivers\level2\logger\win32\Release\link.read.1.tlog
C:\Users\akhe\Documents\development\m2m\src\vscp\drivers\level2\logger\win32\Release\link.write.1.tlog
C:\USERS\AKHE\DOCUMENTS\DEVELOPMENT\M2M\SRC\VSCP\DRIVERS\LEVEL2\LOGGER\WIN32\RELEASE\LOG.OBJ
C:\USERS\AKHE\DOCUMENTS\DEVELOPMENT\M2M\SRC\VSCP\DRIVERS\LEVEL2\LOGGER\WIN32\RELEASE\LOG.SBR
C:\Users\akhe\Documents\development\m2m\src\vscp\drivers\level2\logger\win32\Release\mt.command.1.tlog
C:\Users\akhe\Documents\development\m2m\src\vscp\drivers\level2\logger\win32\Release\mt.read.1.tlog
C:\Users\akhe\Documents\development\m2m\src\vscp\drivers\level2\logger\win32\Release\mt.write.1.tlog
C:\USERS\AKHE\DOCUMENTS\DEVELOPMENT\M2M\SRC\VSCP\DRIVERS\LEVEL2\LOGGER\WIN32\RELEASE\VC100.PDB
C:\USERS\AKHE\DOCUMENTS\DEVELOPMENT\M2M\SRC\VSCP\DRIVERS\LEVEL2\LOGGER\WIN32\RELEASE\VSCPHELPER.OBJ
C:\USERS\AKHE\DOCUMENTS\DEVELOPMENT\M2M\SRC\VSCP\DRIVERS\LEVEL2\LOGGER\WIN32\RELEASE\VSCPHELPER.SBR
C:\USERS\AKHE\DOCUMENTS\DEVELOPMENT\M2M\SRC\VSCP\DRIVERS\LEVEL2\LOGGER\WIN32\RELEASE\VSCPLOGGER.BSC
C:\USERS\AKHE\DOCUMENTS\DEVELOPMENT\M2M\SRC\VSCP\DRIVERS\LEVEL2\LOGGER\WIN32\RELEASE\VSCPLOGGER.DLL
C:\USERS\AKHE\DOCUMENTS\DEVELOPMENT\M2M\SRC\VSCP\DRIVERS\LEVEL2\LOGGER\WIN32\RELEASE\VSCPLOGGER.DLL.INTERMEDIATE.MANIFEST
C:\Users\akhe\Documents\development\m2m\src\vscp\drivers\level2\logger\win32\Release\vscplogger.exp
C:\Users\akhe\Documents\development\m2m\src\vscp\drivers\level2\logger\win32\Release\vscplogger.lib
C:\USERS\AKHE\DOCUMENTS\DEVELOPMENT\M2M\SRC\VSCP\DRIVERS\LEVEL2\LOGGER\WIN32\RELEASE\VSCPLOGGER.OBJ
C:\USERS\AKHE\DOCUMENTS\DEVELOPMENT\M2M\SRC\VSCP\DRIVERS\LEVEL2\LOGGER\WIN32\RELEASE\VSCPLOGGER.SBR
C:\Users\akhe\Documents\development\m2m\src\vscp\drivers\level2\logger\win32\Release\vscplogger.write.1.tlog
C:\USERS\AKHE\DOCUMENTS\DEVELOPMENT\M2M\SRC\VSCP\DRIVERS\LEVEL2\LOGGER\WIN32\RELEASE\VSCPTCPIF.OBJ
C:\USERS\AKHE\DOCUMENTS\DEVELOPMENT\M2M\SRC\VSCP\DRIVERS\LEVEL2\LOGGER\WIN32\RELEASE\VSCPTCPIF.SBR
