C:\Users\akhe\Documents\development\m2m\src\vscp\Build\Releaseapoxdrv.dll
C:\Users\akhe\Documents\development\m2m\src\vscp\drivers\level1\apox\win32\.\Release\apoxdrv.dll
C:\Users\akhe\Documents\development\m2m\src\vscp\drivers\level1\apox\win32\.\Release\apoxdrv.dll.intermediate.manifest
C:\USERS\AKHE\DOCUMENTS\DEVELOPMENT\M2M\SRC\VSCP\DRIVERS\LEVEL1\APOX\WIN32\RELEASE\APOXDRV.DLL
C:\USERS\AKHE\DOCUMENTS\DEVELOPMENT\M2M\SRC\VSCP\DRIVERS\LEVEL1\APOX\WIN32\RELEASE\APOXDRV.DLL.INTERMEDIATE.MANIFEST
C:\Users\akhe\Documents\development\m2m\src\vscp\drivers\level1\apox\win32\Release\apoxdrv.exp
C:\Users\akhe\Documents\development\m2m\src\vscp\drivers\level1\apox\win32\Release\apoxdrv.lib
C:\USERS\AKHE\DOCUMENTS\DEVELOPMENT\M2M\SRC\VSCP\DRIVERS\LEVEL1\APOX\WIN32\RELEASE\APOXDRV.OBJ
C:\Users\akhe\Documents\development\m2m\src\vscp\drivers\level1\apox\win32\Release\apoxdrv.write.1.tlog
C:\USERS\AKHE\DOCUMENTS\DEVELOPMENT\M2M\SRC\VSCP\DRIVERS\LEVEL1\APOX\WIN32\RELEASE\APOXOBJ.OBJ
C:\Users\akhe\Documents\development\m2m\src\vscp\drivers\level1\apox\win32\Release\cl.command.1.tlog
C:\Users\akhe\Documents\development\m2m\src\vscp\drivers\level1\apox\win32\Release\CL.read.1.tlog
C:\Users\akhe\Documents\development\m2m\src\vscp\drivers\level1\apox\win32\Release\CL.write.1.tlog
C:\USERS\AKHE\DOCUMENTS\DEVELOPMENT\M2M\SRC\VSCP\DRIVERS\LEVEL1\APOX\WIN32\RELEASE\DLLDRVOBJ.OBJ
C:\USERS\AKHE\DOCUMENTS\DEVELOPMENT\M2M\SRC\VSCP\DRIVERS\LEVEL1\APOX\WIN32\RELEASE\DLLIST.OBJ
C:\Users\akhe\Documents\development\m2m\src\vscp\drivers\level1\apox\win32\Release\link.command.1.tlog
C:\Users\akhe\Documents\development\m2m\src\vscp\drivers\level1\apox\win32\Release\link.read.1.tlog
C:\Users\akhe\Documents\development\m2m\src\vscp\drivers\level1\apox\win32\Release\link.write.1.tlog
C:\Users\akhe\Documents\development\m2m\src\vscp\drivers\level1\apox\win32\Release\mt.command.1.tlog
C:\Users\akhe\Documents\development\m2m\src\vscp\drivers\level1\apox\win32\Release\mt.read.1.tlog
C:\Users\akhe\Documents\development\m2m\src\vscp\drivers\level1\apox\win32\Release\mt.write.1.tlog
C:\USERS\AKHE\DOCUMENTS\DEVELOPMENT\M2M\SRC\VSCP\DRIVERS\LEVEL1\APOX\WIN32\RELEASE\VC100.PDB
