.\Debug\can232drv.bsc
.\Debug\can232drv.ilk
.\Debug\can232drv.pdb
C:\Users\akhe\Documents\development\m2m\src\vscp\Build\Debugcan232drv.dll
C:\Users\akhe\Documents\development\m2m\src\vscp\drivers\level1\can232\win32\can232drv\.\Debug\can232drv.dll
C:\Users\akhe\Documents\development\m2m\src\vscp\drivers\level1\can232\win32\can232drv\.\Debug\can232drv.dll.intermediate.manifest
C:\Users\akhe\Documents\development\m2m\src\vscp\drivers\level1\can232\win32\can232drv\Debug\BscMake.command.1.tlog
C:\Users\akhe\Documents\development\m2m\src\vscp\drivers\level1\can232\win32\can232drv\Debug\bscmake.read.1.tlog
C:\Users\akhe\Documents\development\m2m\src\vscp\drivers\level1\can232\win32\can232drv\Debug\bscmake.write.1.tlog
C:\USERS\AKHE\DOCUMENTS\DEVELOPMENT\M2M\SRC\VSCP\DRIVERS\LEVEL1\CAN232\WIN32\CAN232DRV\DEBUG\CAN232DRV.BSC
C:\USERS\AKHE\DOCUMENTS\DEVELOPMENT\M2M\SRC\VSCP\DRIVERS\LEVEL1\CAN232\WIN32\CAN232DRV\DEBUG\CAN232DRV.DLL
C:\USERS\AKHE\DOCUMENTS\DEVELOPMENT\M2M\SRC\VSCP\DRIVERS\LEVEL1\CAN232\WIN32\CAN232DRV\DEBUG\CAN232DRV.DLL.EMBED.MANIFEST
C:\USERS\AKHE\DOCUMENTS\DEVELOPMENT\M2M\SRC\VSCP\DRIVERS\LEVEL1\CAN232\WIN32\CAN232DRV\DEBUG\CAN232DRV.DLL.EMBED.MANIFEST.RES
C:\USERS\AKHE\DOCUMENTS\DEVELOPMENT\M2M\SRC\VSCP\DRIVERS\LEVEL1\CAN232\WIN32\CAN232DRV\DEBUG\CAN232DRV.DLL.INTERMEDIATE.MANIFEST
C:\Users\akhe\Documents\development\m2m\src\vscp\drivers\level1\can232\win32\can232drv\Debug\can232drv.exp
C:\USERS\AKHE\DOCUMENTS\DEVELOPMENT\M2M\SRC\VSCP\DRIVERS\LEVEL1\CAN232\WIN32\CAN232DRV\DEBUG\CAN232DRV.ILK
C:\Users\akhe\Documents\development\m2m\src\vscp\drivers\level1\can232\win32\can232drv\Debug\can232drv.lib
C:\USERS\AKHE\DOCUMENTS\DEVELOPMENT\M2M\SRC\VSCP\DRIVERS\LEVEL1\CAN232\WIN32\CAN232DRV\DEBUG\CAN232DRV.OBJ
C:\USERS\AKHE\DOCUMENTS\DEVELOPMENT\M2M\SRC\VSCP\DRIVERS\LEVEL1\CAN232\WIN32\CAN232DRV\DEBUG\CAN232DRV.PDB
C:\USERS\AKHE\DOCUMENTS\DEVELOPMENT\M2M\SRC\VSCP\DRIVERS\LEVEL1\CAN232\WIN32\CAN232DRV\DEBUG\CAN232DRV.SBR
C:\Users\akhe\Documents\development\m2m\src\vscp\drivers\level1\can232\win32\can232drv\Debug\can232drv.write.1.tlog
C:\Users\akhe\Documents\development\m2m\src\vscp\drivers\level1\can232\win32\can232drv\Debug\can232drv_manifest.rc
C:\USERS\AKHE\DOCUMENTS\DEVELOPMENT\M2M\SRC\VSCP\DRIVERS\LEVEL1\CAN232\WIN32\CAN232DRV\DEBUG\CAN232OBJ.OBJ
C:\USERS\AKHE\DOCUMENTS\DEVELOPMENT\M2M\SRC\VSCP\DRIVERS\LEVEL1\CAN232\WIN32\CAN232DRV\DEBUG\CAN232OBJ.SBR
C:\Users\akhe\Documents\development\m2m\src\vscp\drivers\level1\can232\win32\can232drv\Debug\cl.command.1.tlog
C:\Users\akhe\Documents\development\m2m\src\vscp\drivers\level1\can232\win32\can232drv\Debug\CL.read.1.tlog
C:\Users\akhe\Documents\development\m2m\src\vscp\drivers\level1\can232\win32\can232drv\Debug\CL.write.1.tlog
C:\USERS\AKHE\DOCUMENTS\DEVELOPMENT\M2M\SRC\VSCP\DRIVERS\LEVEL1\CAN232\WIN32\CAN232DRV\DEBUG\COM_WIN32.OBJ
C:\USERS\AKHE\DOCUMENTS\DEVELOPMENT\M2M\SRC\VSCP\DRIVERS\LEVEL1\CAN232\WIN32\CAN232DRV\DEBUG\COM_WIN32.SBR
C:\USERS\AKHE\DOCUMENTS\DEVELOPMENT\M2M\SRC\VSCP\DRIVERS\LEVEL1\CAN232\WIN32\CAN232DRV\DEBUG\DLLDRVOBJ.OBJ
C:\USERS\AKHE\DOCUMENTS\DEVELOPMENT\M2M\SRC\VSCP\DRIVERS\LEVEL1\CAN232\WIN32\CAN232DRV\DEBUG\DLLDRVOBJ.SBR
C:\USERS\AKHE\DOCUMENTS\DEVELOPMENT\M2M\SRC\VSCP\DRIVERS\LEVEL1\CAN232\WIN32\CAN232DRV\DEBUG\DLLIST.OBJ
C:\USERS\AKHE\DOCUMENTS\DEVELOPMENT\M2M\SRC\VSCP\DRIVERS\LEVEL1\CAN232\WIN32\CAN232DRV\DEBUG\DLLIST.SBR
C:\Users\akhe\Documents\development\m2m\src\vscp\drivers\level1\can232\win32\can232drv\Debug\link.8728.read.1.tlog
C:\Users\akhe\Documents\development\m2m\src\vscp\drivers\level1\can232\win32\can232drv\Debug\link.8728.write.1.tlog
C:\Users\akhe\Documents\development\m2m\src\vscp\drivers\level1\can232\win32\can232drv\Debug\link.8728-cvtres.read.1.tlog
C:\Users\akhe\Documents\development\m2m\src\vscp\drivers\level1\can232\win32\can232drv\Debug\link.8728-cvtres.write.1.tlog
C:\Users\akhe\Documents\development\m2m\src\vscp\drivers\level1\can232\win32\can232drv\Debug\link.command.1.tlog
C:\Users\akhe\Documents\development\m2m\src\vscp\drivers\level1\can232\win32\can232drv\Debug\link.read.1.tlog
C:\Users\akhe\Documents\development\m2m\src\vscp\drivers\level1\can232\win32\can232drv\Debug\link.write.1.tlog
C:\Users\akhe\Documents\development\m2m\src\vscp\drivers\level1\can232\win32\can232drv\Debug\link-cvtres.read.1.tlog
C:\Users\akhe\Documents\development\m2m\src\vscp\drivers\level1\can232\win32\can232drv\Debug\link-cvtres.write.1.tlog
C:\Users\akhe\Documents\development\m2m\src\vscp\drivers\level1\can232\win32\can232drv\Debug\mt.command.1.tlog
C:\Users\akhe\Documents\development\m2m\src\vscp\drivers\level1\can232\win32\can232drv\Debug\mt.read.1.tlog
C:\Users\akhe\Documents\development\m2m\src\vscp\drivers\level1\can232\win32\can232drv\Debug\mt.write.1.tlog
C:\Users\akhe\Documents\development\m2m\src\vscp\drivers\level1\can232\win32\can232drv\Debug\rc.command.1.tlog
C:\Users\akhe\Documents\development\m2m\src\vscp\drivers\level1\can232\win32\can232drv\Debug\rc.read.1.tlog
C:\Users\akhe\Documents\development\m2m\src\vscp\drivers\level1\can232\win32\can232drv\Debug\rc.write.1.tlog
C:\Users\akhe\Documents\development\m2m\src\vscp\drivers\level1\can232\win32\can232drv\Debug\vc100.idb
C:\USERS\AKHE\DOCUMENTS\DEVELOPMENT\M2M\SRC\VSCP\DRIVERS\LEVEL1\CAN232\WIN32\CAN232DRV\DEBUG\VC100.PDB
