Build started 2012-06-08 15:59:04.
     1>Project "C:\Users\akhe\Documents\development\m2m\src\vscp\drivers\level1\can232\win32\can232drv\can232drv.vcxproj" on node 3 (rebuild target(s)).
     1>_PrepareForClean:
         Deleting file ".\Debug\can232drv.lastbuildstate".
       InitializeBuildStatus:
         Creating ".\Debug\can232drv.unsuccessfulbuild" because "AlwaysCreate" was specified.
       ClCompile:
         c:\Program Files (x86)\Microsoft Visual Studio 10.0\VC\bin\CL.exe /c /I"C:\wxWidgets-2.8.12\include\msvc" /I"C:\wxWidgets-2.8.12\include\\" /ZI /nologo /W3 /WX- /Od /Oy- /D _CRT_SECURE_NO_WARNINGS /D WIN32 /D _VC80_UPGRADE=0x0600 /D _WINDLL /D _MBCS /Gm /EHsc /RTC1 /MDd /GS /Gy- /fp:precise /Zc:wchar_t /Zc:forScope /Fo".\Debug\\" /Fd".\Debug\vc100.pdb" /FR".\Debug\\" /Gd /TP /analyze- /errorReport:prompt ..\..\..\..\..\..\common\com_win32.cpp can232drv.cpp ..\..\common\can232obj.cpp ..\..\common\dlldrvobj.cpp
         dlldrvobj.cpp
         can232obj.cpp
         can232drv.cpp
         com_win32.cpp
         Generating Code...
         c:\Program Files (x86)\Microsoft Visual Studio 10.0\VC\bin\CL.exe /c /I"C:\wxWidgets-2.8.12\include\msvc" /I"C:\wxWidgets-2.8.12\include\\" /ZI /nologo /W3 /WX- /Od /Oy- /D _CRT_SECURE_NO_WARNINGS /D WIN32 /D _VC80_UPGRADE=0x0600 /D _WINDLL /D _MBCS /Gm /EHsc /RTC1 /MDd /GS /Gy- /fp:precise /Zc:wchar_t /Zc:forScope /Fo".\Debug\\" /Fd".\Debug\vc100.pdb" /FR".\Debug\\" /Gd /TC /analyze- /errorReport:prompt ..\..\..\..\..\..\common\dllist.c
         dllist.c
       ManifestResourceCompile:
         C:\Program Files (x86)\Microsoft SDKs\Windows\v7.0A\bin\rc.exe /nologo /fo".\Debug\can232drv.dll.embed.manifest.res" .\Debug\can232drv_manifest.rc 
       Link:
         c:\Program Files (x86)\Microsoft Visual Studio 10.0\VC\bin\link.exe /ERRORREPORT:PROMPT /OUT:".\Debug\can232drv.dll" /INCREMENTAL /NOLOGO /LIBPATH:"C:\wxWidgets-2.8.12\lib\vc_lib" odbc32.lib odbccp32.lib kernel32.lib user32.lib gdi32.lib winspool.lib comdlg32.lib advapi32.lib shell32.lib ole32.lib oleaut32.lib uuid.lib odbc32.lib odbccp32.lib /DEF:".\can232drv.def" /MANIFEST /ManifestFile:".\Debug\can232drv.dll.intermediate.manifest" /MANIFESTUAC:"level='asInvoker' uiAccess='false'" /DEBUG /PDB:"C:\Users\akhe\Documents\development\m2m\src\vscp\drivers\level1\can232\win32\can232drv\Debug\can232drv.pdb" /SUBSYSTEM:CONSOLE /TLBID:1 /DYNAMICBASE /NXCOMPAT /IMPLIB:".\Debug\can232drv.lib" /MACHINE:X86 /DLL .\Debug\can232drv.dll.embed.manifest.res
         .\Debug\com_win32.obj
         .\Debug\dllist.obj
         .\Debug\can232drv.obj
         .\Debug\can232obj.obj
         .\Debug\dlldrvobj.obj
            Creating library .\Debug\can232drv.lib and object .\Debug\can232drv.exp
       Manifest:
         Deleting file ".\Debug\can232drv.dll.embed.manifest".
         C:\Program Files (x86)\Microsoft SDKs\Windows\v7.0A\bin\mt.exe /nologo /verbose /out:".\Debug\can232drv.dll.embed.manifest" /manifest .\Debug\can232drv.dll.intermediate.manifest
         C:\Program Files (x86)\Microsoft SDKs\Windows\v7.0A\bin\rc.exe /nologo /fo".\Debug\can232drv.dll.embed.manifest.res" .\Debug\can232drv_manifest.rc 
       LinkEmbedManifest:
         c:\Program Files (x86)\Microsoft Visual Studio 10.0\VC\bin\link.exe /ERRORREPORT:PROMPT /OUT:".\Debug\can232drv.dll" /INCREMENTAL /NOLOGO /LIBPATH:"C:\wxWidgets-2.8.12\lib\vc_lib" odbc32.lib odbccp32.lib kernel32.lib user32.lib gdi32.lib winspool.lib comdlg32.lib advapi32.lib shell32.lib ole32.lib oleaut32.lib uuid.lib odbc32.lib odbccp32.lib /DEF:".\can232drv.def" /MANIFEST /ManifestFile:".\Debug\can232drv.dll.intermediate.manifest" /MANIFESTUAC:"level='asInvoker' uiAccess='false'" /DEBUG /PDB:"C:\Users\akhe\Documents\development\m2m\src\vscp\drivers\level1\can232\win32\can232drv\Debug\can232drv.pdb" /SUBSYSTEM:CONSOLE /TLBID:1 /DYNAMICBASE /NXCOMPAT /IMPLIB:".\Debug\can232drv.lib" /MACHINE:X86 /DLL .\Debug\can232drv.dll.embed.manifest.res
         .\Debug\com_win32.obj
         .\Debug\dllist.obj
         .\Debug\can232drv.obj
         .\Debug\can232obj.obj
         .\Debug\dlldrvobj.obj
            Creating library .\Debug\can232drv.lib and object .\Debug\can232drv.exp
         can232drv.vcxproj -> C:\Users\akhe\Documents\development\m2m\src\vscp\drivers\level1\can232\win32\can232drv\.\Debug\can232drv.dll
       BscMake:
         c:\Program Files (x86)\Microsoft Visual Studio 10.0\VC\bin\bscmake.exe /nologo /o".\Debug\can232drv.bsc" .\Debug\com_win32.sbr .\Debug\dllist.sbr .\Debug\can232drv.sbr .\Debug\can232obj.sbr .\Debug\dlldrvobj.sbr
       CustomBuildStep:
         Description: Performing Custom Build Step
         echo on
         mkdir "C:\Users\akhe\Documents\development\m2m\src\vscp\Build"
         mkdir "C:\Users\akhe\Documents\development\m2m\src\vscp\Build\Debug"
         if exist "C:\Users\akhe\Documents\development\m2m\src\vscp\Build\Debug" copy /Y "C:\Users\akhe\Documents\development\m2m\src\vscp\drivers\level1\can232\win32\can232drv\.\Debug\can232drv.dll"  "C:\Users\akhe\Documents\development\m2m\src\vscp\Build\Debug"
         if exist "C:\Users\akhe\Documents\development\m2m\src\vscp\Build\Debug" copy /Y ".\Debug\/can232drv.lib"  "C:\Users\akhe\Documents\development\m2m\src\vscp\Build\Debug"
         :VCEnd
         A subdirectory or file C:\Users\akhe\Documents\development\m2m\src\vscp\Build already exists.
         A subdirectory or file C:\Users\akhe\Documents\development\m2m\src\vscp\Build\Debug already exists.
                 1 file(s) copied.
                 1 file(s) copied.
       FinalizeBuildStatus:
         Deleting file ".\Debug\can232drv.unsuccessfulbuild".
         Touching ".\Debug\can232drv.lastbuildstate".
     1>Done Building Project "C:\Users\akhe\Documents\development\m2m\src\vscp\drivers\level1\can232\win32\can232drv\can232drv.vcxproj" (rebuild target(s)).

Build succeeded.

Time Elapsed 00:00:13.25
