C:\Users\akhe\Documents\development\m2m\src\vscp\Build\Releasevscpcmd.exe
C:\Users\akhe\Documents\development\m2m\src\vscp\vscpcmd\.\Release\vscpcmd.exe
C:\Users\akhe\Documents\development\m2m\src\vscp\vscpcmd\.\Release\vscpcmd.exe.intermediate.manifest
C:\USERS\AKHE\DOCUMENTS\DEVELOPMENT\M2M\SRC\VSCP\VSCPCMD\BASERELEASE\CRC.OBJ
C:\USERS\AKHE\DOCUMENTS\DEVELOPMENT\M2M\SRC\VSCP\VSCPCMD\BASERELEASE\GUID.OBJ
C:\USERS\AKHE\DOCUMENTS\DEVELOPMENT\M2M\SRC\VSCP\VSCPCMD\BASERELEASE\VC100.PDB
C:\USERS\AKHE\DOCUMENTS\DEVELOPMENT\M2M\SRC\VSCP\VSCPCMD\BASERELEASE\VSCPCMD.BSC
C:\USERS\AKHE\DOCUMENTS\DEVELOPMENT\M2M\SRC\VSCP\VSCPCMD\BASERELEASE\VSCPCMD.OBJ
C:\USERS\AKHE\DOCUMENTS\DEVELOPMENT\M2M\SRC\VSCP\VSCPCMD\BASERELEASE\VSCPHELPER.OBJ
C:\USERS\AKHE\DOCUMENTS\DEVELOPMENT\M2M\SRC\VSCP\VSCPCMD\BASERELEASE\VSCPTCPIF.OBJ
C:\Users\akhe\Documents\development\m2m\src\vscp\vscpcmd\Release\BscMake.command.1.tlog
C:\Users\akhe\Documents\development\m2m\src\vscp\vscpcmd\Release\bscmake.read.1.tlog
C:\Users\akhe\Documents\development\m2m\src\vscp\vscpcmd\Release\bscmake.write.1.tlog
C:\Users\akhe\Documents\development\m2m\src\vscp\vscpcmd\Release\cl.command.1.tlog
C:\Users\akhe\Documents\development\m2m\src\vscp\vscpcmd\Release\CL.read.1.tlog
C:\Users\akhe\Documents\development\m2m\src\vscp\vscpcmd\Release\CL.write.1.tlog
C:\USERS\AKHE\DOCUMENTS\DEVELOPMENT\M2M\SRC\VSCP\VSCPCMD\RELEASE\CRC.SBR
C:\USERS\AKHE\DOCUMENTS\DEVELOPMENT\M2M\SRC\VSCP\VSCPCMD\RELEASE\GUID.SBR
C:\Users\akhe\Documents\development\m2m\src\vscp\vscpcmd\Release\link.command.1.tlog
C:\Users\akhe\Documents\development\m2m\src\vscp\vscpcmd\Release\link.read.1.tlog
C:\Users\akhe\Documents\development\m2m\src\vscp\vscpcmd\Release\link.write.1.tlog
C:\Users\akhe\Documents\development\m2m\src\vscp\vscpcmd\Release\mt.command.1.tlog
C:\Users\akhe\Documents\development\m2m\src\vscp\vscpcmd\Release\mt.read.1.tlog
C:\Users\akhe\Documents\development\m2m\src\vscp\vscpcmd\Release\mt.write.1.tlog
C:\USERS\AKHE\DOCUMENTS\DEVELOPMENT\M2M\SRC\VSCP\VSCPCMD\RELEASE\VSCPCMD.EXE
C:\USERS\AKHE\DOCUMENTS\DEVELOPMENT\M2M\SRC\VSCP\VSCPCMD\RELEASE\VSCPCMD.EXE.INTERMEDIATE.MANIFEST
C:\USERS\AKHE\DOCUMENTS\DEVELOPMENT\M2M\SRC\VSCP\VSCPCMD\RELEASE\VSCPCMD.SBR
C:\Users\akhe\Documents\development\m2m\src\vscp\vscpcmd\Release\vscpcmd.write.1.tlog
C:\USERS\AKHE\DOCUMENTS\DEVELOPMENT\M2M\SRC\VSCP\VSCPCMD\RELEASE\VSCPHELPER.SBR
C:\USERS\AKHE\DOCUMENTS\DEVELOPMENT\M2M\SRC\VSCP\VSCPCMD\RELEASE\VSCPTCPIF.SBR
