.\Debug\can4vscpdrv.bsc
.\Debug\can4vscpdrv.pdb
C:\Users\akhe\Documents\development\m2m\src\vscp\Build\Debugcan4vscpdrv.dll
C:\Users\akhe\Documents\development\m2m\src\vscp\drivers\level1\can4vscp\win32\.\Debug\can4vscpdrv.dll
C:\Users\akhe\Documents\development\m2m\src\vscp\drivers\level1\can4vscp\win32\.\Debug\can4vscpdrv.dll.intermediate.manifest
C:\Users\akhe\Documents\development\m2m\src\vscp\drivers\level1\can4vscp\win32\Debug\BscMake.command.1.tlog
C:\Users\akhe\Documents\development\m2m\src\vscp\drivers\level1\can4vscp\win32\Debug\bscmake.read.1.tlog
C:\Users\akhe\Documents\development\m2m\src\vscp\drivers\level1\can4vscp\win32\Debug\bscmake.write.1.tlog
C:\USERS\AKHE\DOCUMENTS\DEVELOPMENT\M2M\SRC\VSCP\DRIVERS\LEVEL1\CAN4VSCP\WIN32\DEBUG\CAN4VSCPDRV.BSC
C:\USERS\AKHE\DOCUMENTS\DEVELOPMENT\M2M\SRC\VSCP\DRIVERS\LEVEL1\CAN4VSCP\WIN32\DEBUG\CAN4VSCPDRV.DLL
C:\USERS\AKHE\DOCUMENTS\DEVELOPMENT\M2M\SRC\VSCP\DRIVERS\LEVEL1\CAN4VSCP\WIN32\DEBUG\CAN4VSCPDRV.DLL.INTERMEDIATE.MANIFEST
C:\Users\akhe\Documents\development\m2m\src\vscp\drivers\level1\can4vscp\win32\Debug\can4vscpdrv.exp
C:\Users\akhe\Documents\development\m2m\src\vscp\drivers\level1\can4vscp\win32\Debug\can4vscpdrv.lib
C:\USERS\AKHE\DOCUMENTS\DEVELOPMENT\M2M\SRC\VSCP\DRIVERS\LEVEL1\CAN4VSCP\WIN32\DEBUG\CAN4VSCPDRV.OBJ
C:\USERS\AKHE\DOCUMENTS\DEVELOPMENT\M2M\SRC\VSCP\DRIVERS\LEVEL1\CAN4VSCP\WIN32\DEBUG\CAN4VSCPDRV.PDB
C:\USERS\AKHE\DOCUMENTS\DEVELOPMENT\M2M\SRC\VSCP\DRIVERS\LEVEL1\CAN4VSCP\WIN32\DEBUG\CAN4VSCPDRV.SBR
C:\Users\akhe\Documents\development\m2m\src\vscp\drivers\level1\can4vscp\win32\Debug\can4vscpdrv.write.1.tlog
C:\USERS\AKHE\DOCUMENTS\DEVELOPMENT\M2M\SRC\VSCP\DRIVERS\LEVEL1\CAN4VSCP\WIN32\DEBUG\CAN4VSCPOBJ.OBJ
C:\USERS\AKHE\DOCUMENTS\DEVELOPMENT\M2M\SRC\VSCP\DRIVERS\LEVEL1\CAN4VSCP\WIN32\DEBUG\CAN4VSCPOBJ.SBR
C:\Users\akhe\Documents\development\m2m\src\vscp\drivers\level1\can4vscp\win32\Debug\cl.command.1.tlog
C:\Users\akhe\Documents\development\m2m\src\vscp\drivers\level1\can4vscp\win32\Debug\CL.read.1.tlog
C:\Users\akhe\Documents\development\m2m\src\vscp\drivers\level1\can4vscp\win32\Debug\CL.write.1.tlog
C:\USERS\AKHE\DOCUMENTS\DEVELOPMENT\M2M\SRC\VSCP\DRIVERS\LEVEL1\CAN4VSCP\WIN32\DEBUG\COM_WIN32.OBJ
C:\USERS\AKHE\DOCUMENTS\DEVELOPMENT\M2M\SRC\VSCP\DRIVERS\LEVEL1\CAN4VSCP\WIN32\DEBUG\COM_WIN32.SBR
C:\USERS\AKHE\DOCUMENTS\DEVELOPMENT\M2M\SRC\VSCP\DRIVERS\LEVEL1\CAN4VSCP\WIN32\DEBUG\DLLDRVOBJ.OBJ
C:\USERS\AKHE\DOCUMENTS\DEVELOPMENT\M2M\SRC\VSCP\DRIVERS\LEVEL1\CAN4VSCP\WIN32\DEBUG\DLLDRVOBJ.SBR
C:\USERS\AKHE\DOCUMENTS\DEVELOPMENT\M2M\SRC\VSCP\DRIVERS\LEVEL1\CAN4VSCP\WIN32\DEBUG\DLLIST.OBJ
C:\USERS\AKHE\DOCUMENTS\DEVELOPMENT\M2M\SRC\VSCP\DRIVERS\LEVEL1\CAN4VSCP\WIN32\DEBUG\DLLIST.SBR
C:\Users\akhe\Documents\development\m2m\src\vscp\drivers\level1\can4vscp\win32\Debug\link.command.1.tlog
C:\Users\akhe\Documents\development\m2m\src\vscp\drivers\level1\can4vscp\win32\Debug\link.read.1.tlog
C:\Users\akhe\Documents\development\m2m\src\vscp\drivers\level1\can4vscp\win32\Debug\link.write.1.tlog
C:\Users\akhe\Documents\development\m2m\src\vscp\drivers\level1\can4vscp\win32\Debug\mt.command.1.tlog
C:\Users\akhe\Documents\development\m2m\src\vscp\drivers\level1\can4vscp\win32\Debug\mt.read.1.tlog
C:\Users\akhe\Documents\development\m2m\src\vscp\drivers\level1\can4vscp\win32\Debug\mt.write.1.tlog
C:\Users\akhe\Documents\development\m2m\src\vscp\drivers\level1\can4vscp\win32\Debug\vc100.idb
C:\USERS\AKHE\DOCUMENTS\DEVELOPMENT\M2M\SRC\VSCP\DRIVERS\LEVEL1\CAN4VSCP\WIN32\DEBUG\VC100.PDB
