C:\USERS\AKHE\DOCUMENTS\DEVELOPMENT\M2M\SRC\VSCP\DEBUG\BOOTDEVICE.OBJ
C:\USERS\AKHE\DOCUMENTS\DEVELOPMENT\M2M\SRC\VSCP\DEBUG\BOOTDEVICE_PIC1.OBJ
C:\USERS\AKHE\DOCUMENTS\DEVELOPMENT\M2M\SRC\VSCP\DEBUG\BOOTDEVICE_VSCP.OBJ
C:\USERS\AKHE\DOCUMENTS\DEVELOPMENT\M2M\SRC\VSCP\DEBUG\CANALSUPERWRAPPER.OBJ
C:\Users\akhe\Documents\development\m2m\src\vscp\Debug\cl.command.1.tlog
C:\Users\akhe\Documents\development\m2m\src\vscp\Debug\CL.read.1.tlog
C:\Users\akhe\Documents\development\m2m\src\vscp\Debug\CL.write.1.tlog
C:\USERS\AKHE\DOCUMENTS\DEVELOPMENT\M2M\SRC\VSCP\DEBUG\CRC.OBJ
C:\USERS\AKHE\DOCUMENTS\DEVELOPMENT\M2M\SRC\VSCP\DEBUG\DEVICEBOOTLOADERWIZARD.OBJ
C:\USERS\AKHE\DOCUMENTS\DEVELOPMENT\M2M\SRC\VSCP\DEBUG\DIALOGABSTRACTIONEDIT.OBJ
C:\USERS\AKHE\DOCUMENTS\DEVELOPMENT\M2M\SRC\VSCP\DEBUG\DIALOGEDITLEVELIDMROW.OBJ
C:\USERS\AKHE\DOCUMENTS\DEVELOPMENT\M2M\SRC\VSCP\DEBUG\DIALOGSETFILTERMASK.OBJ
C:\USERS\AKHE\DOCUMENTS\DEVELOPMENT\M2M\SRC\VSCP\DEBUG\DLGABOUT.OBJ
C:\USERS\AKHE\DOCUMENTS\DEVELOPMENT\M2M\SRC\VSCP\DEBUG\DLGCONFIGURATION.OBJ
C:\USERS\AKHE\DOCUMENTS\DEVELOPMENT\M2M\SRC\VSCP\DEBUG\DLGNEWVSCPSESSION.OBJ
C:\USERS\AKHE\DOCUMENTS\DEVELOPMENT\M2M\SRC\VSCP\DEBUG\DLGSELECTDAEMONINTERFACE.OBJ
C:\USERS\AKHE\DOCUMENTS\DEVELOPMENT\M2M\SRC\VSCP\DEBUG\DLGVSCPFILTER.OBJ
C:\USERS\AKHE\DOCUMENTS\DEVELOPMENT\M2M\SRC\VSCP\DEBUG\DLGVSCPINTERFACESETTINGS.OBJ
C:\USERS\AKHE\DOCUMENTS\DEVELOPMENT\M2M\SRC\VSCP\DEBUG\DLGVSCPMSG.OBJ
C:\USERS\AKHE\DOCUMENTS\DEVELOPMENT\M2M\SRC\VSCP\DEBUG\DLGVSCPTRMIT.OBJ
C:\USERS\AKHE\DOCUMENTS\DEVELOPMENT\M2M\SRC\VSCP\DEBUG\DLLWRAPPER.OBJ
C:\USERS\AKHE\DOCUMENTS\DEVELOPMENT\M2M\SRC\VSCP\DEBUG\FRMDEVICECONFIG.OBJ
C:\USERS\AKHE\DOCUMENTS\DEVELOPMENT\M2M\SRC\VSCP\DEBUG\FRMMAIN.OBJ
C:\USERS\AKHE\DOCUMENTS\DEVELOPMENT\M2M\SRC\VSCP\DEBUG\FRMMDFEDITOR.OBJ
C:\USERS\AKHE\DOCUMENTS\DEVELOPMENT\M2M\SRC\VSCP\DEBUG\FRMSCANFORDEVICES.OBJ
C:\USERS\AKHE\DOCUMENTS\DEVELOPMENT\M2M\SRC\VSCP\DEBUG\FRMVSCPSESSION.OBJ
C:\USERS\AKHE\DOCUMENTS\DEVELOPMENT\M2M\SRC\VSCP\DEBUG\GRIDTABLE.OBJ
C:\USERS\AKHE\DOCUMENTS\DEVELOPMENT\M2M\SRC\VSCP\DEBUG\GUID.OBJ
C:\Users\akhe\Documents\development\m2m\src\vscp\Debug\link.7596.read.1.tlog
C:\Users\akhe\Documents\development\m2m\src\vscp\Debug\link.7596.write.1.tlog
C:\Users\akhe\Documents\development\m2m\src\vscp\Debug\link.7596-cvtres.read.1.tlog
C:\Users\akhe\Documents\development\m2m\src\vscp\Debug\link.7596-cvtres.write.1.tlog
C:\Users\akhe\Documents\development\m2m\src\vscp\Debug\link.command.1.tlog
C:\Users\akhe\Documents\development\m2m\src\vscp\Debug\link.read.1.tlog
C:\Users\akhe\Documents\development\m2m\src\vscp\Debug\link.write.1.tlog
C:\USERS\AKHE\DOCUMENTS\DEVELOPMENT\M2M\SRC\VSCP\DEBUG\MDF.OBJ
C:\USERS\AKHE\DOCUMENTS\DEVELOPMENT\M2M\SRC\VSCP\DEBUG\MERLIN.OBJ
C:\Users\akhe\Documents\development\m2m\src\vscp\Debug\mt.command.1.tlog
C:\Users\akhe\Documents\development\m2m\src\vscp\Debug\mt.read.1.tlog
C:\Users\akhe\Documents\development\m2m\src\vscp\Debug\mt.write.1.tlog
C:\Users\akhe\Documents\development\m2m\src\vscp\Debug\rc.command.1.tlog
C:\Users\akhe\Documents\development\m2m\src\vscp\Debug\rc.read.1.tlog
C:\Users\akhe\Documents\development\m2m\src\vscp\Debug\rc.write.1.tlog
C:\USERS\AKHE\DOCUMENTS\DEVELOPMENT\M2M\SRC\VSCP\DEBUG\READGUID.OBJ
C:\USERS\AKHE\DOCUMENTS\DEVELOPMENT\M2M\SRC\VSCP\DEBUG\READMDFFILE.OBJ
C:\USERS\AKHE\DOCUMENTS\DEVELOPMENT\M2M\SRC\VSCP\DEBUG\READMSFURL.OBJ
C:\USERS\AKHE\DOCUMENTS\DEVELOPMENT\M2M\SRC\VSCP\DEBUG\READREGISTER.OBJ
C:\USERS\AKHE\DOCUMENTS\DEVELOPMENT\M2M\SRC\VSCP\DEBUG\THREADVSCPWORK.OBJ
C:\Users\akhe\Documents\development\m2m\src\vscp\Debug\vc100.idb
C:\USERS\AKHE\DOCUMENTS\DEVELOPMENT\M2M\SRC\VSCP\DEBUG\VC100.PDB
C:\USERS\AKHE\DOCUMENTS\DEVELOPMENT\M2M\SRC\VSCP\DEBUG\WRITEREGISTER.OBJ
C:\USERS\AKHE\DOCUMENTS\DEVELOPMENT\M2M\SRC\VSCP\DEBUG\VSCPHELPER.OBJ
C:\USERS\AKHE\DOCUMENTS\DEVELOPMENT\M2M\SRC\VSCP\DEBUG\VSCPTCPIF.OBJ
C:\USERS\AKHE\DOCUMENTS\DEVELOPMENT\M2M\SRC\VSCP\DEBUG\VSCPTXOBJ.OBJ
C:\USERS\AKHE\DOCUMENTS\DEVELOPMENT\M2M\SRC\VSCP\DEBUG\VSCPWORKS.EXE
C:\USERS\AKHE\DOCUMENTS\DEVELOPMENT\M2M\SRC\VSCP\DEBUG\VSCPWORKS.EXE.INTERMEDIATE.MANIFEST
C:\Users\akhe\Documents\development\m2m\src\vscp\Debug\vscpworks.exe.manifest
C:\USERS\AKHE\DOCUMENTS\DEVELOPMENT\M2M\SRC\VSCP\DEBUG\VSCPWORKS.ILK
C:\USERS\AKHE\DOCUMENTS\DEVELOPMENT\M2M\SRC\VSCP\DEBUG\VSCPWORKS.OBJ
C:\USERS\AKHE\DOCUMENTS\DEVELOPMENT\M2M\SRC\VSCP\DEBUG\VSCPWORKS.PDB
C:\USERS\AKHE\DOCUMENTS\DEVELOPMENT\M2M\SRC\VSCP\DEBUG\VSCPWORKS.RES
