C:\USERS\AKHE\DOCUMENTS\DEVELOPMENT\M2M\SRC\VSCP\VCPROJECTRELEASE\BOOTDEVICE.OBJ
C:\USERS\AKHE\DOCUMENTS\DEVELOPMENT\M2M\SRC\VSCP\VCPROJECTRELEASE\BOOTDEVICE_PIC1.OBJ
C:\USERS\AKHE\DOCUMENTS\DEVELOPMENT\M2M\SRC\VSCP\VCPROJECTRELEASE\BOOTDEVICE_VSCP.OBJ
C:\USERS\AKHE\DOCUMENTS\DEVELOPMENT\M2M\SRC\VSCP\VCPROJECTRELEASE\CANALSUPERWRAPPER.OBJ
C:\Users\akhe\Documents\development\m2m\src\vscp\VCProjectRelease\cl.command.1.tlog
C:\Users\akhe\Documents\development\m2m\src\vscp\VCProjectRelease\CL.read.1.tlog
C:\Users\akhe\Documents\development\m2m\src\vscp\VCProjectRelease\CL.write.1.tlog
C:\USERS\AKHE\DOCUMENTS\DEVELOPMENT\M2M\SRC\VSCP\VCPROJECTRELEASE\CRC.OBJ
C:\USERS\AKHE\DOCUMENTS\DEVELOPMENT\M2M\SRC\VSCP\VCPROJECTRELEASE\DEVICEBOOTLOADERWIZARD.OBJ
C:\USERS\AKHE\DOCUMENTS\DEVELOPMENT\M2M\SRC\VSCP\VCPROJECTRELEASE\DIALOGABSTRACTIONEDIT.OBJ
C:\USERS\AKHE\DOCUMENTS\DEVELOPMENT\M2M\SRC\VSCP\VCPROJECTRELEASE\DIALOGEDITLEVELIDMROW.OBJ
C:\USERS\AKHE\DOCUMENTS\DEVELOPMENT\M2M\SRC\VSCP\VCPROJECTRELEASE\DIALOGSETFILTERMASK.OBJ
C:\USERS\AKHE\DOCUMENTS\DEVELOPMENT\M2M\SRC\VSCP\VCPROJECTRELEASE\DLGABOUT.OBJ
C:\USERS\AKHE\DOCUMENTS\DEVELOPMENT\M2M\SRC\VSCP\VCPROJECTRELEASE\DLGCONFIGURATION.OBJ
C:\USERS\AKHE\DOCUMENTS\DEVELOPMENT\M2M\SRC\VSCP\VCPROJECTRELEASE\DLGNEWVSCPSESSION.OBJ
C:\USERS\AKHE\DOCUMENTS\DEVELOPMENT\M2M\SRC\VSCP\VCPROJECTRELEASE\DLGSELECTDAEMONINTERFACE.OBJ
C:\USERS\AKHE\DOCUMENTS\DEVELOPMENT\M2M\SRC\VSCP\VCPROJECTRELEASE\DLGVSCPFILTER.OBJ
C:\USERS\AKHE\DOCUMENTS\DEVELOPMENT\M2M\SRC\VSCP\VCPROJECTRELEASE\DLGVSCPINTERFACESETTINGS.OBJ
C:\USERS\AKHE\DOCUMENTS\DEVELOPMENT\M2M\SRC\VSCP\VCPROJECTRELEASE\DLGVSCPMSG.OBJ
C:\USERS\AKHE\DOCUMENTS\DEVELOPMENT\M2M\SRC\VSCP\VCPROJECTRELEASE\DLGVSCPTRMIT.OBJ
C:\USERS\AKHE\DOCUMENTS\DEVELOPMENT\M2M\SRC\VSCP\VCPROJECTRELEASE\DLLWRAPPER.OBJ
C:\USERS\AKHE\DOCUMENTS\DEVELOPMENT\M2M\SRC\VSCP\VCPROJECTRELEASE\FRMDEVICECONFIG.OBJ
C:\USERS\AKHE\DOCUMENTS\DEVELOPMENT\M2M\SRC\VSCP\VCPROJECTRELEASE\FRMMAIN.OBJ
C:\USERS\AKHE\DOCUMENTS\DEVELOPMENT\M2M\SRC\VSCP\VCPROJECTRELEASE\FRMMDFEDITOR.OBJ
C:\USERS\AKHE\DOCUMENTS\DEVELOPMENT\M2M\SRC\VSCP\VCPROJECTRELEASE\FRMSCANFORDEVICES.OBJ
C:\USERS\AKHE\DOCUMENTS\DEVELOPMENT\M2M\SRC\VSCP\VCPROJECTRELEASE\FRMVSCPSESSION.OBJ
C:\USERS\AKHE\DOCUMENTS\DEVELOPMENT\M2M\SRC\VSCP\VCPROJECTRELEASE\GRIDTABLE.OBJ
C:\USERS\AKHE\DOCUMENTS\DEVELOPMENT\M2M\SRC\VSCP\VCPROJECTRELEASE\GUID.OBJ
C:\Users\akhe\Documents\development\m2m\src\vscp\VCProjectRelease\link.command.1.tlog
C:\Users\akhe\Documents\development\m2m\src\vscp\VCProjectRelease\link.read.1.tlog
C:\Users\akhe\Documents\development\m2m\src\vscp\VCProjectRelease\link.write.1.tlog
C:\Users\akhe\Documents\development\m2m\src\vscp\VCProjectRelease\link-cvtres.read.1.tlog
C:\Users\akhe\Documents\development\m2m\src\vscp\VCProjectRelease\link-cvtres.write.1.tlog
C:\USERS\AKHE\DOCUMENTS\DEVELOPMENT\M2M\SRC\VSCP\VCPROJECTRELEASE\MDF.OBJ
C:\USERS\AKHE\DOCUMENTS\DEVELOPMENT\M2M\SRC\VSCP\VCPROJECTRELEASE\MERLIN.OBJ
C:\Users\akhe\Documents\development\m2m\src\vscp\VCProjectRelease\mt.command.1.tlog
C:\Users\akhe\Documents\development\m2m\src\vscp\VCProjectRelease\mt.read.1.tlog
C:\Users\akhe\Documents\development\m2m\src\vscp\VCProjectRelease\mt.write.1.tlog
C:\Users\akhe\Documents\development\m2m\src\vscp\VCProjectRelease\rc.command.1.tlog
C:\Users\akhe\Documents\development\m2m\src\vscp\VCProjectRelease\rc.read.1.tlog
C:\Users\akhe\Documents\development\m2m\src\vscp\VCProjectRelease\rc.write.1.tlog
C:\USERS\AKHE\DOCUMENTS\DEVELOPMENT\M2M\SRC\VSCP\VCPROJECTRELEASE\READGUID.OBJ
C:\USERS\AKHE\DOCUMENTS\DEVELOPMENT\M2M\SRC\VSCP\VCPROJECTRELEASE\READMDFFILE.OBJ
C:\USERS\AKHE\DOCUMENTS\DEVELOPMENT\M2M\SRC\VSCP\VCPROJECTRELEASE\READMSFURL.OBJ
C:\USERS\AKHE\DOCUMENTS\DEVELOPMENT\M2M\SRC\VSCP\VCPROJECTRELEASE\READREGISTER.OBJ
C:\USERS\AKHE\DOCUMENTS\DEVELOPMENT\M2M\SRC\VSCP\VCPROJECTRELEASE\THREADVSCPWORK.OBJ
C:\USERS\AKHE\DOCUMENTS\DEVELOPMENT\M2M\SRC\VSCP\VCPROJECTRELEASE\VC100.PDB
C:\USERS\AKHE\DOCUMENTS\DEVELOPMENT\M2M\SRC\VSCP\VCPROJECTRELEASE\WRITEREGISTER.OBJ
C:\USERS\AKHE\DOCUMENTS\DEVELOPMENT\M2M\SRC\VSCP\VCPROJECTRELEASE\VSCPHELPER.OBJ
C:\USERS\AKHE\DOCUMENTS\DEVELOPMENT\M2M\SRC\VSCP\VCPROJECTRELEASE\VSCPTCPIF.OBJ
C:\USERS\AKHE\DOCUMENTS\DEVELOPMENT\M2M\SRC\VSCP\VCPROJECTRELEASE\VSCPTXOBJ.OBJ
C:\USERS\AKHE\DOCUMENTS\DEVELOPMENT\M2M\SRC\VSCP\VCPROJECTRELEASE\VSCPWORKS.EXE
C:\USERS\AKHE\DOCUMENTS\DEVELOPMENT\M2M\SRC\VSCP\VCPROJECTRELEASE\VSCPWORKS.EXE.INTERMEDIATE.MANIFEST
C:\USERS\AKHE\DOCUMENTS\DEVELOPMENT\M2M\SRC\VSCP\VCPROJECTRELEASE\VSCPWORKS.EXE.MANIFEST
C:\USERS\AKHE\DOCUMENTS\DEVELOPMENT\M2M\SRC\VSCP\VCPROJECTRELEASE\VSCPWORKS.OBJ
C:\USERS\AKHE\DOCUMENTS\DEVELOPMENT\M2M\SRC\VSCP\VCPROJECTRELEASE\VSCPWORKS.PDB
C:\USERS\AKHE\DOCUMENTS\DEVELOPMENT\M2M\SRC\VSCP\VCPROJECTRELEASE\VSCPWORKS.RES
