Build started 2012-06-08 15:57:55.
     1>Project "C:\Users\akhe\Documents\development\m2m\src\vscp\drivers\level1\usb2can\canldriver\win32\usb2can.vcxproj" on node 2 (rebuild target(s)).
     1>_PrepareForClean:
         Deleting file ".\Debug\usb2can.lastbuildstate".
       InitializeBuildStatus:
         Creating ".\Debug\usb2can.unsuccessfulbuild" because "AlwaysCreate" was specified.
       ClCompile:
         c:\Program Files (x86)\Microsoft Visual Studio 10.0\VC\bin\CL.exe /c /nologo /W3 /WX- /O2 /Oy- /D WIN32 /D _DEBUG /D _WINDOWS /D _USRDLL /D USB2CAN_EXPORTS /D _CRT_SECURE_NO_WARNINGS /D _CRT_SECURE_NO_DEPRECATE /D _VC80_UPGRADE=0x0600 /D _WINDLL /D _MBCS /Gm /MT /GS /fp:precise /Zc:wchar_t /Zc:forScope /Fo".\Debug/" /Fd".\Debug/" /FR".\Debug\\" /Gd /TC /analyze- /errorReport:prompt ..\..\..\..\..\..\common\dllist.c
     1>cl : Command line warning D9007: '/Gm' requires '/Zi or /ZI'; option ignored
         dllist.c
         c:\Program Files (x86)\Microsoft Visual Studio 10.0\VC\bin\CL.exe /c /nologo /W3 /WX- /O2 /Oy- /D WIN32 /D _DEBUG /D _WINDOWS /D _USRDLL /D USB2CAN_EXPORTS /D _CRT_SECURE_NO_WARNINGS /D _CRT_SECURE_NO_DEPRECATE /D _VC80_UPGRADE=0x0600 /D _WINDLL /D _MBCS /Gm /MT /GS /fp:precise /Zc:wchar_t /Zc:forScope /Fo".\Debug/" /Fd".\Debug/" /FR".\Debug\\" /Gd /TP /analyze- /errorReport:prompt ..\common\dlldrvobj.cpp ..\common\enum.cpp usb2candrv.cpp ..\common\usb2canobj.cpp
     1>cl : Command line warning D9007: '/Gm' requires '/Zi or /ZI'; option ignored
         dlldrvobj.cpp
         enum.cpp
         usb2candrv.cpp
     1>usb2candrv.cpp(369): warning C4995: 'strcpy': name was marked as #pragma deprecated
     1>usb2candrv.cpp(370): warning C4995: 'strcat': name was marked as #pragma deprecated
     1>usb2candrv.cpp(373): warning C4995: 'strcat': name was marked as #pragma deprecated
     1>usb2candrv.cpp(374): warning C4995: 'strcat': name was marked as #pragma deprecated
     1>usb2candrv.cpp(377): warning C4995: 'strcat': name was marked as #pragma deprecated
     1>usb2candrv.cpp(378): warning C4995: 'strcat': name was marked as #pragma deprecated
     1>usb2candrv.cpp(379): warning C4995: 'strcat': name was marked as #pragma deprecated
         usb2canobj.cpp
     1>..\common\usb2canobj.cpp(224): warning C4996: 'strupr': The POSIX name for this item is deprecated. Instead, use the ISO C++ conformant name: _strupr. See online help for details.
                 c:\Program Files (x86)\Microsoft Visual Studio 10.0\VC\include\string.h(252) : see declaration of 'strupr'
         Generating Code...
       Link:
         c:\Program Files (x86)\Microsoft Visual Studio 10.0\VC\bin\link.exe /ERRORREPORT:PROMPT /OUT:".\Debug\usb2can.dll" /INCREMENTAL:NO /NOLOGO odbc32.lib odbccp32.lib Setupapi.lib kernel32.lib user32.lib gdi32.lib winspool.lib comdlg32.lib advapi32.lib shell32.lib ole32.lib oleaut32.lib uuid.lib odbc32.lib odbccp32.lib /DEF:".\usb2can.def" /MANIFEST /ManifestFile:".\Debug\usb2can.dll.intermediate.manifest" /MANIFESTUAC:"level='asInvoker' uiAccess='false'" /PDB:".\Debug/usb2can.pdb" /TLBID:1 /DYNAMICBASE:NO /IMPLIB:".\Debug/usb2can.lib" /MACHINE:X86 /DLL .\Debug/dllist.obj
         .\Debug/dlldrvobj.obj
         .\Debug/enum.obj
         .\Debug/usb2candrv.obj
         .\Debug/usb2canobj.obj
            Creating library .\Debug/usb2can.lib and object .\Debug/usb2can.exp
         usb2can.vcxproj -> C:\Users\akhe\Documents\development\m2m\src\vscp\drivers\level1\usb2can\canldriver\win32\.\Debug\usb2can.dll
       Manifest:
         C:\Program Files (x86)\Microsoft SDKs\Windows\v7.0A\bin\mt.exe /nologo /verbose /outputresource:".\Debug\usb2can.dll;#2" /manifest .\Debug\usb2can.dll.intermediate.manifest
       BscMake:
         c:\Program Files (x86)\Microsoft Visual Studio 10.0\VC\bin\bscmake.exe /nologo /o".\Debug/usb2can.bsc" .\Debug\dllist.sbr .\Debug\dlldrvobj.sbr .\Debug\enum.sbr .\Debug\usb2candrv.sbr .\Debug\usb2canobj.sbr
       CustomBuildStep:
         Description: Performing Custom Build Step
         echo on
         mkdir "C:\Users\akhe\Documents\development\m2m\src\vscp\Build"
         mkdir "C:\Users\akhe\Documents\development\m2m\src\vscp\Build\Debug"
         if exist "C:\Users\akhe\Documents\development\m2m\src\vscp\Build\Debug" copy /Y "C:\Users\akhe\Documents\development\m2m\src\vscp\drivers\level1\usb2can\canldriver\win32\.\Debug\usb2can.dll"  "C:\Users\akhe\Documents\development\m2m\src\vscp\Build\Debug"
         if exist "C:\Users\akhe\Documents\development\m2m\src\vscp\Build\Debug" copy /Y ".\Debug\/usb2can.lib"  "C:\Users\akhe\Documents\development\m2m\src\vscp\Build\Debug"
         :VCEnd
         A subdirectory or file C:\Users\akhe\Documents\development\m2m\src\vscp\Build already exists.
         A subdirectory or file C:\Users\akhe\Documents\development\m2m\src\vscp\Build\Debug already exists.
                 1 file(s) copied.
                 1 file(s) copied.
       FinalizeBuildStatus:
         Deleting file ".\Debug\usb2can.unsuccessfulbuild".
         Touching ".\Debug\usb2can.lastbuildstate".
     1>Done Building Project "C:\Users\akhe\Documents\development\m2m\src\vscp\drivers\level1\usb2can\canldriver\win32\usb2can.vcxproj" (rebuild target(s)).

Build succeeded.

Time Elapsed 00:00:18.62
