.\Debug\usb2can.bsc
C:\Users\akhe\Documents\development\m2m\src\vscp\Build\Debugusb2can.dll
C:\Users\akhe\Documents\development\m2m\src\vscp\drivers\level1\usb2can\canldriver\win32\.\Debug\usb2can.dll
C:\Users\akhe\Documents\development\m2m\src\vscp\drivers\level1\usb2can\canldriver\win32\.\Debug\usb2can.dll.intermediate.manifest
C:\Users\akhe\Documents\development\m2m\src\vscp\drivers\level1\usb2can\canldriver\win32\Debug\BscMake.command.1.tlog
C:\Users\akhe\Documents\development\m2m\src\vscp\drivers\level1\usb2can\canldriver\win32\Debug\bscmake.read.1.tlog
C:\Users\akhe\Documents\development\m2m\src\vscp\drivers\level1\usb2can\canldriver\win32\Debug\bscmake.write.1.tlog
C:\Users\akhe\Documents\development\m2m\src\vscp\drivers\level1\usb2can\canldriver\win32\Debug\cl.command.1.tlog
C:\Users\akhe\Documents\development\m2m\src\vscp\drivers\level1\usb2can\canldriver\win32\Debug\CL.read.1.tlog
C:\Users\akhe\Documents\development\m2m\src\vscp\drivers\level1\usb2can\canldriver\win32\Debug\CL.write.1.tlog
C:\USERS\AKHE\DOCUMENTS\DEVELOPMENT\M2M\SRC\VSCP\DRIVERS\LEVEL1\USB2CAN\CANLDRIVER\WIN32\DEBUG\DLLDRVOBJ.OBJ
C:\USERS\AKHE\DOCUMENTS\DEVELOPMENT\M2M\SRC\VSCP\DRIVERS\LEVEL1\USB2CAN\CANLDRIVER\WIN32\DEBUG\DLLDRVOBJ.SBR
C:\USERS\AKHE\DOCUMENTS\DEVELOPMENT\M2M\SRC\VSCP\DRIVERS\LEVEL1\USB2CAN\CANLDRIVER\WIN32\DEBUG\DLLIST.OBJ
C:\USERS\AKHE\DOCUMENTS\DEVELOPMENT\M2M\SRC\VSCP\DRIVERS\LEVEL1\USB2CAN\CANLDRIVER\WIN32\DEBUG\DLLIST.SBR
C:\USERS\AKHE\DOCUMENTS\DEVELOPMENT\M2M\SRC\VSCP\DRIVERS\LEVEL1\USB2CAN\CANLDRIVER\WIN32\DEBUG\ENUM.OBJ
C:\USERS\AKHE\DOCUMENTS\DEVELOPMENT\M2M\SRC\VSCP\DRIVERS\LEVEL1\USB2CAN\CANLDRIVER\WIN32\DEBUG\ENUM.SBR
C:\Users\akhe\Documents\development\m2m\src\vscp\drivers\level1\usb2can\canldriver\win32\Debug\link.command.1.tlog
C:\Users\akhe\Documents\development\m2m\src\vscp\drivers\level1\usb2can\canldriver\win32\Debug\link.read.1.tlog
C:\Users\akhe\Documents\development\m2m\src\vscp\drivers\level1\usb2can\canldriver\win32\Debug\link.write.1.tlog
C:\Users\akhe\Documents\development\m2m\src\vscp\drivers\level1\usb2can\canldriver\win32\Debug\mt.command.1.tlog
C:\Users\akhe\Documents\development\m2m\src\vscp\drivers\level1\usb2can\canldriver\win32\Debug\mt.read.1.tlog
C:\Users\akhe\Documents\development\m2m\src\vscp\drivers\level1\usb2can\canldriver\win32\Debug\mt.write.1.tlog
C:\USERS\AKHE\DOCUMENTS\DEVELOPMENT\M2M\SRC\VSCP\DRIVERS\LEVEL1\USB2CAN\CANLDRIVER\WIN32\DEBUG\USB2CAN.BSC
C:\USERS\AKHE\DOCUMENTS\DEVELOPMENT\M2M\SRC\VSCP\DRIVERS\LEVEL1\USB2CAN\CANLDRIVER\WIN32\DEBUG\USB2CAN.DLL
C:\USERS\AKHE\DOCUMENTS\DEVELOPMENT\M2M\SRC\VSCP\DRIVERS\LEVEL1\USB2CAN\CANLDRIVER\WIN32\DEBUG\USB2CAN.DLL.INTERMEDIATE.MANIFEST
C:\Users\akhe\Documents\development\m2m\src\vscp\drivers\level1\usb2can\canldriver\win32\Debug\usb2can.exp
C:\Users\akhe\Documents\development\m2m\src\vscp\drivers\level1\usb2can\canldriver\win32\Debug\usb2can.lib
C:\Users\akhe\Documents\development\m2m\src\vscp\drivers\level1\usb2can\canldriver\win32\Debug\usb2can.write.1.tlog
C:\USERS\AKHE\DOCUMENTS\DEVELOPMENT\M2M\SRC\VSCP\DRIVERS\LEVEL1\USB2CAN\CANLDRIVER\WIN32\DEBUG\USB2CANDRV.OBJ
C:\USERS\AKHE\DOCUMENTS\DEVELOPMENT\M2M\SRC\VSCP\DRIVERS\LEVEL1\USB2CAN\CANLDRIVER\WIN32\DEBUG\USB2CANDRV.SBR
C:\USERS\AKHE\DOCUMENTS\DEVELOPMENT\M2M\SRC\VSCP\DRIVERS\LEVEL1\USB2CAN\CANLDRIVER\WIN32\DEBUG\USB2CANOBJ.OBJ
C:\USERS\AKHE\DOCUMENTS\DEVELOPMENT\M2M\SRC\VSCP\DRIVERS\LEVEL1\USB2CAN\CANLDRIVER\WIN32\DEBUG\USB2CANOBJ.SBR
