.\Debug\vscpd.bsc
.\Debug\vscpd.pdb
C:\Users\akhe\Documents\development\vscp_software\src\vscp\Build\Debugvscpd.exe
C:\Users\akhe\Documents\development\vscp_software\src\vscp\daemon\win32\.\Debug\vscpd.exe
C:\Users\akhe\Documents\development\vscp_software\src\vscp\daemon\win32\.\Debug\vscpd.exe.intermediate.manifest
C:\Users\akhe\Documents\development\vscp_software\src\vscp\daemon\win32\Debug\BscMake.command.1.tlog
C:\Users\akhe\Documents\development\vscp_software\src\vscp\daemon\win32\Debug\bscmake.read.1.tlog
C:\Users\akhe\Documents\development\vscp_software\src\vscp\daemon\win32\Debug\bscmake.write.1.tlog
C:\Users\akhe\Documents\development\vscp_software\src\vscp\daemon\win32\Debug\cl.command.1.tlog
C:\Users\akhe\Documents\development\vscp_software\src\vscp\daemon\win32\Debug\CL.read.1.tlog
C:\Users\akhe\Documents\development\vscp_software\src\vscp\daemon\win32\Debug\CL.write.1.tlog
C:\USERS\AKHE\DOCUMENTS\DEVELOPMENT\VSCP_SOFTWARE\SRC\VSCP\DAEMON\WIN32\DEBUG\CLIENTLIST.OBJ
C:\USERS\AKHE\DOCUMENTS\DEVELOPMENT\VSCP_SOFTWARE\SRC\VSCP\DAEMON\WIN32\DEBUG\CLIENTLIST.SBR
C:\USERS\AKHE\DOCUMENTS\DEVELOPMENT\VSCP_SOFTWARE\SRC\VSCP\DAEMON\WIN32\DEBUG\CONTROLOBJECT.OBJ
C:\USERS\AKHE\DOCUMENTS\DEVELOPMENT\VSCP_SOFTWARE\SRC\VSCP\DAEMON\WIN32\DEBUG\CONTROLOBJECT.SBR
C:\USERS\AKHE\DOCUMENTS\DEVELOPMENT\VSCP_SOFTWARE\SRC\VSCP\DAEMON\WIN32\DEBUG\CRC.OBJ
C:\USERS\AKHE\DOCUMENTS\DEVELOPMENT\VSCP_SOFTWARE\SRC\VSCP\DAEMON\WIN32\DEBUG\CRC.SBR
C:\USERS\AKHE\DOCUMENTS\DEVELOPMENT\VSCP_SOFTWARE\SRC\VSCP\DAEMON\WIN32\DEBUG\DAEMONVSCP.OBJ
C:\USERS\AKHE\DOCUMENTS\DEVELOPMENT\VSCP_SOFTWARE\SRC\VSCP\DAEMON\WIN32\DEBUG\DAEMONVSCP.SBR
C:\USERS\AKHE\DOCUMENTS\DEVELOPMENT\VSCP_SOFTWARE\SRC\VSCP\DAEMON\WIN32\DEBUG\DEVICELIST.OBJ
C:\USERS\AKHE\DOCUMENTS\DEVELOPMENT\VSCP_SOFTWARE\SRC\VSCP\DAEMON\WIN32\DEBUG\DEVICELIST.SBR
C:\USERS\AKHE\DOCUMENTS\DEVELOPMENT\VSCP_SOFTWARE\SRC\VSCP\DAEMON\WIN32\DEBUG\DEVICETHREAD.OBJ
C:\USERS\AKHE\DOCUMENTS\DEVELOPMENT\VSCP_SOFTWARE\SRC\VSCP\DAEMON\WIN32\DEBUG\DEVICETHREAD.SBR
C:\USERS\AKHE\DOCUMENTS\DEVELOPMENT\VSCP_SOFTWARE\SRC\VSCP\DAEMON\WIN32\DEBUG\DLLIST.OBJ
C:\USERS\AKHE\DOCUMENTS\DEVELOPMENT\VSCP_SOFTWARE\SRC\VSCP\DAEMON\WIN32\DEBUG\DLLIST.SBR
C:\USERS\AKHE\DOCUMENTS\DEVELOPMENT\VSCP_SOFTWARE\SRC\VSCP\DAEMON\WIN32\DEBUG\DM.OBJ
C:\USERS\AKHE\DOCUMENTS\DEVELOPMENT\VSCP_SOFTWARE\SRC\VSCP\DAEMON\WIN32\DEBUG\DM.SBR
C:\USERS\AKHE\DOCUMENTS\DEVELOPMENT\VSCP_SOFTWARE\SRC\VSCP\DAEMON\WIN32\DEBUG\GETTIMEOFDAY.OBJ
C:\USERS\AKHE\DOCUMENTS\DEVELOPMENT\VSCP_SOFTWARE\SRC\VSCP\DAEMON\WIN32\DEBUG\GETTIMEOFDAY.SBR
C:\USERS\AKHE\DOCUMENTS\DEVELOPMENT\VSCP_SOFTWARE\SRC\VSCP\DAEMON\WIN32\DEBUG\GUID.OBJ
C:\USERS\AKHE\DOCUMENTS\DEVELOPMENT\VSCP_SOFTWARE\SRC\VSCP\DAEMON\WIN32\DEBUG\GUID.SBR
C:\USERS\AKHE\DOCUMENTS\DEVELOPMENT\VSCP_SOFTWARE\SRC\VSCP\DAEMON\WIN32\DEBUG\INTERFACELIST.OBJ
C:\USERS\AKHE\DOCUMENTS\DEVELOPMENT\VSCP_SOFTWARE\SRC\VSCP\DAEMON\WIN32\DEBUG\INTERFACELIST.SBR
C:\Users\akhe\Documents\development\vscp_software\src\vscp\daemon\win32\Debug\link.command.1.tlog
C:\Users\akhe\Documents\development\vscp_software\src\vscp\daemon\win32\Debug\link.read.1.tlog
C:\Users\akhe\Documents\development\vscp_software\src\vscp\daemon\win32\Debug\link.write.1.tlog
C:\USERS\AKHE\DOCUMENTS\DEVELOPMENT\VSCP_SOFTWARE\SRC\VSCP\DAEMON\WIN32\DEBUG\MD5.OBJ
C:\USERS\AKHE\DOCUMENTS\DEVELOPMENT\VSCP_SOFTWARE\SRC\VSCP\DAEMON\WIN32\DEBUG\MD5.SBR
C:\Users\akhe\Documents\development\vscp_software\src\vscp\daemon\win32\Debug\mt.command.1.tlog
C:\Users\akhe\Documents\development\vscp_software\src\vscp\daemon\win32\Debug\mt.read.1.tlog
C:\Users\akhe\Documents\development\vscp_software\src\vscp\daemon\win32\Debug\mt.write.1.tlog
C:\USERS\AKHE\DOCUMENTS\DEVELOPMENT\VSCP_SOFTWARE\SRC\VSCP\DAEMON\WIN32\DEBUG\RANDPASSWORD.OBJ
C:\USERS\AKHE\DOCUMENTS\DEVELOPMENT\VSCP_SOFTWARE\SRC\VSCP\DAEMON\WIN32\DEBUG\RANDPASSWORD.SBR
C:\USERS\AKHE\DOCUMENTS\DEVELOPMENT\VSCP_SOFTWARE\SRC\VSCP\DAEMON\WIN32\DEBUG\SHA-1.OBJ
C:\USERS\AKHE\DOCUMENTS\DEVELOPMENT\VSCP_SOFTWARE\SRC\VSCP\DAEMON\WIN32\DEBUG\SHA-1.SBR
C:\USERS\AKHE\DOCUMENTS\DEVELOPMENT\VSCP_SOFTWARE\SRC\VSCP\DAEMON\WIN32\DEBUG\TCPIPCLIENTTHREAD.OBJ
C:\USERS\AKHE\DOCUMENTS\DEVELOPMENT\VSCP_SOFTWARE\SRC\VSCP\DAEMON\WIN32\DEBUG\TCPIPCLIENTTHREAD.SBR
C:\USERS\AKHE\DOCUMENTS\DEVELOPMENT\VSCP_SOFTWARE\SRC\VSCP\DAEMON\WIN32\DEBUG\UDPTHREAD.OBJ
C:\USERS\AKHE\DOCUMENTS\DEVELOPMENT\VSCP_SOFTWARE\SRC\VSCP\DAEMON\WIN32\DEBUG\UDPTHREAD.SBR
C:\USERS\AKHE\DOCUMENTS\DEVELOPMENT\VSCP_SOFTWARE\SRC\VSCP\DAEMON\WIN32\DEBUG\USERLIST.OBJ
C:\USERS\AKHE\DOCUMENTS\DEVELOPMENT\VSCP_SOFTWARE\SRC\VSCP\DAEMON\WIN32\DEBUG\USERLIST.SBR
C:\USERS\AKHE\DOCUMENTS\DEVELOPMENT\VSCP_SOFTWARE\SRC\VSCP\DAEMON\WIN32\DEBUG\VC100.PDB
C:\USERS\AKHE\DOCUMENTS\DEVELOPMENT\VSCP_SOFTWARE\SRC\VSCP\DAEMON\WIN32\DEBUG\VSCPD.BSC
C:\USERS\AKHE\DOCUMENTS\DEVELOPMENT\VSCP_SOFTWARE\SRC\VSCP\DAEMON\WIN32\DEBUG\VSCPD.EXE
C:\USERS\AKHE\DOCUMENTS\DEVELOPMENT\VSCP_SOFTWARE\SRC\VSCP\DAEMON\WIN32\DEBUG\VSCPD.EXE.INTERMEDIATE.MANIFEST
C:\USERS\AKHE\DOCUMENTS\DEVELOPMENT\VSCP_SOFTWARE\SRC\VSCP\DAEMON\WIN32\DEBUG\VSCPD.OBJ
C:\USERS\AKHE\DOCUMENTS\DEVELOPMENT\VSCP_SOFTWARE\SRC\VSCP\DAEMON\WIN32\DEBUG\VSCPD.PDB
C:\USERS\AKHE\DOCUMENTS\DEVELOPMENT\VSCP_SOFTWARE\SRC\VSCP\DAEMON\WIN32\DEBUG\VSCPD.SBR
C:\Users\akhe\Documents\development\vscp_software\src\vscp\daemon\win32\Debug\vscpd.write.1.tlog
C:\USERS\AKHE\DOCUMENTS\DEVELOPMENT\VSCP_SOFTWARE\SRC\VSCP\DAEMON\WIN32\DEBUG\VSCPHELPER.OBJ
C:\USERS\AKHE\DOCUMENTS\DEVELOPMENT\VSCP_SOFTWARE\SRC\VSCP\DAEMON\WIN32\DEBUG\VSCPHELPER.SBR
C:\USERS\AKHE\DOCUMENTS\DEVELOPMENT\VSCP_SOFTWARE\SRC\VSCP\DAEMON\WIN32\DEBUG\VSCPTCPIF.OBJ
C:\USERS\AKHE\DOCUMENTS\DEVELOPMENT\VSCP_SOFTWARE\SRC\VSCP\DAEMON\WIN32\DEBUG\VSCPTCPIF.SBR
C:\USERS\AKHE\DOCUMENTS\DEVELOPMENT\VSCP_SOFTWARE\SRC\VSCP\DAEMON\WIN32\DEBUG\VSCPVARIABLE.OBJ
C:\USERS\AKHE\DOCUMENTS\DEVELOPMENT\VSCP_SOFTWARE\SRC\VSCP\DAEMON\WIN32\DEBUG\VSCPVARIABLE.SBR
