.\Debug\lircdrv.bsc
.\Debug\lircdrv.pdb
C:\Users\akhe\Documents\development\m2m\src\vscp\Build\Debuglircdrv.dll
C:\Users\akhe\Documents\development\m2m\src\vscp\drivers\level1\lirc\windows\.\Debug\lircdrv.dll
C:\Users\akhe\Documents\development\m2m\src\vscp\drivers\level1\lirc\windows\.\Debug\lircdrv.dll.intermediate.manifest
C:\Users\akhe\Documents\development\m2m\src\vscp\drivers\level1\lirc\windows\Debug\BscMake.command.1.tlog
C:\Users\akhe\Documents\development\m2m\src\vscp\drivers\level1\lirc\windows\Debug\bscmake.read.1.tlog
C:\Users\akhe\Documents\development\m2m\src\vscp\drivers\level1\lirc\windows\Debug\bscmake.write.1.tlog
C:\Users\akhe\Documents\development\m2m\src\vscp\drivers\level1\lirc\windows\Debug\cl.command.1.tlog
C:\Users\akhe\Documents\development\m2m\src\vscp\drivers\level1\lirc\windows\Debug\CL.read.1.tlog
C:\Users\akhe\Documents\development\m2m\src\vscp\drivers\level1\lirc\windows\Debug\CL.write.1.tlog
C:\USERS\AKHE\DOCUMENTS\DEVELOPMENT\M2M\SRC\VSCP\DRIVERS\LEVEL1\LIRC\WINDOWS\DEBUG\DLLDRVOBJ.OBJ
C:\USERS\AKHE\DOCUMENTS\DEVELOPMENT\M2M\SRC\VSCP\DRIVERS\LEVEL1\LIRC\WINDOWS\DEBUG\DLLDRVOBJ.SBR
C:\Users\akhe\Documents\development\m2m\src\vscp\drivers\level1\lirc\windows\Debug\link.command.1.tlog
C:\Users\akhe\Documents\development\m2m\src\vscp\drivers\level1\lirc\windows\Debug\link.read.1.tlog
C:\Users\akhe\Documents\development\m2m\src\vscp\drivers\level1\lirc\windows\Debug\link.write.1.tlog
C:\USERS\AKHE\DOCUMENTS\DEVELOPMENT\M2M\SRC\VSCP\DRIVERS\LEVEL1\LIRC\WINDOWS\DEBUG\LIRCDRV.BSC
C:\USERS\AKHE\DOCUMENTS\DEVELOPMENT\M2M\SRC\VSCP\DRIVERS\LEVEL1\LIRC\WINDOWS\DEBUG\LIRCDRV.DLL
C:\USERS\AKHE\DOCUMENTS\DEVELOPMENT\M2M\SRC\VSCP\DRIVERS\LEVEL1\LIRC\WINDOWS\DEBUG\LIRCDRV.DLL.INTERMEDIATE.MANIFEST
C:\Users\akhe\Documents\development\m2m\src\vscp\drivers\level1\lirc\windows\Debug\lircdrv.exp
C:\Users\akhe\Documents\development\m2m\src\vscp\drivers\level1\lirc\windows\Debug\lircdrv.lib
C:\USERS\AKHE\DOCUMENTS\DEVELOPMENT\M2M\SRC\VSCP\DRIVERS\LEVEL1\LIRC\WINDOWS\DEBUG\LIRCDRV.OBJ
C:\USERS\AKHE\DOCUMENTS\DEVELOPMENT\M2M\SRC\VSCP\DRIVERS\LEVEL1\LIRC\WINDOWS\DEBUG\LIRCDRV.PDB
C:\USERS\AKHE\DOCUMENTS\DEVELOPMENT\M2M\SRC\VSCP\DRIVERS\LEVEL1\LIRC\WINDOWS\DEBUG\LIRCDRV.SBR
C:\Users\akhe\Documents\development\m2m\src\vscp\drivers\level1\lirc\windows\Debug\lircdrv.write.1.tlog
C:\USERS\AKHE\DOCUMENTS\DEVELOPMENT\M2M\SRC\VSCP\DRIVERS\LEVEL1\LIRC\WINDOWS\DEBUG\LIRCOBJ.OBJ
C:\USERS\AKHE\DOCUMENTS\DEVELOPMENT\M2M\SRC\VSCP\DRIVERS\LEVEL1\LIRC\WINDOWS\DEBUG\LIRCOBJ.SBR
C:\Users\akhe\Documents\development\m2m\src\vscp\drivers\level1\lirc\windows\Debug\mt.command.1.tlog
C:\Users\akhe\Documents\development\m2m\src\vscp\drivers\level1\lirc\windows\Debug\mt.read.1.tlog
C:\Users\akhe\Documents\development\m2m\src\vscp\drivers\level1\lirc\windows\Debug\mt.write.1.tlog
C:\Users\akhe\Documents\development\m2m\src\vscp\drivers\level1\lirc\windows\Debug\vc100.idb
C:\USERS\AKHE\DOCUMENTS\DEVELOPMENT\M2M\SRC\VSCP\DRIVERS\LEVEL1\LIRC\WINDOWS\DEBUG\VC100.PDB
