C:\Users\akhe\Documents\development\m2m\src\vscp\Build\Releaseccsdrv.dll
C:\Users\akhe\Documents\development\m2m\src\vscp\drivers\level1\ccsdrv\win32\ccsdrv\.\Release\ccsdrv.dll
C:\Users\akhe\Documents\development\m2m\src\vscp\drivers\level1\ccsdrv\win32\ccsdrv\.\Release\ccsdrv.dll.intermediate.manifest
C:\USERS\AKHE\DOCUMENTS\DEVELOPMENT\M2M\SRC\VSCP\DRIVERS\LEVEL1\CCSDRV\WIN32\CCSDRV\RELEASE\CCSDRV.DLL
C:\USERS\AKHE\DOCUMENTS\DEVELOPMENT\M2M\SRC\VSCP\DRIVERS\LEVEL1\CCSDRV\WIN32\CCSDRV\RELEASE\CCSDRV.DLL.INTERMEDIATE.MANIFEST
C:\Users\akhe\Documents\development\m2m\src\vscp\drivers\level1\ccsdrv\win32\ccsdrv\Release\ccsdrv.exp
C:\Users\akhe\Documents\development\m2m\src\vscp\drivers\level1\ccsdrv\win32\ccsdrv\Release\ccsdrv.lib
C:\USERS\AKHE\DOCUMENTS\DEVELOPMENT\M2M\SRC\VSCP\DRIVERS\LEVEL1\CCSDRV\WIN32\CCSDRV\RELEASE\CCSDRV.OBJ
C:\Users\akhe\Documents\development\m2m\src\vscp\drivers\level1\ccsdrv\win32\ccsdrv\Release\ccsdrv.write.1.tlog
C:\USERS\AKHE\DOCUMENTS\DEVELOPMENT\M2M\SRC\VSCP\DRIVERS\LEVEL1\CCSDRV\WIN32\CCSDRV\RELEASE\CCSOBJ.OBJ
C:\Users\akhe\Documents\development\m2m\src\vscp\drivers\level1\ccsdrv\win32\ccsdrv\Release\cl.command.1.tlog
C:\Users\akhe\Documents\development\m2m\src\vscp\drivers\level1\ccsdrv\win32\ccsdrv\Release\CL.read.1.tlog
C:\Users\akhe\Documents\development\m2m\src\vscp\drivers\level1\ccsdrv\win32\ccsdrv\Release\CL.write.1.tlog
C:\USERS\AKHE\DOCUMENTS\DEVELOPMENT\M2M\SRC\VSCP\DRIVERS\LEVEL1\CCSDRV\WIN32\CCSDRV\RELEASE\DLLDRVOBJ.OBJ
C:\USERS\AKHE\DOCUMENTS\DEVELOPMENT\M2M\SRC\VSCP\DRIVERS\LEVEL1\CCSDRV\WIN32\CCSDRV\RELEASE\DLLIST.OBJ
C:\Users\akhe\Documents\development\m2m\src\vscp\drivers\level1\ccsdrv\win32\ccsdrv\Release\link.command.1.tlog
C:\Users\akhe\Documents\development\m2m\src\vscp\drivers\level1\ccsdrv\win32\ccsdrv\Release\link.read.1.tlog
C:\Users\akhe\Documents\development\m2m\src\vscp\drivers\level1\ccsdrv\win32\ccsdrv\Release\link.write.1.tlog
C:\Users\akhe\Documents\development\m2m\src\vscp\drivers\level1\ccsdrv\win32\ccsdrv\Release\mt.command.1.tlog
C:\Users\akhe\Documents\development\m2m\src\vscp\drivers\level1\ccsdrv\win32\ccsdrv\Release\mt.read.1.tlog
C:\Users\akhe\Documents\development\m2m\src\vscp\drivers\level1\ccsdrv\win32\ccsdrv\Release\mt.write.1.tlog
C:\USERS\AKHE\DOCUMENTS\DEVELOPMENT\M2M\SRC\VSCP\DRIVERS\LEVEL1\CCSDRV\WIN32\CCSDRV\RELEASE\VC100.PDB
