.\BaseRelease\mkpasswd.bsc
C:\Users\akhe\Documents\development\m2m\src\vscp\mkpasswd\.\BaseRelease\mkpasswd.exe.intermediate.manifest
C:\Users\akhe\Documents\development\m2m\src\vscp\mkpasswd\BaseRelease\BscMake.command.1.tlog
C:\Users\akhe\Documents\development\m2m\src\vscp\mkpasswd\BaseRelease\bscmake.read.1.tlog
C:\Users\akhe\Documents\development\m2m\src\vscp\mkpasswd\BaseRelease\bscmake.write.1.tlog
C:\Users\akhe\Documents\development\m2m\src\vscp\mkpasswd\BaseRelease\cl.command.1.tlog
C:\Users\akhe\Documents\development\m2m\src\vscp\mkpasswd\BaseRelease\CL.read.1.tlog
C:\Users\akhe\Documents\development\m2m\src\vscp\mkpasswd\BaseRelease\CL.write.1.tlog
C:\Users\akhe\Documents\development\m2m\src\vscp\mkpasswd\BaseRelease\link.command.1.tlog
C:\Users\akhe\Documents\development\m2m\src\vscp\mkpasswd\BaseRelease\link.read.1.tlog
C:\Users\akhe\Documents\development\m2m\src\vscp\mkpasswd\BaseRelease\link.write.1.tlog
C:\USERS\AKHE\DOCUMENTS\DEVELOPMENT\M2M\SRC\VSCP\MKPASSWD\BASERELEASE\MD5.OBJ
C:\USERS\AKHE\DOCUMENTS\DEVELOPMENT\M2M\SRC\VSCP\MKPASSWD\BASERELEASE\MD5.SBR
C:\USERS\AKHE\DOCUMENTS\DEVELOPMENT\M2M\SRC\VSCP\MKPASSWD\BASERELEASE\MKPASSWD.BSC
C:\USERS\AKHE\DOCUMENTS\DEVELOPMENT\M2M\SRC\VSCP\MKPASSWD\BASERELEASE\MKPASSWD.EXE.INTERMEDIATE.MANIFEST
C:\USERS\AKHE\DOCUMENTS\DEVELOPMENT\M2M\SRC\VSCP\MKPASSWD\BASERELEASE\MKPASSWD.OBJ
C:\USERS\AKHE\DOCUMENTS\DEVELOPMENT\M2M\SRC\VSCP\MKPASSWD\BASERELEASE\MKPASSWD.SBR
C:\Users\akhe\Documents\development\m2m\src\vscp\mkpasswd\BaseRelease\mt.command.1.tlog
C:\Users\akhe\Documents\development\m2m\src\vscp\mkpasswd\BaseRelease\mt.read.1.tlog
C:\Users\akhe\Documents\development\m2m\src\vscp\mkpasswd\BaseRelease\mt.write.1.tlog
C:\USERS\AKHE\DOCUMENTS\DEVELOPMENT\M2M\SRC\VSCP\MKPASSWD\BASERELEASE\VC100.PDB
C:\USERS\AKHE\DOCUMENTS\DEVELOPMENT\M2M\SRC\VSCP\MKPASSWD\RELEASE\MKPASSWD.EXE
