.\Release\rawethernet.bsc
C:\Users\akhe\Documents\development\m2m\src\vscp\Build\Releaserawethernet.dll
C:\Users\akhe\Documents\development\m2m\src\vscp\drivers\level2\rawethernet\win32\.\Release\rawethernet.dll
C:\Users\akhe\Documents\development\m2m\src\vscp\drivers\level2\rawethernet\win32\.\Release\rawethernet.dll.intermediate.manifest
C:\Users\akhe\Documents\development\m2m\src\vscp\drivers\level2\rawethernet\win32\Release\BscMake.command.1.tlog
C:\Users\akhe\Documents\development\m2m\src\vscp\drivers\level2\rawethernet\win32\Release\bscmake.read.1.tlog
C:\Users\akhe\Documents\development\m2m\src\vscp\drivers\level2\rawethernet\win32\Release\bscmake.write.1.tlog
C:\Users\akhe\Documents\development\m2m\src\vscp\drivers\level2\rawethernet\win32\Release\cl.command.1.tlog
C:\Users\akhe\Documents\development\m2m\src\vscp\drivers\level2\rawethernet\win32\Release\CL.read.1.tlog
C:\Users\akhe\Documents\development\m2m\src\vscp\drivers\level2\rawethernet\win32\Release\CL.write.1.tlog
C:\USERS\AKHE\DOCUMENTS\DEVELOPMENT\M2M\SRC\VSCP\DRIVERS\LEVEL2\RAWETHERNET\WIN32\RELEASE\CRC.OBJ
C:\USERS\AKHE\DOCUMENTS\DEVELOPMENT\M2M\SRC\VSCP\DRIVERS\LEVEL2\RAWETHERNET\WIN32\RELEASE\CRC.SBR
C:\USERS\AKHE\DOCUMENTS\DEVELOPMENT\M2M\SRC\VSCP\DRIVERS\LEVEL2\RAWETHERNET\WIN32\RELEASE\DLLDRVOBJ.OBJ
C:\USERS\AKHE\DOCUMENTS\DEVELOPMENT\M2M\SRC\VSCP\DRIVERS\LEVEL2\RAWETHERNET\WIN32\RELEASE\DLLDRVOBJ.SBR
C:\USERS\AKHE\DOCUMENTS\DEVELOPMENT\M2M\SRC\VSCP\DRIVERS\LEVEL2\RAWETHERNET\WIN32\RELEASE\GUID.OBJ
C:\USERS\AKHE\DOCUMENTS\DEVELOPMENT\M2M\SRC\VSCP\DRIVERS\LEVEL2\RAWETHERNET\WIN32\RELEASE\GUID.SBR
C:\Users\akhe\Documents\development\m2m\src\vscp\drivers\level2\rawethernet\win32\Release\link.command.1.tlog
C:\Users\akhe\Documents\development\m2m\src\vscp\drivers\level2\rawethernet\win32\Release\link.read.1.tlog
C:\Users\akhe\Documents\development\m2m\src\vscp\drivers\level2\rawethernet\win32\Release\link.write.1.tlog
C:\Users\akhe\Documents\development\m2m\src\vscp\drivers\level2\rawethernet\win32\Release\mt.command.1.tlog
C:\Users\akhe\Documents\development\m2m\src\vscp\drivers\level2\rawethernet\win32\Release\mt.read.1.tlog
C:\Users\akhe\Documents\development\m2m\src\vscp\drivers\level2\rawethernet\win32\Release\mt.write.1.tlog
C:\USERS\AKHE\DOCUMENTS\DEVELOPMENT\M2M\SRC\VSCP\DRIVERS\LEVEL2\RAWETHERNET\WIN32\RELEASE\RAWETHERNET.BSC
C:\USERS\AKHE\DOCUMENTS\DEVELOPMENT\M2M\SRC\VSCP\DRIVERS\LEVEL2\RAWETHERNET\WIN32\RELEASE\RAWETHERNET.DLL
C:\USERS\AKHE\DOCUMENTS\DEVELOPMENT\M2M\SRC\VSCP\DRIVERS\LEVEL2\RAWETHERNET\WIN32\RELEASE\RAWETHERNET.DLL.INTERMEDIATE.MANIFEST
C:\Users\akhe\Documents\development\m2m\src\vscp\drivers\level2\rawethernet\win32\Release\rawethernet.exp
C:\Users\akhe\Documents\development\m2m\src\vscp\drivers\level2\rawethernet\win32\Release\rawethernet.lib
C:\USERS\AKHE\DOCUMENTS\DEVELOPMENT\M2M\SRC\VSCP\DRIVERS\LEVEL2\RAWETHERNET\WIN32\RELEASE\RAWETHERNET.OBJ
C:\USERS\AKHE\DOCUMENTS\DEVELOPMENT\M2M\SRC\VSCP\DRIVERS\LEVEL2\RAWETHERNET\WIN32\RELEASE\RAWETHERNET.SBR
C:\Users\akhe\Documents\development\m2m\src\vscp\drivers\level2\rawethernet\win32\Release\rawethernet.write.1.tlog
C:\USERS\AKHE\DOCUMENTS\DEVELOPMENT\M2M\SRC\VSCP\DRIVERS\LEVEL2\RAWETHERNET\WIN32\RELEASE\VC100.PDB
C:\USERS\AKHE\DOCUMENTS\DEVELOPMENT\M2M\SRC\VSCP\DRIVERS\LEVEL2\RAWETHERNET\WIN32\RELEASE\VSCPHELPER.OBJ
C:\USERS\AKHE\DOCUMENTS\DEVELOPMENT\M2M\SRC\VSCP\DRIVERS\LEVEL2\RAWETHERNET\WIN32\RELEASE\VSCPHELPER.SBR
C:\USERS\AKHE\DOCUMENTS\DEVELOPMENT\M2M\SRC\VSCP\DRIVERS\LEVEL2\RAWETHERNET\WIN32\RELEASE\VSCPTCPIF.OBJ
C:\USERS\AKHE\DOCUMENTS\DEVELOPMENT\M2M\SRC\VSCP\DRIVERS\LEVEL2\RAWETHERNET\WIN32\RELEASE\VSCPTCPIF.SBR
